<!DOCTYPE html>
<html lang="en">
  <head>
    <meta charset="utf-8">
    <meta name="viewport" content="width=device-width, initial-scale=1">
    <title>procrastination: Error</title>
    <link rel="shortcut icon" type="image/png" href="../../../../../favicon.png" />
    <link href="../../../../../bootstrap.min.css" rel="stylesheet">
    <link href="//maxcdn.bootstrapcdn.com/font-awesome/4.2.0/css/font-awesome.min.css" rel="stylesheet">
    <script src="../../../../../moment.min.js"></script>
    <!-- HTML5 Shim and Respond.js IE8 support of HTML5 elements and media queries -->
    <!-- WARNING: Respond.js doesn't work if you view the page via file:// -->
    <!--[if lt IE 9]>
      <script src="https://oss.maxcdn.com/html5shiv/3.7.2/html5shiv.min.js"></script>
      <script src="https://oss.maxcdn.com/respond/1.4.2/respond.min.js"></script>
    <![endif]-->
  </head>
  <body>
    <div class="container">
      <div class="navbar navbar-default" role="navigation">
        <div class="container-fluid">
          <div class="navbar-header">
            <a class="navbar-brand" href="../../../../.."><i class="fa fa-lg fa-flag-checkered"></i> Coq bench</a>
          </div>
          <div id="navbar" class="collapse navbar-collapse">
            <ul class="nav navbar-nav">
              <li><a href="../..">clean / released</a></li>
              <li class="active"><a href="">8.5.3 / procrastination - 1.2</a></li>
            </ul>
          </div>
        </div>
      </div>
      <div class="article">
        <div class="row">
          <div class="col-md-12">
            <a href="../..">« Up</a>
            <h1>
              procrastination
              <small>
                1.2
                <span class="label label-danger">Error</span>
              </small>
            </h1>
            <p><em><script>document.write(moment("2019-04-26 20:25:41 +0000", "YYYY-MM-DD HH:mm:ss Z").fromNow());</script> (2019-04-26 20:25:41 UTC)</em><p>
            <h2>Context</h2>
            <pre># Packages matching: installed
# Name        # Installed       # Synopsis
base-bigarray base
base-num      base              Num library distributed with the OCaml compiler
base-threads  base
base-unix     base
camlp5        7.06.10-g84ce6cc4 Preprocessor-pretty-printer of OCaml
coq           8.5.3             Formal proof management system.
num           0                 The Num library for arbitrary-precision integer and rational arithmetic
ocaml         4.05.0            The OCaml compiler (virtual package)
ocaml-config  1                 OCaml Switch Configuration
ocaml-system  4.05.0            The OCaml compiler (system version, from outside of opam)
# opam file:
opam-version: &quot;2.0&quot;
maintainer: &quot;armael.gueneau@inria.fr&quot;
authors: [
  &quot;Armaël Guéneau &lt;armael.gueneau@inria.fr&gt;&quot;
]
homepage: &quot;https://github.com/Armael/coq-procrastination&quot;
dev-repo: &quot;git+https://github.com/Armael/coq-procrastination.git&quot;
bug-reports: &quot;https://github.com/Armael/coq-procrastination/issues&quot;
license: &quot;LGPL&quot;
build: [
  [make &quot;-j%{jobs}%&quot;]
]
install: [
  [make &quot;install&quot;]
]
remove: [&quot;rm&quot; &quot;-R&quot; &quot;%{lib}%/coq/user-contrib/Procrastination&quot;]
depends: [
  &quot;ocaml&quot;
  &quot;coq&quot; {&gt;= &quot;8.5&quot;}
]
synopsis:
  &quot;A small library for collecting side conditions and deferring their proof&quot;
flags: light-uninstall
url {
  src: &quot;https://github.com/Armael/coq-procrastination/archive/v1.2.zip&quot;
  checksum: &quot;md5=b7533fd90b9870ae06f8b9ef31bd53e9&quot;
}
</pre>
            <h2>Lint</h2>
            <dl class="dl-horizontal">
              <dt>Command</dt>
              <dd><code>true</code></dd>
              <dt>Return code</dt>
              <dd>0</dd>
            </dl>
            <h2>Dry install</h2>
            <p>Dry install with the current Coq version:</p>
            <dl class="dl-horizontal">
              <dt>Command</dt>
              <dd><code>opam install -y --show-action coq-procrastination.1.2 coq.8.5.3</code></dd>
              <dt>Return code</dt>
              <dd>0</dd>
            </dl>
            <p>Dry install without Coq, to test if the problem was incompatibility with the current Coq version:</p>
            <dl class="dl-horizontal">
              <dt>Command</dt>
              <dd><code>true</code></dd>
              <dt>Return code</dt>
              <dd>0</dd>
            </dl>
            <h2>Install dependencies</h2>
            <dl class="dl-horizontal">
              <dt>Command</dt>
              <dd><code>opam list; ulimit -Sv 4000000; timeout 30m opam install -y --deps-only coq-procrastination.1.2</code></dd>
              <dt>Return code</dt>
              <dd>0</dd>
              <dt>Duration</dt>
              <dd>5 s</dd>
            </dl>
            <h2>Install</h2>
            <dl class="dl-horizontal">
              <dt>Command</dt>
              <dd><code>opam list; ulimit -Sv 4000000; timeout 30m opam install -j1 -y -v coq-procrastination.1.2</code></dd>
              <dt>Return code</dt>
              <dd>7936</dd>
              <dt>Duration</dt>
              <dd>8 s</dd>
              <dt>Output</dt>
              <dd><pre># Packages matching: installed
# Name        # Installed       # Synopsis
base-bigarray base
base-num      base              Num library distributed with the OCaml compiler
base-threads  base
base-unix     base
camlp5        7.06.10-g84ce6cc4 Preprocessor-pretty-printer of OCaml
coq           8.5.3             Formal proof management system.
num           0                 The Num library for arbitrary-precision integer and rational arithmetic
ocaml         4.05.0            The OCaml compiler (virtual package)
ocaml-config  1                 OCaml Switch Configuration
ocaml-system  4.05.0            The OCaml compiler (system version, from outside of opam)
The following actions will be performed:
  - install coq-procrastination 1.2
&lt;&gt;&lt;&gt; Gathering sources &gt;&lt;&gt;&lt;&gt;&lt;&gt;&lt;&gt;&lt;&gt;&lt;&gt;&lt;&gt;&lt;&gt;&lt;&gt;&lt;&gt;&lt;&gt;&lt;&gt;&lt;&gt;&lt;&gt;&lt;&gt;&lt;&gt;&lt;&gt;&lt;&gt;&lt;&gt;&lt;&gt;&lt;&gt;&lt;&gt;&lt;&gt;&lt;&gt;&lt;&gt;&lt;&gt;&lt;&gt;&lt;&gt;
Processing  1/1: [coq-procrastination.1.2: http]
[coq-procrastination.1.2] downloaded from https://github.com/Armael/coq-procrastination/archive/v1.2.zip
Processing  1/1:
&lt;&gt;&lt;&gt; Processing actions &lt;&gt;&lt;&gt;&lt;&gt;&lt;&gt;&lt;&gt;&lt;&gt;&lt;&gt;&lt;&gt;&lt;&gt;&lt;&gt;&lt;&gt;&lt;&gt;&lt;&gt;&lt;&gt;&lt;&gt;&lt;&gt;&lt;&gt;&lt;&gt;&lt;&gt;&lt;&gt;&lt;&gt;&lt;&gt;&lt;&gt;&lt;&gt;&lt;&gt;&lt;&gt;&lt;&gt;&lt;&gt;
Processing  1/2: [coq-procrastination: make]
+ /usr/bin/make &quot;-j7&quot; (CWD=/home/bench/.opam/default/.opam-switch/build/coq-procrastination.1.2)
- make[1]: Entering directory &#39;/home/bench/.opam/default/.opam-switch/build/coq-procrastination.1.2/src&#39;
- /usr/bin/make -f Makefile.coq _CoqProject
- make[2]: Entering directory &#39;/home/bench/.opam/default/.opam-switch/build/coq-procrastination.1.2/src&#39;
- make[2]: Leaving directory &#39;/home/bench/.opam/default/.opam-switch/build/coq-procrastination.1.2/src&#39;
- /usr/bin/make -f Makefile.coq all
- make[2]: Entering directory &#39;/home/bench/.opam/default/.opam-switch/build/coq-procrastination.1.2/src&#39;
- Compiling Procrastination...
- File &quot;/home/bench/.opam/default/.opam-switch/build/coq-procrastination.1.2/src/Procrastination.v&quot;, line 762, characters 2-22:
- Ltac call to &quot;defer&quot; failed.
- Error:
- In environment
- n : nat
- g : Marker.group (1 + 2 = 3 /\ ?A /\ ?B)
- Unable to unify &quot;?A&quot; with &quot;n + 1 = n&quot; (cannot instantiate 
- &quot;?A&quot; because &quot;n&quot; is not in its scope).
- Makefile.coq:148: recipe for target &#39;/home/bench/.opam/default/.opam-switch/build/coq-procrastination.1.2/src/Procrastination.vo&#39; failed
- make[2]: *** [/home/bench/.opam/default/.opam-switch/build/coq-procrastination.1.2/src/Procrastination.vo] Error 1
- make[2]: Leaving directory &#39;/home/bench/.opam/default/.opam-switch/build/coq-procrastination.1.2/src&#39;
- Makefile:26: recipe for target &#39;all&#39; failed
- make[1]: *** [all] Error 2
- make[1]: Leaving directory &#39;/home/bench/.opam/default/.opam-switch/build/coq-procrastination.1.2/src&#39;
- GNUmakefile:6: recipe for target &#39;all&#39; failed
- make: *** [all] Error 2
[ERROR] The compilation of coq-procrastination failed at &quot;/usr/bin/make -j7&quot;.
#=== ERROR while compiling coq-procrastination.1.2 ============================#
# context              2.0.1 | linux/x86_64 | ocaml-system.4.05.0 | file:///home/bench/run/opam-coq-archive/released
# path                 ~/.opam/default/.opam-switch/build/coq-procrastination.1.2
# command              /usr/bin/make -j7
# exit-code            2
# env-file             ~/.opam/log/coq-procrastination-14715-d0f245.env
# output-file          ~/.opam/log/coq-procrastination-14715-d0f245.out
### output ###
# [...]
# n : nat
# g : Marker.group (1 + 2 = 3 /\ ?A /\ ?B)
# Unable to unify &quot;?A&quot; with &quot;n + 1 = n&quot; (cannot instantiate 
# &quot;?A&quot; because &quot;n&quot; is not in its scope).
# Makefile.coq:148: recipe for target &#39;/home/bench/.opam/default/.opam-switch/build/coq-procrastination.1.2/src/Procrastination.vo&#39; failed
# make[2]: *** [/home/bench/.opam/default/.opam-switch/build/coq-procrastination.1.2/src/Procrastination.vo] Error 1
# make[2]: Leaving directory &#39;/home/bench/.opam/default/.opam-switch/build/coq-procrastination.1.2/src&#39;
# Makefile:26: recipe for target &#39;all&#39; failed
# make[1]: *** [all] Error 2
# make[1]: Leaving directory &#39;/home/bench/.opam/default/.opam-switch/build/coq-procrastination.1.2/src&#39;
# GNUmakefile:6: recipe for target &#39;all&#39; failed
# make: *** [all] Error 2
&lt;&gt;&lt;&gt; Error report &lt;&gt;&lt;&gt;&lt;&gt;&lt;&gt;&lt;&gt;&lt;&gt;&lt;&gt;&lt;&gt;&lt;&gt;&lt;&gt;&lt;&gt;&lt;&gt;&lt;&gt;&lt;&gt;&lt;&gt;&lt;&gt;&lt;&gt;&lt;&gt;&lt;&gt;&lt;&gt;&lt;&gt;&lt;&gt;&lt;&gt;&lt;&gt;&lt;&gt;&lt;&gt;&lt;&gt;&lt;&gt;&lt;&gt;&lt;&gt;&lt;&gt;
+- The following actions failed
| - build coq-procrastination 1.2
+- 
- No changes have been performed
# Run eval $(opam env) to update the current shell environment
&#39;opam install -j1 -y -v coq-procrastination.1.2&#39; failed.
</pre></dd>
            </dl>
            <h2>Installation size</h2>
            <p>No files were installed.</p>
            <h2>Uninstall</h2>
            <dl class="dl-horizontal">
              <dt>Command</dt>
              <dd><code>true</code></dd>
              <dt>Return code</dt>
              <dd>0</dd>
              <dt>Missing removes</dt>
              <dd>
                none
              </dd>
              <dt>Wrong removes</dt>
              <dd>
                none
              </dd>
            </dl>
          </div>
        </div>
      </div>
      <hr/>
      <div class="footer">
        <p class="text-center">
          <small>Sources are on <a href="https://github.com/coq-bench">GitHub</a>. © Guillaume Claret.</small>
        </p>
      </div>
    </div>
    <script src="https://ajax.googleapis.com/ajax/libs/jquery/1.11.1/jquery.min.js"></script>
    <script src="../../../../../bootstrap.min.js"></script>
  </body>
</html>
