<!DOCTYPE html>
<html lang="en">
  <head>
    <meta charset="utf-8">
    <meta name="viewport" content="width=device-width, initial-scale=1">
    <title>Coq bench</title>
    <link rel="shortcut icon" type="image/png" href="../../../../../favicon.png" />
    <link href="../../../../../bootstrap.min.css" rel="stylesheet">
    <link href="//maxcdn.bootstrapcdn.com/font-awesome/4.2.0/css/font-awesome.min.css" rel="stylesheet">
    <script src="../../../../../moment.min.js"></script>
    <!-- HTML5 Shim and Respond.js IE8 support of HTML5 elements and media queries -->
    <!-- WARNING: Respond.js doesn't work if you view the page via file:// -->
    <!--[if lt IE 9]>
      <script src="https://oss.maxcdn.com/html5shiv/3.7.2/html5shiv.min.js"></script>
      <script src="https://oss.maxcdn.com/respond/1.4.2/respond.min.js"></script>
    <![endif]-->
  </head>
  <body>
    <div class="container">
      <div class="navbar navbar-default" role="navigation">
        <div class="container-fluid">
          <div class="navbar-header">
            <button type="button" class="navbar-toggle collapsed" data-toggle="collapse" data-target="#navbar" aria-expanded="false" aria-controls="navbar">
              <span class="sr-only">Toggle navigation</span>
              <span class="icon-bar"></span>
              <span class="icon-bar"></span>
              <span class="icon-bar"></span>
            </button>
            <a class="navbar-brand" href="../../../../.."><i class="fa fa-lg fa-flag-checkered"></i> Coq bench</a>
          </div>
          <div id="navbar" class="collapse navbar-collapse">
            <ul class="nav navbar-nav">
              <li><a href="../..">clean / unstable</a></li>
              <li class="active"><a href="">8.5.dev / contrib:compcert - dev</a></li>
            </ul>
          </div>
        </div>
      </div>
      <div class="article">
        <div class="row">
          <div class="col-md-12">
            <a href="../..">« Up</a>
            <h1>
              contrib:compcert
              <small>
                dev
                <span class="label label-danger">Error</span>
              </small>
            </h1>
            <p><em><script>document.write(moment("2015-02-22 19:47:41 +0000", "YYYY-MM-DD HH:mm:ss Z").fromNow());</script> (2015-02-22 19:47:41 UTC)</em><p>
            <h2>Context</h2>
            <pre># Installed packages for system:
base-bigarray     base  Bigarray library distributed with the OCaml compiler
base-threads      base  Threads library distributed with the OCaml compiler
base-unix         base  Unix library distributed with the OCaml compiler
camlp5            6.12  Preprocessor-pretty-printer of OCaml
coq            8.5.dev  Formal proof management system.
</pre>
            <h2>Lint</h2>
            <dl class="dl-horizontal">
              <dt>Command</dt>
              <dd><code>ruby lint.rb unstable ../unstable/packages/coq:contrib:compcert/coq:contrib:compcert.dev</code></dd>
              <dt>Return code</dt>
              <dd>0</dd>
              <dt>Duration</dt>
              <dd>0 s</dd>
            </dl>
            <h2>Dry install</h2>
            <p>Dry install with the current Coq version:</p>
            <dl class="dl-horizontal">
              <dt>Command</dt>
              <dd><code>opam install -y --show-action coq:contrib:compcert.dev coq.8.5.dev</code></dd>
              <dt>Return code</dt>
              <dd>0</dd>
              <dt>Duration</dt>
              <dd>2 s</dd>
            </dl>
            <p>Dry install without Coq, to test if the problem was incompatibility with the current Coq version:</p>
            <dl class="dl-horizontal">
              <dt>Command</dt>
              <dd><code>true</code></dd>
              <dt>Return code</dt>
              <dd>0</dd>
              <dt>Duration</dt>
              <dd>0 s</dd>
            </dl>
            <h2>Install dependencies</h2>
            <dl class="dl-horizontal">
              <dt>Command</dt>
              <dd><code>ulimit -Sv 2000000; timeout 5m opam install -y --deps-only coq:contrib:compcert.dev</code></dd>
              <dt>Return code</dt>
              <dd>0</dd>
              <dt>Duration</dt>
              <dd>2 s</dd>
            </dl>
            <h2>Install</h2>
            <dl class="dl-horizontal">
              <dt>Command</dt>
              <dd><code>ulimit -Sv 2000000; timeout 30m opam install -y --verbose coq:contrib:compcert.dev</code></dd>
              <dt>Return code</dt>
              <dd>1024</dd>
              <dt>Duration</dt>
              <dd>3 m 15 s</dd>
              <dt>Output</dt>
              <dd><pre>The following actions will be performed:
  - install coq:contrib:compcert dev
=-=- Gathering sources =-=-=-=-=-=-=-=-=-=-=-=-=-=-=-=-=-=-=-=-=-=-=-=-=-=-=-=-=
[coq:contrib:compcert: from unstable] Repo archive not found[coq:contrib:compcert: git] Command started
+ git &quot;init&quot;
- Initialized empty Git repository in /home/bench/.opam/packages.dev/coq:contrib:compcert.dev/.git/
[coq:contrib:compcert: git] Command started
+ git &quot;remote&quot; &quot;add&quot; &quot;origin&quot; &quot;https://gforge.inria.fr/git/coq-contribs/compcert.git&quot;
[coq:contrib:compcert: git] Command started
+ git &quot;commit&quot; &quot;--allow-empty&quot; &quot;-m&quot; &quot;opam-git-init&quot;
- [master (root-commit) 3f6e8ab] opam-git-init
[coq:contrib:compcert: git] Command started
[coq:contrib:compcert: git] Command started
+ git &quot;fetch&quot; &quot;-q&quot; &quot;origin&quot; &quot;+trunk:refs/remotes/opam-ref&quot;
[coq:contrib:compcert: git] Command started
+ git &quot;reset&quot; &quot;--hard&quot; &quot;refs/remotes/opam-ref&quot; &quot;--&quot;
- HEAD is now at 208054d Fix contribs now that Require is no longer allowed inside modules.
[coq:contrib:compcert] https://gforge.inria.fr/git/coq-contribs/compcert.git#trunk updated
=-=- Processing actions -=-=-=-=-=-=-=-=-=-=-=-=-=-=-=-=-=-=-=-=-=-=-=-=-=-=-=-=
+ cp &quot;-PR&quot; &quot;/home/bench/.opam/packages.dev/coq:contrib:compcert.dev&quot; &quot;/home/bench/.opam/system/build/coq:contrib:compcert.dev&quot;
Copying ~/.opam/repo/unstable/packages/coq:contrib:compcert/coq:contrib:compcert.dev/files/coq:contrib:compcert.install to ~/.opam/system/build/coq:contrib:compcert.dev/
+ cp &quot;/home/bench/.opam/repo/unstable/packages/coq:contrib:compcert/coq:contrib:compcert.dev/files/coq:contrib:compcert.install&quot; &quot;/home/bench/.opam/system/build/coq:contrib:compcert.dev/coq:contrib:compcert.install&quot;
[coq:contrib:compcert: ./configure ia32-linux] Command started
+ ./configure &quot;ia32-linux&quot;
- Testing assembler support for CFI directives... yes
- 
- CompCert configuration:
-     Target architecture........... ia32
-     Application binary interface.. standard
-     OS and development env........ linux
-     C compiler.................... gcc -m32
-     C preprocessor................ gcc -m32 -U__GNUC__ -E
-     Assembler..................... gcc -m32 -c
-     Assembler supports CFI........ true
-     Assembler for runtime lib..... gcc -m32 -c
-     Linker........................ gcc -m32
-     Math library.................. -lm
-     Binaries installed in......... /usr/local/bin
-     Runtime library provided...... true
-     Library files installed in.... /usr/local/lib/compcert
-     cchecklink tool supported..... false
- 
- If anything above looks wrong, please edit file ./Makefile.config to correct.
- 
[coq:contrib:compcert: make] Command started
+ make &quot;-j4&quot;
- make proof
- make[1]: Entering directory &#39;/home/bench/.opam/system/build/coq:contrib:compcert.dev&#39;
- COQC lib/Axioms.v
- COQC lib/Coqlib.v
- ocamlopt -o tools/ndfun str.cmxa tools/ndfun.ml
- COQC flocq/Core/Fcore_Zaux.v
- COQC driver/Compopts.v
- COQC lib/Wfsimpl.v
- Preprocessing ia32/SelectOp.vp
- Preprocessing backend/SelectDiv.vp
- Preprocessing backend/SelectLong.vp
- Preprocessing ia32/ConstpropOp.vp
- File &quot;tools/ndfun.ml&quot;, line 12, characters 10-23:
- Warning 3: deprecated: String.create
- Use Bytes.create instead.
- File &quot;tools/ndfun.ml&quot;, line 14, characters 4-52:
- Warning 3: deprecated: String.set
- Use Bytes.set instead.
- COQC flocq/Core/Fcore_Raux.v
- COQC flocq/Core/Fcore_digits.v
- COQC lib/Intv.v
- COQC lib/Maps.v
- COQC lib/Integers.v
- COQC lib/Iteration.v
- COQC lib/Parmov.v
- COQC lib/UnionFind.v
- COQC lib/FSetAVLplus.v
- COQC lib/IntvSets.v
- COQC common/Errors.v
- COQC lib/Lattice.v
- COQC flocq/Core/Fcore_defs.v
- COQC lib/Postorder.v
- COQC common/Subtyping.v
- COQC flocq/Core/Fcore_float_prop.v
- COQC flocq/Core/Fcore_rnd.v
- COQC common/Switch.v
- COQC lib/Ordered.v
- COQC flocq/Calc/Fcalc_digits.v
- COQC flocq/Calc/Fcalc_bracket.v
- COQC flocq/Calc/Fcalc_ops.v
- COQC lib/Heaps.v
- COQC flocq/Core/Fcore_generic_fmt.v
- COQC flocq/Calc/Fcalc_div.v
- COQC flocq/Calc/Fcalc_sqrt.v
- COQC flocq/Core/Fcore_ulp.v
- COQC flocq/Prop/Fprop_Sterbenz.v
- COQC flocq/Prop/Fprop_plus_error.v
- COQC flocq/Core/Fcore_rnd_ne.v
- COQC flocq/Core/Fcore_FIX.v
- COQC flocq/Core/Fcore_FLX.v
- COQC flocq/Core/Fcore_FLT.v
- COQC flocq/Core/Fcore_FTZ.v
- COQC flocq/Core/Fcore.v
- COQC flocq/Calc/Fcalc_round.v
- COQC flocq/Prop/Fprop_mult_error.v
- COQC flocq/Prop/Fprop_relative.v
- COQC flocq/Appli/Fappli_rnd_odd.v
- COQC flocq/Prop/Fprop_div_sqrt_error.v
- COQC flocq/Appli/Fappli_IEEE.v
- COQC backend/Kildall.v
- COQC flocq/Appli/Fappli_IEEE_bits.v
- COQC ia32/Archi.v
- COQC lib/Floats.v
- COQC common/AST.v
- COQC common/Values.v
- COQC backend/Registers.v
- COQC cfrontend/Ctypes.v
- COQC common/Memdata.v
- COQC common/Memtype.v
- COQC common/Memory.v
- COQC common/Globalenvs.v
- COQC cfrontend/Cop.v
- COQC cfrontend/Csyntax.v
- COQC common/Events.v
- COQC cfrontend/Initializers.v
- COQC common/Smallstep.v
- COQC ia32/Op.v
- Makefile:201: recipe for target &#39;ia32/Op.vo&#39; failed
- Fatal error: out of memory.
- make[1]: *** [ia32/Op.vo] Error 2
- make[1]: *** Waiting for unfinished jobs....
- make[1]: Leaving directory &#39;/home/bench/.opam/system/build/coq:contrib:compcert.dev&#39;
- Makefile:129: recipe for target &#39;all&#39; failed
- make: *** [all] Error 2
[ERROR] The compilation of coq:contrib:compcert failed at &quot;make -j4&quot;.
#=== ERROR while installing coq:contrib:compcert.dev ==========================#
# opam-version         1.2.1
# os                   linux
# command              make -j4
# path                 /home/bench/.opam/system/build/coq:contrib:compcert.dev
# compiler             system (4.02.1)
# exit-code            2
# env-file             /home/bench/.opam/system/build/coq:contrib:compcert.dev/coq:contrib:compcert-7032-ad8886.env
# stdout-file          /home/bench/.opam/system/build/coq:contrib:compcert.dev/coq:contrib:compcert-7032-ad8886.out
# stderr-file          /home/bench/.opam/system/build/coq:contrib:compcert.dev/coq:contrib:compcert-7032-ad8886.err
### stdout ###
# COQC common/Globalenvs.v
# [...]
# COQC cfrontend/Cop.v
# COQC cfrontend/Csyntax.v
# COQC common/Events.v
# COQC cfrontend/Initializers.v
# COQC common/Smallstep.v
# COQC ia32/Op.v
# Makefile:201: recipe for target &#39;ia32/Op.vo&#39; failed
# make[1]: Leaving directory &#39;/home/bench/.opam/system/build/coq:contrib:compcert.dev&#39;
# Makefile:129: recipe for target &#39;all&#39; failed
### stderr ###
# File &quot;tools/ndfun.ml&quot;, line 12, characters 10-23:
# [...]
# Warning 3: deprecated: String.create
# Use Bytes.create instead.
# File &quot;tools/ndfun.ml&quot;, line 14, characters 4-52:
# Warning 3: deprecated: String.set
# Use Bytes.set instead.
# Fatal error: out of memory.
# make[1]: *** [ia32/Op.vo] Error 2
# make[1]: *** Waiting for unfinished jobs....
# make: *** [all] Error 2
=-=- Error report -=-=-=-=-=-=-=-=-=-=-=-=-=-=-=-=-=-=-=-=-=-=-=-=-=-=-=-=-=-=-=
The following actions failed
  - install coq:contrib:compcert dev
No changes have been performed
&#39;opam install -y --verbose coq:contrib:compcert.dev&#39; failed.
</pre></dd>
            </dl>
            <h2>Installation size</h2>
            <p>No files were installed.</p>
            <h2>Uninstall</h2>
            <dl class="dl-horizontal">
              <dt>Command</dt>
              <dd><code>true</code></dd>
              <dt>Return code</dt>
              <dd>0</dd>
              <dt>Duration</dt>
              <dd>0 s</dd>
              <dt>Missing removes</dt>
              <dd>
                none
              </dd>
              <dt>Wrong removes</dt>
              <dd>
                none
              </dd>
            </dl>
          </div>
        </div>
      </div>
      <hr/>
      <div class="footer">
        <p class="text-center">
          <small>Sources are on <a href="https://github.com/coq-bench">GitHub</a>. © Guillaume Claret.</small>
        </p>
      </div>
    </div>
    <script src="https://ajax.googleapis.com/ajax/libs/jquery/1.11.1/jquery.min.js"></script>
    <script src="../../../../../bootstrap.min.js"></script>
  </body>
</html>