<!DOCTYPE html>
<html lang="en">
  <head>
    <meta charset="utf-8">
    <meta name="viewport" content="width=device-width, initial-scale=1">
    <title>Coq bench</title>
    <link rel="shortcut icon" type="image/png" href="../../../../../favicon.png" />
    <link href="../../../../../bootstrap.min.css" rel="stylesheet">
    <link href="//maxcdn.bootstrapcdn.com/font-awesome/4.2.0/css/font-awesome.min.css" rel="stylesheet">
    <script src="../../../../../moment.min.js"></script>
    <!-- HTML5 Shim and Respond.js IE8 support of HTML5 elements and media queries -->
    <!-- WARNING: Respond.js doesn't work if you view the page via file:// -->
    <!--[if lt IE 9]>
      <script src="https://oss.maxcdn.com/html5shiv/3.7.2/html5shiv.min.js"></script>
      <script src="https://oss.maxcdn.com/respond/1.4.2/respond.min.js"></script>
    <![endif]-->
  </head>
  <body>
    <div class="container">
      <div class="navbar navbar-default" role="navigation">
        <div class="container-fluid">
          <div class="navbar-header">
            <button type="button" class="navbar-toggle collapsed" data-toggle="collapse" data-target="#navbar" aria-expanded="false" aria-controls="navbar">
              <span class="sr-only">Toggle navigation</span>
              <span class="icon-bar"></span>
              <span class="icon-bar"></span>
              <span class="icon-bar"></span>
            </button>
            <a class="navbar-brand" href="../../../../.."><i class="fa fa-lg fa-flag-checkered"></i> Coq bench</a>
          </div>
          <div id="navbar" class="collapse navbar-collapse">
            <ul class="nav navbar-nav">
              <li><a href="../..">clean / unstable</a></li>
              <li class="active"><a href="">8.5.dev / io:evaluate - 1.0.0</a></li>
            </ul>
          </div>
        </div>
      </div>
      <div class="article">
        <div class="row">
          <div class="col-md-12">
            <a href="../..">« Up</a>
            <h1>
              io:evaluate
              <small>
                1.0.0
                <span class="label label-danger">Error</span>
              </small>
            </h1>
            <p><em><script>document.write(moment("2015-06-15 00:34:29 +0000", "YYYY-MM-DD HH:mm:ss Z").fromNow());</script> (2015-06-15 00:34:29 UTC)</em><p>
            <h2>Context</h2>
            <pre># Installed packages for system:
base-bigarray     base  Bigarray library distributed with the OCaml compiler
base-threads      base  Threads library distributed with the OCaml compiler
base-unix         base  Unix library distributed with the OCaml compiler
camlp5            6.12  Preprocessor-pretty-printer of OCaml
coq            8.5.dev  Formal proof management system.
</pre>
            <h2>Lint</h2>
            <dl class="dl-horizontal">
              <dt>Command</dt>
              <dd><code>ruby lint.rb stable ../stable/packages/coq:io:evaluate/coq:io:evaluate.1.0.0</code></dd>
              <dt>Return code</dt>
              <dd>0</dd>
            </dl>
            <h2>Dry install</h2>
            <p>Dry install with the current Coq version:</p>
            <dl class="dl-horizontal">
              <dt>Command</dt>
              <dd><code>opam install -y --show-action coq:io:evaluate.1.0.0 coq.8.5.dev</code></dd>
              <dt>Return code</dt>
              <dd>0</dd>
            </dl>
            <p>Dry install without Coq, to test if the problem was incompatibility with the current Coq version:</p>
            <dl class="dl-horizontal">
              <dt>Command</dt>
              <dd><code>true</code></dd>
              <dt>Return code</dt>
              <dd>0</dd>
            </dl>
            <h2>Install dependencies</h2>
            <dl class="dl-horizontal">
              <dt>Command</dt>
              <dd><code>opam list; ulimit -Sv 1000000; timeout 5m opam install -y --deps-only coq:io:evaluate.1.0.0</code></dd>
              <dt>Return code</dt>
              <dd>0</dd>
              <dt>Duration</dt>
              <dd>3 s</dd>
            </dl>
            <h2>Install</h2>
            <dl class="dl-horizontal">
              <dt>Command</dt>
              <dd><code>opam list; ulimit -Sv 4000000; timeout 120m opam install -y -v coq:io:evaluate.1.0.0</code></dd>
              <dt>Return code</dt>
              <dd>1024</dd>
              <dt>Duration</dt>
              <dd>3 s</dd>
              <dt>Output</dt>
              <dd><pre># Installed packages for system:
base-bigarray           base  Bigarray library distributed with the OCaml compil
base-threads            base  Threads library distributed with the OCaml compile
base-unix               base  Unix library distributed with the OCaml compiler
camlp5                  6.12  Preprocessor-pretty-printer of OCaml
coq                  8.5.dev  Formal proof management system.
coq:function-ninjas      dev  Write readable code using simple functional combin
coq:io                   dev  A library for effects in Coq.
The following actions will be performed:
  - install coq:io:evaluate 1.0.0
=-=- Gathering sources =-=-=-=-=-=-=-=-=-=-=-=-=-=-=-=-=-=-=-=-=-=-=-=-=-=-=-=-=
[coq:io:evaluate: http] Command started
[coq:io:evaluate: http] Command started
[coq:io:evaluate.1.0.0] https://github.com/clarus/io-evaluate/archive/1.0.0.tar.gz downloaded
=-=- Processing actions -=-=-=-=-=-=-=-=-=-=-=-=-=-=-=-=-=-=-=-=-=-=-=-=-=-=-=-=
[coq:io:evaluate: ./configure.sh] Command started
+ ./configure.sh  (CWD=/home/bench/.opam/system/build/coq:io:evaluate.1.0.0)
[coq:io:evaluate: make] Command started
+ make &quot;-j4&quot; (CWD=/home/bench/.opam/system/build/coq:io:evaluate.1.0.0)
- &quot;coqdep&quot; -c -R &quot;src&quot; Io &quot;src/Evaluate.v&quot; &gt; &quot;src/Evaluate.v.d&quot; || ( RV=$?; rm -f &quot;src/Evaluate.v.d&quot;; exit ${RV} )
- &quot;coqc&quot;  -q  -R &quot;src&quot; Io   src/Evaluate
- Makefile:244: recipe for target &#39;src/Evaluate.vo&#39; failed
- File &quot;./src/Evaluate.v&quot;, line 18, characters 0-816:
- Error: Illegal application: 
- The term &quot;sum&quot; of type &quot;Type -&gt; Type -&gt; Type&quot;
- cannot be applied to the terms
-  &quot;T&quot; : &quot;Type&quot;
-  &quot;Exc&quot; : &quot;Type&quot;
- The 1st term has type &quot;Type@{Io.C.1}&quot; which should be coercible to
-  &quot;Type@{Coq.Init.Datatypes.19}&quot;.
- make: *** [src/Evaluate.vo] Error 1
[ERROR] The compilation of coq:io:evaluate failed at &quot;make -j4&quot;.
[coq:io:evaluate: rm] Command started
+ rm &quot;-R&quot; &quot;/home/bench/.opam/system/lib/coq/user-contrib/Io/Evaluate.vo&quot; (CWD=/home/bench/.opam/system/build/coq:io:evaluate.1.0.0)
- rm: cannot remove &#39;/home/bench/.opam/system/lib/coq/user-contrib/Io/Evaluate.vo&#39;: No such file or directory
#=== ERROR while installing coq:io:evaluate.1.0.0 =============================#
# opam-version         1.2.2
# os                   linux
# command              make -j4
# path                 /home/bench/.opam/system/build/coq:io:evaluate.1.0.0
# compiler             system (4.02.1)
# exit-code            2
# env-file             /home/bench/.opam/system/build/coq:io:evaluate.1.0.0/coq:io:evaluate-608-c61e7b.env
# stdout-file          /home/bench/.opam/system/build/coq:io:evaluate.1.0.0/coq:io:evaluate-608-c61e7b.out
# stderr-file          /home/bench/.opam/system/build/coq:io:evaluate.1.0.0/coq:io:evaluate-608-c61e7b.err
### stdout ###
# &quot;coqdep&quot; -c -R &quot;src&quot; Io &quot;src/Evaluate.v&quot; &gt; &quot;src/Evaluate.v.d&quot; || ( RV=$?; rm -f &quot;src/Evaluate.v.d&quot;; exit ${RV} )
# &quot;coqc&quot;  -q  -R &quot;src&quot; Io   src/Evaluate
# Makefile:244: recipe for target &#39;src/Evaluate.vo&#39; failed
### stderr ###
# File &quot;./src/Evaluate.v&quot;, line 18, characters 0-816:
# Error: Illegal application: 
# The term &quot;sum&quot; of type &quot;Type -&gt; Type -&gt; Type&quot;
# cannot be applied to the terms
#  &quot;T&quot; : &quot;Type&quot;
#  &quot;Exc&quot; : &quot;Type&quot;
# The 1st term has type &quot;Type@{Io.C.1}&quot; which should be coercible to
#  &quot;Type@{Coq.Init.Datatypes.19}&quot;.
# make: *** [src/Evaluate.vo] Error 1
=-=- Error report -=-=-=-=-=-=-=-=-=-=-=-=-=-=-=-=-=-=-=-=-=-=-=-=-=-=-=-=-=-=-=
The following actions failed
  - install coq:io:evaluate 1.0.0
No changes have been performed
&#39;opam install -y -v coq:io:evaluate.1.0.0&#39; failed.
</pre></dd>
            </dl>
            <h2>Installation size</h2>
            <p>No files were installed.</p>
            <h2>Uninstall</h2>
            <dl class="dl-horizontal">
              <dt>Command</dt>
              <dd><code>true</code></dd>
              <dt>Return code</dt>
              <dd>0</dd>
              <dt>Missing removes</dt>
              <dd>
                none
              </dd>
              <dt>Wrong removes</dt>
              <dd>
                none
              </dd>
            </dl>
          </div>
        </div>
      </div>
      <hr/>
      <div class="footer">
        <p class="text-center">
          <small>Sources are on <a href="https://github.com/coq-bench">GitHub</a>. © Guillaume Claret.</small>
        </p>
      </div>
    </div>
    <script src="https://ajax.googleapis.com/ajax/libs/jquery/1.11.1/jquery.min.js"></script>
    <script src="../../../../../bootstrap.min.js"></script>
  </body>
</html>
