<!DOCTYPE html>
<html lang="en">
  <head>
    <meta charset="utf-8">
    <meta name="viewport" content="width=device-width, initial-scale=1">
    <title>Coq bench</title>
    <link rel="shortcut icon" type="image/png" href="../../../../../favicon.png" />
    <link href="../../../../../bootstrap.min.css" rel="stylesheet">
    <link href="//maxcdn.bootstrapcdn.com/font-awesome/4.2.0/css/font-awesome.min.css" rel="stylesheet">
    <script src="../../../../../moment.min.js"></script>
    <!-- HTML5 Shim and Respond.js IE8 support of HTML5 elements and media queries -->
    <!-- WARNING: Respond.js doesn't work if you view the page via file:// -->
    <!--[if lt IE 9]>
      <script src="https://oss.maxcdn.com/html5shiv/3.7.2/html5shiv.min.js"></script>
      <script src="https://oss.maxcdn.com/respond/1.4.2/respond.min.js"></script>
    <![endif]-->
  </head>
  <body>
    <div class="container">
      <div class="navbar navbar-default" role="navigation">
        <div class="container-fluid">
          <div class="navbar-header">
            <a class="navbar-brand" href="../../../../.."><i class="fa fa-lg fa-flag-checkered"></i> Coq bench</a>
          </div>
          <div id="navbar" class="collapse navbar-collapse">
            <ul class="nav navbar-nav">
              <li><a href="../..">clean / released</a></li>
              <li class="active"><a href="">8.4.dev / interval - 3.1.0</a></li>
            </ul>
          </div>
        </div>
      </div>
      <div class="article">
        <div class="row">
          <div class="col-md-12">
            <a href="../..">« Up</a>
            <h1>
              interval
              <small>
                3.1.0
                <span class="label label-warning">Error with dependencies</span>
              </small>
            </h1>
            <p><em><script>document.write(moment("2017-10-25 01:18:03 +0000", "YYYY-MM-DD HH:mm:ss Z").fromNow());</script> (2017-10-25 01:18:03 UTC)</em><p>
            <h2>Context</h2>
            <pre># Installed packages for system:
base-bigarray     base  Bigarray library distributed with the OCaml compiler
base-threads      base  Threads library distributed with the OCaml compiler
base-unix         base  Unix library distributed with the OCaml compiler
camlp5            7.01  Preprocessor-pretty-printer of OCaml
coq            8.4.dev  Formal proof management system.
</pre>
            <h2>Lint</h2>
            <dl class="dl-horizontal">
              <dt>Command</dt>
              <dd><code>ruby lint.rb released opam-coq-archive/released/packages/coq-interval/coq-interval.3.1.0</code></dd>
              <dt>Return code</dt>
              <dd>0</dd>
            </dl>
            <h2>Dry install</h2>
            <p>Dry install with the current Coq version:</p>
            <dl class="dl-horizontal">
              <dt>Command</dt>
              <dd><code>opam install -y --show-action coq-interval.3.1.0 coq.8.4.dev</code></dd>
              <dt>Return code</dt>
              <dd>0</dd>
            </dl>
            <p>Dry install without Coq, to test if the problem was incompatibility with the current Coq version:</p>
            <dl class="dl-horizontal">
              <dt>Command</dt>
              <dd><code>true</code></dd>
              <dt>Return code</dt>
              <dd>0</dd>
            </dl>
            <h2>Install dependencies</h2>
            <dl class="dl-horizontal">
              <dt>Command</dt>
              <dd><code>opam list; ulimit -Sv 4000000; timeout 30m opam install -y --deps-only coq-interval.3.1.0</code></dd>
              <dt>Return code</dt>
              <dd>1024</dd>
              <dt>Duration</dt>
              <dd>4 m 14 s</dd>
              <dt>Output</dt>
              <dd><pre># Installed packages for system:
base-bigarray     base  Bigarray library distributed with the OCaml compiler
base-threads      base  Threads library distributed with the OCaml compiler
base-unix         base  Unix library distributed with the OCaml compiler
camlp5            7.01  Preprocessor-pretty-printer of OCaml
coq            8.4.dev  Formal proof management system.
The following actions will be performed:
  - install coq-mathcomp-ssreflect 1.6.2
  - install coq-flocq              2.6.0
  - install coq-coquelicot         2.1.1
===== 3 to install =====
=-=- Gathering sources =-=-=-=-=-=-=-=-=-=-=-=-=-=-=-=-=-=-=-=-=-=-=-=-=-=-=-=-=
[coq-coquelicot: http] Command started
[coq-flocq: http] Command started
[coq-mathcomp-ssreflect: http] Command started
[coq-flocq: http] Command started
[coq-coquelicot: http] Command started
[coq-flocq.2.6.0] https://gforge.inria.fr/frs/download.php/file/37054/flocq-2.6.0.tar.gz downloaded
[coq-coquelicot.2.1.1] https://gforge.inria.fr/frs/download.php/file/35429/coquelicot-2.1.1.tar.gz downloaded
[coq-mathcomp-ssreflect: http] Command started
[coq-mathcomp-ssreflect.1.6.2] http://github.com/math-comp/math-comp/archive/mathcomp-1.6.2.tar.gz downloaded
=-=- Processing actions -=-=-=-=-=-=-=-=-=-=-=-=-=-=-=-=-=-=-=-=-=-=-=-=-=-=-=-=
[coq-flocq: ./configure] Command started
[coq-mathcomp-ssreflect: make 6] Command started
[ERROR] The compilation of coq-mathcomp-ssreflect failed at &quot;make -C
        mathcomp/ssreflect -j 6&quot;.
[coq-mathcomp-ssreflect: sh] Command started
[coq-flocq: ./remake] Command started
[coq-flocq: ./remake install] Command started
-&gt; installed coq-flocq.2.6.0
#=== ERROR while installing coq-mathcomp-ssreflect.1.6.2 ======================#
# opam-version         1.2.2
# os                   linux
# command              make -C mathcomp/ssreflect -j 6
# path                 /home/bench/.opam/system/build/coq-mathcomp-ssreflect.1.6.2
# compiler             system (4.03.0)
# exit-code            2
# env-file             /home/bench/.opam/system/build/coq-mathcomp-ssreflect.1.6.2/coq-mathcomp-ssreflect-30226-6cc03f.env
# stdout-file          /home/bench/.opam/system/build/coq-mathcomp-ssreflect.1.6.2/coq-mathcomp-ssreflect-30226-6cc03f.out
# stderr-file          /home/bench/.opam/system/build/coq-mathcomp-ssreflect.1.6.2/coq-mathcomp-ssreflect-30226-6cc03f.err
### stdout ###
# [...]
# ../../etc/utils/ssrcoqdep -exclude-dir plugin -c -slash -R . mathcomp.ssreflect &quot;prime.v&quot; &gt; &quot;prime.v.d&quot; || ( RV=$?; rm -f &quot;prime.v.d&quot;; exit ${RV} )
# ../../etc/utils/ssrcoqdep -exclude-dir plugin -c -slash -R . mathcomp.ssreflect &quot;tuple.v&quot; &gt; &quot;tuple.v.d&quot; || ( RV=$?; rm -f &quot;tuple.v.d&quot;; exit ${RV} )
# ../../etc/utils/ssrcoqdep -exclude-dir plugin -c -slash -R . mathcomp.ssreflect &quot;ssrnotations.v&quot; &gt; &quot;ssrnotations.v.d&quot; || ( RV=$?; rm -f &quot;ssrnotations.v.d&quot;; exit ${RV} )
# &quot;coqc&quot;  -q  -R . mathcomp.ssreflect   ssrnotations
# &quot;coqc&quot;  -q  -R . mathcomp.ssreflect   eqtype
# File &quot;/home/bench/.opam/system/build/coq-mathcomp-ssreflect.1.6.2/mathcomp/ssreflect/eqtype.v&quot;, line 3, characters 0-44:
# Error: Cannot find library mathcomp.ssreflect.ssreflect in loadpath
# Makefile.coq:339: recipe for target &#39;eqtype.vo&#39; failed
# Makefile:24: recipe for target &#39;all&#39; failed
# make: Leaving directory &#39;/home/bench/.opam/system/build/coq-mathcomp-ssreflect.1.6.2/mathcomp/ssreflect&#39;
### stderr ###
# [...]
# *** Warning: in file prime.v, library mathcomp.ssreflect.ssreflect.v is required and has not been found in loadpath!
# *** Warning: in file prime.v, library ssrfun.v is required and has not been found in loadpath!
# *** Warning: in file prime.v, library ssrbool.v is required and has not been found in loadpath!
# calling coqdep on -exclude-dir plugin -c -slash -R . mathcomp.ssreflect tuple.v
# *** Warning: in file tuple.v, library mathcomp.ssreflect.ssreflect.v is required and has not been found in loadpath!
# *** Warning: in file tuple.v, library ssrfun.v is required and has not been found in loadpath!
# *** Warning: in file tuple.v, library ssrbool.v is required and has not been found in loadpath!
# calling coqdep on -exclude-dir plugin -c -slash -R . mathcomp.ssreflect ssrnotations.v
# make[1]: *** [eqtype.vo] Error 1
# make: *** [all] Error 2
=-=- Error report -=-=-=-=-=-=-=-=-=-=-=-=-=-=-=-=-=-=-=-=-=-=-=-=-=-=-=-=-=-=-=
The following actions were aborted
  - install coq-coquelicot 2.1.1
The following actions failed
  - install coq-mathcomp-ssreflect 1.6.2
The following changes have been performed
  - install coq-flocq 2.6.0
The former state can be restored with:
    opam switch import &quot;~/.opam/system/backup/state-20170924145341.export&quot;
</pre></dd>
            </dl>
            <h2>Install</h2>
            <dl class="dl-horizontal">
              <dt>Command</dt>
              <dd><code>true</code></dd>
              <dt>Return code</dt>
              <dd>0</dd>
              <dt>Duration</dt>
              <dd>0 s</dd>
            </dl>
            <h2>Installation size</h2>
            <p>No files were installed.</p>
            <h2>Uninstall</h2>
            <dl class="dl-horizontal">
              <dt>Command</dt>
              <dd><code>true</code></dd>
              <dt>Return code</dt>
              <dd>0</dd>
              <dt>Missing removes</dt>
              <dd>
                none
              </dd>
              <dt>Wrong removes</dt>
              <dd>
                none
              </dd>
            </dl>
          </div>
        </div>
      </div>
      <hr/>
      <div class="footer">
        <p class="text-center">
          <small>Sources are on <a href="https://github.com/coq-bench">GitHub</a>. © Guillaume Claret.</small>
        </p>
      </div>
    </div>
    <script src="https://ajax.googleapis.com/ajax/libs/jquery/1.11.1/jquery.min.js"></script>
    <script src="../../../../../bootstrap.min.js"></script>
  </body>
</html>
