<!DOCTYPE html>
<html lang="en">
  <head>
    <meta charset="utf-8">
    <meta name="viewport" content="width=device-width, initial-scale=1">
    <title>Coq bench</title>
    <link rel="shortcut icon" type="image/png" href="../../../../../favicon.png" />
    <link href="../../../../../bootstrap.min.css" rel="stylesheet">
    <link href="//maxcdn.bootstrapcdn.com/font-awesome/4.2.0/css/font-awesome.min.css" rel="stylesheet">
    <script src="../../../../../moment.min.js"></script>
    <!-- HTML5 Shim and Respond.js IE8 support of HTML5 elements and media queries -->
    <!-- WARNING: Respond.js doesn't work if you view the page via file:// -->
    <!--[if lt IE 9]>
      <script src="https://oss.maxcdn.com/html5shiv/3.7.2/html5shiv.min.js"></script>
      <script src="https://oss.maxcdn.com/respond/1.4.2/respond.min.js"></script>
    <![endif]-->
  </head>
  <body>
    <div class="container">
      <div class="navbar navbar-default" role="navigation">
        <div class="container-fluid">
          <div class="navbar-header">
            <button type="button" class="navbar-toggle collapsed" data-toggle="collapse" data-target="#navbar" aria-expanded="false" aria-controls="navbar">
              <span class="sr-only">Toggle navigation</span>
              <span class="icon-bar"></span>
              <span class="icon-bar"></span>
              <span class="icon-bar"></span>
            </button>
            <a class="navbar-brand" href="../../../../.."><i class="fa fa-lg fa-flag-checkered"></i> Coq bench</a>
          </div>
          <div id="navbar" class="collapse navbar-collapse">
            <ul class="nav navbar-nav">
              <li><a href="../..">clean / unstable</a></li>
              <li class="active"><a href="">dev / coq-of-ocaml - dev</a></li>
            </ul>
          </div>
        </div>
      </div>
      <div class="article">
        <div class="row">
          <div class="col-md-12">
            <a href="../..">« Up</a>
            <h1>
              coq-of-ocaml
              <small>
                dev
                <span class="label label-danger">Error</span>
              </small>
            </h1>
            <p><em><script>document.write(moment("2015-03-13 14:04:16 +0000", "YYYY-MM-DD HH:mm:ss Z").fromNow());</script> (2015-03-13 14:04:16 UTC)</em><p>
            <h2>Context</h2>
            <pre># Installed packages for system:
base-bigarray  base  Bigarray library distributed with the OCaml compiler
base-threads   base  Threads library distributed with the OCaml compiler
base-unix      base  Unix library distributed with the OCaml compiler
camlp5         6.12  Preprocessor-pretty-printer of OCaml
coq             dev  Formal proof management system.
</pre>
            <h2>Lint</h2>
            <dl class="dl-horizontal">
              <dt>Command</dt>
              <dd><code>ruby lint.rb unstable ../unstable/packages/coq:coq-of-ocaml/coq:coq-of-ocaml.dev</code></dd>
              <dt>Return code</dt>
              <dd>0</dd>
              <dt>Duration</dt>
              <dd>0 s</dd>
            </dl>
            <h2>Dry install</h2>
            <p>Dry install with the current Coq version:</p>
            <dl class="dl-horizontal">
              <dt>Command</dt>
              <dd><code>opam install -y --show-action coq:coq-of-ocaml.dev coq.dev</code></dd>
              <dt>Return code</dt>
              <dd>0</dd>
              <dt>Duration</dt>
              <dd>2 s</dd>
            </dl>
            <p>Dry install without Coq, to test if the problem was incompatibility with the current Coq version:</p>
            <dl class="dl-horizontal">
              <dt>Command</dt>
              <dd><code>true</code></dd>
              <dt>Return code</dt>
              <dd>0</dd>
              <dt>Duration</dt>
              <dd>0 s</dd>
            </dl>
            <h2>Install dependencies</h2>
            <dl class="dl-horizontal">
              <dt>Command</dt>
              <dd><code>ulimit -Sv 1000000; timeout 5m opam install -y --deps-only coq:coq-of-ocaml.dev</code></dd>
              <dt>Return code</dt>
              <dd>0</dd>
              <dt>Duration</dt>
              <dd>15 s</dd>
            </dl>
            <h2>Install</h2>
            <dl class="dl-horizontal">
              <dt>Command</dt>
              <dd><code>ulimit -Sv 4000000; timeout 120m opam install -y --verbose coq:coq-of-ocaml.dev</code></dd>
              <dt>Return code</dt>
              <dd>1024</dd>
              <dt>Duration</dt>
              <dd>14 s</dd>
              <dt>Output</dt>
              <dd><pre>The following actions will be performed:
 - install   coq:coq-of-ocaml.dev
=== 1 to install ===
=-=- Synchronizing package archives -=-=-=-=-=-=-=-=-=-=-=-=-=-=-=-=-=-=-=-=-=-=
[coq:coq-of-ocaml] Fetching https://github.com/clarus/coq-of-ocaml
Initialized empty Git repository in /home/bench/.opam/packages.dev/coq:coq-of-ocaml.dev/.git/
[master (root-commit) c9d32c6] opam-git-init
warning: no common commits
From https://github.com/clarus/coq-of-ocaml
 * [new ref]                    -&gt; opam-ref
.gitignore
CoqOfOCaml/Basics.v.erb
CoqOfOCaml/Effect.v
CoqOfOCaml/Libraries.v
CoqOfOCaml/List.v
CoqOfOCaml/Make
CoqOfOCaml/OCaml.v
CoqOfOCaml/configure.sh
CoqOfOCaml/pp.rb
Dockerfile
LICENSE
Makefile
README.md
coq:coq-of-ocaml.install
interfaces/list.interface
smartPrint/smartPrint.ml
src/attribute.ml
src/boundName.ml
src/constant.ml
src/coqOfOCaml.ml
src/effect.ml
src/envi.ml
src/error.ml
src/exception.ml
src/exp.ml
src/fullEnvi.ml
src/interface.ml
src/loc.ml
src/name.ml
src/open.ml
src/pathName.ml
src/pattern.ml
src/pervasivesModule.ml
src/pp.ml
src/recursivity.ml
src/reference.ml
src/structure.ml
src/type.ml
src/typeDefinition.ml
test.rb
tests/ex01.effects
tests/ex01.exp
tests/ex01.interface
tests/ex01.ml
tests/ex01.monadise
tests/ex01.v
tests/ex02.effects
tests/ex02.exp
tests/ex02.interface
tests/ex02.ml
tests/ex02.monadise
tests/ex02.v
tests/ex03.effects
tests/ex03.exp
tests/ex03.interface
tests/ex03.ml
tests/ex03.monadise
tests/ex03.v
tests/ex04.effects
tests/ex04.exp
tests/ex04.interface
tests/ex04.ml
tests/ex04.monadise
tests/ex04.v
tests/ex05.effects
tests/ex05.exp
tests/ex05.interface
tests/ex05.ml
tests/ex05.monadise
tests/ex05.v
tests/ex06.effects
tests/ex06.exp
tests/ex06.interface
tests/ex06.ml
tests/ex06.monadise
tests/ex06.v
tests/ex07.effects
tests/ex07.exp
tests/ex07.interface
tests/ex07.ml
tests/ex07.monadise
tests/ex07.v
tests/ex08.effects
tests/ex08.exp
tests/ex08.interface
tests/ex08.ml
tests/ex08.monadise
tests/ex08.v
tests/ex09.effects
tests/ex09.exp
tests/ex09.interface
tests/ex09.ml
tests/ex09.monadise
tests/ex09.v
tests/ex10.effects
tests/ex10.exp
tests/ex10.interface
tests/ex10.ml
tests/ex10.monadise
tests/ex10.v
tests/ex11.effects
tests/ex11.exp
tests/ex11.interface
tests/ex11.ml
tests/ex11.monadise
tests/ex11.v
tests/ex12.effects
tests/ex12.exp
tests/ex12.interface
tests/ex12.ml
tests/ex12.monadise
tests/ex12.v
tests/ex13.effects
tests/ex13.exp
tests/ex13.interface
tests/ex13.ml
tests/ex13.monadise
tests/ex13.v
tests/ex14.effects
tests/ex14.exp
tests/ex14.interface
tests/ex14.ml
tests/ex14.monadise
tests/ex14.v
tests/ex15.effects
tests/ex15.exp
tests/ex15.interface
tests/ex15.ml
tests/ex15.monadise
tests/ex15.v
tests/ex16.effects
tests/ex16.exp
tests/ex16.interface
tests/ex16.ml
tests/ex16.monadise
tests/ex16.v
tests/ex17.effects
tests/ex17.exp
tests/ex17.interface
tests/ex17.ml
tests/ex17.monadise
tests/ex17.v
tests/ex18.effects
tests/ex18.exp
tests/ex18.interface
tests/ex18.ml
tests/ex18.monadise
tests/ex18.v
tests/ex19.effects
tests/ex19.exp
tests/ex19.interface
tests/ex19.ml
tests/ex19.monadise
tests/ex19.v
tests/ex20.effects
tests/ex20.exp
tests/ex20.interface
tests/ex20.ml
tests/ex20.monadise
tests/ex20.v
tests/ex21.effects
tests/ex21.exp
tests/ex21.interface
tests/ex21.ml
tests/ex21.monadise
tests/ex21.v
tests/ex22.effects
tests/ex22.exp
tests/ex22.interface
tests/ex22.ml
tests/ex22.monadise
tests/ex22.v
tests/ex23.effects
tests/ex23.exp
tests/ex23.interface
tests/ex23.ml
tests/ex23.monadise
tests/ex23.v
tests/ex24.effects
tests/ex24.exp
tests/ex24.interface
tests/ex24.ml
tests/ex24.monadise
tests/ex24.v
tests/ex25.effects
tests/ex25.exp
tests/ex25.interface
tests/ex25.ml
tests/ex25.monadise
tests/ex25.v
tests/ex26.effects
tests/ex26.exp
tests/ex26.interface
tests/ex26.ml
tests/ex26.monadise
tests/ex26.v
tests/ex27.effects
tests/ex27.exp
tests/ex27.interface
tests/ex27.ml
tests/ex27.monadise
tests/ex27.v
tests/ex28.effects
tests/ex28.exp
tests/ex28.interface
tests/ex28.ml
tests/ex28.monadise
tests/ex28.v
tests/ex29.effects
tests/ex29.exp
tests/ex29.interface
tests/ex29.ml
tests/ex29.monadise
tests/ex29.v
tests/ex30.effects
tests/ex30.exp
tests/ex30.interface
tests/ex30.ml
tests/ex30.monadise
tests/ex30.v
tests/ex31.effects
tests/ex31.exp
tests/ex31.interface
tests/ex31.ml
tests/ex31.monadise
tests/ex31.v
tests/ex33.effects
tests/ex33.exp
tests/ex33.interface
tests/ex33.ml
tests/ex33.monadise
tests/ex33.v
tests/ex34.effects
tests/ex34.exp
tests/ex34.interface
tests/ex34.ml
tests/ex34.monadise
tests/ex34.v
tests/ex35.effects
tests/ex35.exp
tests/ex35.interface
tests/ex35.ml
tests/ex35.monadise
tests/ex35.v
HEAD is now at 7ab910d Compatibility for Coq 8.5
=-=- Installing packages =-=-=-=-=-=-=-=-=-=-=-=-=-=-=-=-=-=-=-=-=-=-=-=-=-=-=-=
Building coq:coq-of-ocaml.dev:
  sh -c cd CoqOfOCaml &amp;&amp; ./configure.sh
  sh -c cd CoqOfOCaml &amp;&amp; make -j4
  sh -c cd CoqOfOCaml &amp;&amp; make install
  make -j4
Basics.v.erb -&gt; Basics.v
&quot;coqdep&quot; -c -R &quot;.&quot; CoqOfOCaml &quot;Basics.v&quot; &gt; &quot;Basics.v.d&quot; || ( RV=$?; rm -f &quot;Basics.v.d&quot;; exit ${RV} )
&quot;coqdep&quot; -c -R &quot;.&quot; CoqOfOCaml &quot;Effect.v&quot; &gt; &quot;Effect.v.d&quot; || ( RV=$?; rm -f &quot;Effect.v.d&quot;; exit ${RV} )
&quot;coqdep&quot; -c -R &quot;.&quot; CoqOfOCaml &quot;Libraries.v&quot; &gt; &quot;Libraries.v.d&quot; || ( RV=$?; rm -f &quot;Libraries.v.d&quot;; exit ${RV} )
&quot;coqdep&quot; -c -R &quot;.&quot; CoqOfOCaml &quot;List.v&quot; &gt; &quot;List.v.d&quot; || ( RV=$?; rm -f &quot;List.v.d&quot;; exit ${RV} )
&quot;coqdep&quot; -c -R &quot;.&quot; CoqOfOCaml &quot;OCaml.v&quot; &gt; &quot;OCaml.v.d&quot; || ( RV=$?; rm -f &quot;OCaml.v.d&quot;; exit ${RV} )
&quot;coqc&quot;  -q  -R &quot;.&quot; CoqOfOCaml   Libraries
&quot;coqc&quot;  -q  -R &quot;.&quot; CoqOfOCaml   Effect
&quot;coqc&quot;  -q  -R &quot;.&quot; CoqOfOCaml   Basics
&quot;coqc&quot;  -q  -R &quot;.&quot; CoqOfOCaml   List
File &quot;./List.v&quot;, line 524, characters 2-7:
Error: The reference admit was not found in the current environment.
Makefile:237: recipe for target &#39;List.vo&#39; failed
make: *** [List.vo] Error 1
[ERROR] The compilation of coq:coq-of-ocaml.dev failed.
Removing coq:coq-of-ocaml.dev.
  rm -R /home/bench/.opam/system/lib/coq/user-contrib/CoqOfOCaml
rm: cannot remove &#39;/home/bench/.opam/system/lib/coq/user-contrib/CoqOfOCaml&#39;: No such file or directory
#=== ERROR while installing coq:coq-of-ocaml.dev ==============================#
# opam-version         1.2.0
# os                   linux
# command              sh -c cd CoqOfOCaml &amp;&amp; make -j4
# path                 /home/bench/.opam/system/build/coq:coq-of-ocaml.dev
# compiler             system (4.02.1)
# exit-code            2
# env-file             /home/bench/.opam/system/build/coq:coq-of-ocaml.dev/coq:coq-of-ocaml-15584-d2c37b.env
# stdout-file          /home/bench/.opam/system/build/coq:coq-of-ocaml.dev/coq:coq-of-ocaml-15584-d2c37b.out
# stderr-file          /home/bench/.opam/system/build/coq:coq-of-ocaml.dev/coq:coq-of-ocaml-15584-d2c37b.err
### stdout ###
# ...[truncated]
# &quot;coqdep&quot; -c -R &quot;.&quot; CoqOfOCaml &quot;Basics.v&quot; &gt; &quot;Basics.v.d&quot; || ( RV=$?; rm -f &quot;Basics.v.d&quot;; exit ${RV} )
# &quot;coqdep&quot; -c -R &quot;.&quot; CoqOfOCaml &quot;Effect.v&quot; &gt; &quot;Effect.v.d&quot; || ( RV=$?; rm -f &quot;Effect.v.d&quot;; exit ${RV} )
# &quot;coqdep&quot; -c -R &quot;.&quot; CoqOfOCaml &quot;Libraries.v&quot; &gt; &quot;Libraries.v.d&quot; || ( RV=$?; rm -f &quot;Libraries.v.d&quot;; exit ${RV} )
# &quot;coqdep&quot; -c -R &quot;.&quot; CoqOfOCaml &quot;List.v&quot; &gt; &quot;List.v.d&quot; || ( RV=$?; rm -f &quot;List.v.d&quot;; exit ${RV} )
# &quot;coqdep&quot; -c -R &quot;.&quot; CoqOfOCaml &quot;OCaml.v&quot; &gt; &quot;OCaml.v.d&quot; || ( RV=$?; rm -f &quot;OCaml.v.d&quot;; exit ${RV} )
# &quot;coqc&quot;  -q  -R &quot;.&quot; CoqOfOCaml   Libraries
# &quot;coqc&quot;  -q  -R &quot;.&quot; CoqOfOCaml   Effect
# &quot;coqc&quot;  -q  -R &quot;.&quot; CoqOfOCaml   Basics
# &quot;coqc&quot;  -q  -R &quot;.&quot; CoqOfOCaml   List
# Makefile:237: recipe for target &#39;List.vo&#39; failed
### stderr ###
# File &quot;./List.v&quot;, line 524, characters 2-7:
# Error: The reference admit was not found in the current environment.
# make: *** [List.vo] Error 1
&#39;opam install -y --verbose coq:coq-of-ocaml.dev&#39; failed.
</pre></dd>
            </dl>
            <h2>Installation size</h2>
            <p>No files were installed.</p>
            <h2>Uninstall</h2>
            <dl class="dl-horizontal">
              <dt>Command</dt>
              <dd><code>true</code></dd>
              <dt>Return code</dt>
              <dd>0</dd>
              <dt>Duration</dt>
              <dd>0 s</dd>
              <dt>Missing removes</dt>
              <dd>
                none
              </dd>
              <dt>Wrong removes</dt>
              <dd>
                none
              </dd>
            </dl>
          </div>
        </div>
      </div>
      <hr/>
      <div class="footer">
        <p class="text-center">
          <small>Sources are on <a href="https://github.com/coq-bench">GitHub</a>. © Guillaume Claret.</small>
        </p>
      </div>
    </div>
    <script src="https://ajax.googleapis.com/ajax/libs/jquery/1.11.1/jquery.min.js"></script>
    <script src="../../../../../bootstrap.min.js"></script>
  </body>
</html>