<!DOCTYPE html>
<html lang="en">
  <head>
    <meta charset="utf-8">
    <meta name="viewport" content="width=device-width, initial-scale=1">
    <title>compcert: Error</title>
    <link rel="shortcut icon" type="image/png" href="../../../../../favicon.png" />
    <link href="../../../../../bootstrap.min.css" rel="stylesheet">
    <link href="../../../../../bootstrap-custom.css" rel="stylesheet">
    <link href="//maxcdn.bootstrapcdn.com/font-awesome/4.2.0/css/font-awesome.min.css" rel="stylesheet">
    <script src="../../../../../moment.min.js"></script>
    <!-- HTML5 Shim and Respond.js IE8 support of HTML5 elements and media queries -->
    <!-- WARNING: Respond.js doesn't work if you view the page via file:// -->
    <!--[if lt IE 9]>
      <script src="https://oss.maxcdn.com/html5shiv/3.7.2/html5shiv.min.js"></script>
      <script src="https://oss.maxcdn.com/respond/1.4.2/respond.min.js"></script>
    <![endif]-->
  </head>
  <body>
    <div class="container">
      <div class="navbar navbar-default" role="navigation">
        <div class="container-fluid">
          <div class="navbar-header">
            <a class="navbar-brand" href="../../../../.."><i class="fa fa-lg fa-flag-checkered"></i> Coq bench</a>
          </div>
          <div id="navbar" class="collapse navbar-collapse">
            <ul class="nav navbar-nav">
              <li><a href="../..">clean / extra-dev</a></li>
              <li class="active"><a href="">8.11.dev / compcert - 3.6</a></li>
            </ul>
          </div>
        </div>
      </div>
      <div class="article">
        <div class="row">
          <div class="col-md-12">
            <a href="../..">« Up</a>
            <h1>
              compcert
              <small>
                3.6
                <span class="label label-danger">Error</span>
              </small>
            </h1>
            <p><em><script>document.write(moment("2019-12-05 08:58:20 +0000", "YYYY-MM-DD HH:mm:ss Z").fromNow());</script> (2019-12-05 08:58:20 UTC)</em><p>
            <h2>Context</h2>
            <pre># Packages matching: installed
# Name              # Installed # Synopsis
base-bigarray       base
base-threads        base
base-unix           base
conf-findutils      1           Virtual package relying on findutils
conf-m4             1           Virtual package relying on m4
coq                 8.11.dev    Formal proof management system
num                 1.3         The legacy Num library for arbitrary-precision integer and rational arithmetic
ocaml               4.07.1      The OCaml compiler (virtual package)
ocaml-base-compiler 4.07.1      Official release 4.07.1
ocaml-config        1           OCaml Switch Configuration
ocamlfind           1.8.1       A library manager for OCaml
# opam file:
opam-version: &quot;2.0&quot;
authors: &quot;Xavier Leroy &lt;xavier.leroy@inria.fr&gt;&quot;
maintainer: &quot;Jacques-Henri Jourdan &lt;jacques-Henri.jourdan@normalesup.org&gt;&quot;
homepage: &quot;http://compcert.inria.fr/&quot;
dev-repo: &quot;git+https://github.com/AbsInt/CompCert.git&quot;
bug-reports: &quot;https://github.com/AbsInt/CompCert/issues&quot;
license: &quot;INRIA Non-Commercial License Agreement&quot;
build: [
  [&quot;./configure&quot; &quot;ia32-linux&quot; {os = &quot;linux&quot;}
  &quot;ia32-macosx&quot; {os = &quot;darwin&quot;}
  &quot;ia32-cygwin&quot; {os = &quot;cygwin&quot;}
  &quot;-bindir&quot; &quot;%{bin}%&quot;
  &quot;-libdir&quot; &quot;%{lib}%/compcert&quot;
  &quot;-install-coqdev&quot;
  &quot;-clightgen&quot;
  &quot;-coqdevdir&quot; &quot;%{lib}%/coq/user-contrib/compcert&quot;
  &quot;-ignore-coq-version&quot;]
  [make &quot;-j%{jobs}%&quot;]
]
install: [
  [make &quot;install&quot;]
  [&quot;install&quot; &quot;-m&quot; &quot;0644&quot; &quot;VERSION&quot; &quot;%{lib}%/coq/user-contrib/compcert/&quot;]
]
depends: [
  &quot;coq&quot; {&gt;= &quot;8.7.0&quot;}
  &quot;menhir&quot; {&gt;= &quot;20190626&quot;}
  &quot;ocaml&quot; {&gt;= &quot;4.05.0&quot;}
]
synopsis: &quot;The CompCert C compiler&quot;
tags: [
  &quot;category:CS/Semantics and Compilation/Compilation&quot;
  &quot;category:CS/Semantics and Compilation/Semantics&quot;
  &quot;keyword:C&quot;
  &quot;keyword:compiler&quot;
  &quot;logpath:compcert&quot;
  &quot;date:2019-09-17&quot;
]
url {
  src: &quot;https://github.com/AbsInt/CompCert/archive/v3.6.tar.gz&quot;
  checksum: &quot;sha256=7a77839f6b990ab632ba14feccf4f17da189f0e3b95d6ce2ef0986e4caebc575&quot;
}
</pre>
            <h2>Lint</h2>
            <dl class="dl-horizontal">
              <dt>Command</dt>
              <dd><code>true</code></dd>
              <dt>Return code</dt>
              <dd>0</dd>
            </dl>
            <h2>Dry install</h2>
            <p>Dry install with the current Coq version:</p>
            <dl class="dl-horizontal">
              <dt>Command</dt>
              <dd><code>opam install -y --show-action coq-compcert.3.6 coq.8.11.dev</code></dd>
              <dt>Return code</dt>
              <dd>0</dd>
            </dl>
            <p>Dry install without Coq/switch base, to test if the problem was incompatibility with the current Coq/OCaml version:</p>
            <dl class="dl-horizontal">
              <dt>Command</dt>
              <dd><code>true</code></dd>
              <dt>Return code</dt>
              <dd>0</dd>
            </dl>
            <h2>Install dependencies</h2>
            <dl class="dl-horizontal">
              <dt>Command</dt>
              <dd><code>opam list; echo; ulimit -Sv 4000000; timeout 2h opam install -y --deps-only coq-compcert.3.6 coq.8.11.dev</code></dd>
              <dt>Return code</dt>
              <dd>0</dd>
              <dt>Duration</dt>
              <dd>1 m 10 s</dd>
            </dl>
            <h2>Install</h2>
            <dl class="dl-horizontal">
              <dt>Command</dt>
              <dd><code>opam list; echo; ulimit -Sv 4000000; timeout 2h opam install -y -v coq-compcert.3.6 coq.8.11.dev</code></dd>
              <dt>Return code</dt>
              <dd>7936</dd>
              <dt>Duration</dt>
              <dd>2 m 52 s</dd>
              <dt>Output</dt>
              <dd><pre># Packages matching: installed
# Name              # Installed # Synopsis
base-bigarray       base
base-threads        base
base-unix           base
conf-findutils      1           Virtual package relying on findutils
conf-m4             1           Virtual package relying on m4
coq                 8.11.dev    Formal proof management system
menhir              20190924    An LR(1) parser generator
num                 1.3         The legacy Num library for arbitrary-precision integer and rational arithmetic
ocaml               4.07.1      The OCaml compiler (virtual package)
ocaml-base-compiler 4.07.1      Official release 4.07.1
ocaml-config        1           OCaml Switch Configuration
ocamlbuild          0.14.0      OCamlbuild is a build system with builtin rules to easily build most OCaml projects.
ocamlfind           1.8.1       A library manager for OCaml
[NOTE] Package coq is already installed (current version is 8.11.dev).
The following actions will be performed:
  - install coq-compcert 3.6
&lt;&gt;&lt;&gt; Gathering sources &gt;&lt;&gt;&lt;&gt;&lt;&gt;&lt;&gt;&lt;&gt;&lt;&gt;&lt;&gt;&lt;&gt;&lt;&gt;&lt;&gt;&lt;&gt;&lt;&gt;&lt;&gt;&lt;&gt;&lt;&gt;&lt;&gt;&lt;&gt;&lt;&gt;&lt;&gt;&lt;&gt;&lt;&gt;&lt;&gt;&lt;&gt;&lt;&gt;&lt;&gt;&lt;&gt;&lt;&gt;&lt;&gt;
Processing  1/1: [coq-compcert.3.6: http]
[coq-compcert.3.6] downloaded from https://github.com/AbsInt/CompCert/archive/v3.6.tar.gz
Processing  1/1:
&lt;&gt;&lt;&gt; Processing actions &lt;&gt;&lt;&gt;&lt;&gt;&lt;&gt;&lt;&gt;&lt;&gt;&lt;&gt;&lt;&gt;&lt;&gt;&lt;&gt;&lt;&gt;&lt;&gt;&lt;&gt;&lt;&gt;&lt;&gt;&lt;&gt;&lt;&gt;&lt;&gt;&lt;&gt;&lt;&gt;&lt;&gt;&lt;&gt;&lt;&gt;&lt;&gt;&lt;&gt;&lt;&gt;&lt;&gt;&lt;&gt;
Processing  1/2: [coq-compcert: ./configure ia32-linux]
+ /home/bench/.opam/opam-init/hooks/sandbox.sh &quot;build&quot; &quot;./configure&quot; &quot;ia32-linux&quot; &quot;-bindir&quot; &quot;/home/bench/.opam/ocaml-base-compiler.4.07.1/bin&quot; &quot;-libdir&quot; &quot;/home/bench/.opam/ocaml-base-compiler.4.07.1/lib/compcert&quot; &quot;-install-coqdev&quot; &quot;-clightgen&quot; &quot;-coqdevdir&quot; &quot;/home/bench/.opam/ocaml-base-compiler.4.07.1/lib/coq/user-contrib/compcert&quot; &quot;-ignore-coq-version&quot; (CWD=/home/bench/.opam/ocaml-base-compiler.4.07.1/.opam-switch/build/coq-compcert.3.6)
- Testing assembler support for CFI directives... yes
- Testing linker support for &#39;-no-pie&#39; / &#39;-nopie&#39; option... no
- Testing Coq... version 8.11+alpha -- UNSUPPORTED
- Warning: this version of Coq is unsupported, proceed at your own risks.
- Testing OCaml... version 4.07.1 -- good!
- Testing OCaml .opt compilers... yes
- Testing Menhir... version 20190924 -- good!
- Testing GNU make... version 4.1 (command &#39;make&#39;) -- good!
- 
- CompCert configuration:
-     Target architecture........... x86
-     Hardware model................ 32sse2
-     Application binary interface.. standard
-     Endianness.................... little
-     OS and development env........ linux
-     C compiler.................... gcc -m32
-     C preprocessor................ gcc
-     Assembler..................... gcc
-     Assembler supports CFI........ true
-     Assembler for runtime lib..... gcc -m32 -c
-     Linker........................ gcc
-     Linker needs &#39;-no-pie&#39;........ false
-     Math library.................. -lm
-     Build command to use.......... make
-     Binaries installed in......... /home/bench/.opam/ocaml-base-compiler.4.07.1/bin
-     Runtime library provided...... true
-     Library files installed in.... /home/bench/.opam/ocaml-base-compiler.4.07.1/lib/compcert
-     Standard headers provided..... true
-     Standard headers installed in. /home/bench/.opam/ocaml-base-compiler.4.07.1/lib/compcert/include
-     Coq development installed in.. /home/bench/.opam/ocaml-base-compiler.4.07.1/lib/coq/user-contrib/compcert
Processing  1/2: [coq-compcert: make]
+ /home/bench/.opam/opam-init/hooks/sandbox.sh &quot;build&quot; &quot;make&quot; &quot;-j7&quot; (CWD=/home/bench/.opam/ocaml-base-compiler.4.07.1/.opam-switch/build/coq-compcert.3.6)
- make[1]: Entering directory &#39;/home/bench/.opam/ocaml-base-compiler.4.07.1/.opam-switch/build/coq-compcert.3.6&#39;
- ocamlopt -o tools/ndfun str.cmxa tools/ndfun.ml
- menhir --coq --coq-lib-path compcert.MenhirLib --coq-no-version-check cparser/Parser.vy
- Preprocessing x86/ConstpropOp.vp
- Preprocessing backend/SelectDiv.vp
- Preprocessing x86/SelectLong.vp
- Preprocessing backend/SplitLong.vp
- Preprocessing x86/SelectOp.vp
- Analyzing Coq dependencies
- make[1]: Leaving directory &#39;/home/bench/.opam/ocaml-base-compiler.4.07.1/.opam-switch/build/coq-compcert.3.6&#39;
- make proof
- make[1]: Entering directory &#39;/home/bench/.opam/ocaml-base-compiler.4.07.1/.opam-switch/build/coq-compcert.3.6&#39;
- COQC lib/Axioms.v
- COQC flocq/Core/Zaux.v
- COQC lib/Coqlib.v
- COQC driver/Compopts.v
- COQC MenhirLib/Alphabet.v
- COQC cparser/Cabs.v
- COQC lib/Wfsimpl.v
- COQC MenhirLib/Grammar.v
- COQC MenhirLib/Validator_classes.v
- COQC flocq/Core/Digits.v
- COQC flocq/Core/Raux.v
- COQC lib/Zbits.v
- COQC lib/Intv.v
- COQC lib/Iteration.v
- COQC lib/Maps.v
- COQC lib/Parmov.v
- COQC lib/UnionFind.v
- COQC lib/FSetAVLplus.v
- COQC lib/IntvSets.v
- COQC lib/Decidableplus.v
- COQC lib/BoolEqual.v
- COQC common/Errors.v
- COQC MenhirLib/Automaton.v
- COQC flocq/Core/Defs.v
- COQC lib/Lattice.v
- COQC lib/Postorder.v
- COQC common/Unityping.v
- COQC MenhirLib/Validator_safe.v
- COQC MenhirLib/Validator_complete.v
- COQC flocq/Core/Float_prop.v
- COQC flocq/Core/Round_pred.v
- COQC MenhirLib/Interpreter.v
- COQC flocq/Calc/Bracket.v
- COQC flocq/Calc/Operations.v
- COQC MenhirLib/Interpreter_correct.v
- COQC MenhirLib/Interpreter_complete.v
- COQC flocq/Core/Generic_fmt.v
- COQC flocq/Calc/Div.v
- COQC flocq/Core/Ulp.v
- COQC flocq/Prop/Sterbenz.v
- COQC flocq/Calc/Sqrt.v
- COQC MenhirLib/Main.v
- COQC cparser/Parser.v
- COQC flocq/Core/Round_NE.v
- COQC flocq/Core/FIX.v
- COQC flocq/Core/FLX.v
- COQC flocq/Core/FLT.v
- COQC flocq/Core/FTZ.v
- COQC flocq/Core/Core.v
- COQC flocq/Prop/Double_rounding.v
- COQC flocq/Calc/Round.v
- COQC flocq/Prop/Round_odd.v
- COQC flocq/Prop/Relative.v
- COQC flocq/Prop/Plus_error.v
- COQC flocq/IEEE754/Binary.v
- COQC flocq/Prop/Mult_error.v
- COQC flocq/Prop/Div_sqrt_error.v
- COQC flocq/IEEE754/Bits.v
- COQC lib/IEEE754_extra.v
- COQC x86_32/Archi.v
- COQC lib/Integers.v
- COQC lib/Ordered.v
- COQC lib/Floats.v
- File &quot;./lib/Ordered.v&quot;, line 177, characters 0-4:
- Error:  (in proof eq_refl): Attempt to save an incomplete proof
- 
- Makefile:193: recipe for target &#39;lib/Ordered.vo&#39; failed
- make[1]: *** [lib/Ordered.vo] Error 1
- make[1]: *** Waiting for unfinished jobs....
- make[1]: Leaving directory &#39;/home/bench/.opam/ocaml-base-compiler.4.07.1/.opam-switch/build/coq-compcert.3.6&#39;
- Makefile:135: recipe for target &#39;all&#39; failed
- make: *** [all] Error 2
[ERROR] The compilation of coq-compcert failed at &quot;/home/bench/.opam/opam-init/hooks/sandbox.sh build make -j7&quot;.
#=== ERROR while compiling coq-compcert.3.6 ===================================#
# context              2.0.1 | linux/x86_64 | ocaml-base-compiler.4.07.1 | file:///home/bench/run/opam-coq-archive/released
# path                 ~/.opam/ocaml-base-compiler.4.07.1/.opam-switch/build/coq-compcert.3.6
# command              ~/.opam/opam-init/hooks/sandbox.sh build make -j7
# exit-code            2
# env-file             ~/.opam/log/coq-compcert-26825-2dea01.env
# output-file          ~/.opam/log/coq-compcert-26825-2dea01.out
### output ###
# [...]
# COQC lib/Integers.v
# COQC lib/Ordered.v
# COQC lib/Floats.v
# File &quot;./lib/Ordered.v&quot;, line 177, characters 0-4:
# Error:  (in proof eq_refl): Attempt to save an incomplete proof
# 
# Makefile:193: recipe for target &#39;lib/Ordered.vo&#39; failed
# make[1]: *** [lib/Ordered.vo] Error 1
# make[1]: *** Waiting for unfinished jobs....
# make[1]: Leaving directory &#39;/home/bench/.opam/ocaml-base-compiler.4.07.1/.opam-switch/build/coq-compcert.3.6&#39;
# Makefile:135: recipe for target &#39;all&#39; failed
# make: *** [all] Error 2
&lt;&gt;&lt;&gt; Error report &lt;&gt;&lt;&gt;&lt;&gt;&lt;&gt;&lt;&gt;&lt;&gt;&lt;&gt;&lt;&gt;&lt;&gt;&lt;&gt;&lt;&gt;&lt;&gt;&lt;&gt;&lt;&gt;&lt;&gt;&lt;&gt;&lt;&gt;&lt;&gt;&lt;&gt;&lt;&gt;&lt;&gt;&lt;&gt;&lt;&gt;&lt;&gt;&lt;&gt;&lt;&gt;&lt;&gt;&lt;&gt;&lt;&gt;&lt;&gt;&lt;&gt;
+- The following actions failed
| - build coq-compcert 3.6
+- 
- No changes have been performed
# Run eval $(opam env) to update the current shell environment
&#39;opam install -y -v coq-compcert.3.6 coq.8.11.dev&#39; failed.
</pre></dd>
            </dl>
            <h2>Installation size</h2>
            <p>No files were installed.</p>
            <h2>Uninstall</h2>
            <dl class="dl-horizontal">
              <dt>Command</dt>
              <dd><code>true</code></dd>
              <dt>Return code</dt>
              <dd>0</dd>
              <dt>Missing removes</dt>
              <dd>
                none
              </dd>
              <dt>Wrong removes</dt>
              <dd>
                none
              </dd>
            </dl>
          </div>
        </div>
      </div>
      <hr/>
      <div class="footer">
        <p class="text-center">
          <small>Sources are on <a href="https://github.com/coq-bench">GitHub</a>. © Guillaume Claret.</small>
        </p>
      </div>
    </div>
    <script src="https://ajax.googleapis.com/ajax/libs/jquery/1.11.1/jquery.min.js"></script>
    <script src="../../../../../bootstrap.min.js"></script>
  </body>
</html>
