<!DOCTYPE html>
<html lang="en">
  <head>
    <meta charset="utf-8">
    <meta name="viewport" content="width=device-width, initial-scale=1">
    <title>semantics: Error</title>
    <link rel="shortcut icon" type="image/png" href="../../../../../favicon.png" />
    <link href="../../../../../bootstrap.min.css" rel="stylesheet">
    <link href="../../../../../bootstrap-custom.css" rel="stylesheet">
    <link href="//maxcdn.bootstrapcdn.com/font-awesome/4.2.0/css/font-awesome.min.css" rel="stylesheet">
    <script src="../../../../../moment.min.js"></script>
    <!-- HTML5 Shim and Respond.js IE8 support of HTML5 elements and media queries -->
    <!-- WARNING: Respond.js doesn't work if you view the page via file:// -->
    <!--[if lt IE 9]>
      <script src="https://oss.maxcdn.com/html5shiv/3.7.2/html5shiv.min.js"></script>
      <script src="https://oss.maxcdn.com/respond/1.4.2/respond.min.js"></script>
    <![endif]-->
  </head>
  <body>
    <div class="container">
      <div class="navbar navbar-default" role="navigation">
        <div class="container-fluid">
          <div class="navbar-header">
            <a class="navbar-brand" href="../../../../.."><i class="fa fa-lg fa-flag-checkered"></i> Coq bench</a>
          </div>
          <div id="navbar" class="collapse navbar-collapse">
            <ul class="nav navbar-nav">
              <li><a href="../..">clean / extra-dev</a></li>
              <li class="active"><a href="">dev / semantics - 8.11.1</a></li>
            </ul>
          </div>
        </div>
      </div>
      <div class="article">
        <div class="row">
          <div class="col-md-12">
            <a href="../..">« Up</a>
            <h1>
              semantics
              <small>
                8.11.1
                <span class="label label-danger">Error</span>
              </small>
            </h1>
            <p><em><script>document.write(moment("2021-07-22 21:39:03 +0000", "YYYY-MM-DD HH:mm:ss Z").fromNow());</script> (2021-07-22 21:39:03 UTC)</em><p>
            <h2>Context</h2>
            <pre># Packages matching: installed
# Name              # Installed # Synopsis
base-bigarray       base
base-threads        base
base-unix           base
conf-findutils      1           Virtual package relying on findutils
conf-gmp            3           Virtual package relying on a GMP lib system installation
coq                 dev         Formal proof management system
dune                2.9.0       Fast, portable, and opinionated build system
ocaml               4.10.2      The OCaml compiler (virtual package)
ocaml-base-compiler 4.10.2      Official release 4.10.2
ocaml-config        1           OCaml Switch Configuration
ocamlfind           1.9.1       A library manager for OCaml
zarith              1.12        Implements arithmetic and logical operations over arbitrary-precision integers
# opam file:
opam-version: &quot;2.0&quot;
authors: [
  &quot;Yves Bertot&quot;
]
maintainer: &quot;kartiksinghal@gmail.com&quot;
homepage: &quot;https://github.com/coq-community/semantics&quot;
dev-repo: &quot;git+https://github.com/coq-community/semantics.git&quot;
bug-reports: &quot;https://github.com/coq-community/semantics/issues&quot;
license: &quot;MIT&quot;
synopsis: &quot;A survey of semantics styles, from natural semantics through structural operational, axiomatic, and denotational semantics, to abstract interpretation&quot;
description: &quot;&quot;&quot;
This is a survey of programming language semantics styles
for a miniature example of a programming language, with their encoding
in Coq, the proofs of equivalence of different styles, and the proof
of soundess of tools obtained from axiomatic semantics or abstract
interpretation.  The tools can be run inside Coq, thus making them
available for proof by reflection, and the code can also be extracted
and connected to a yacc-based parser, thanks to the use of a functor
parameterized by a module type of strings.  A hand-written parser is
also provided in Coq, but there are no proofs associated.
&quot;&quot;&quot;
build: [make &quot;-j%{jobs}%&quot; ]
install: [make &quot;install&quot;]
depends: [
  &quot;coq&quot; {&gt;= &quot;8.10&quot;}
  &quot;ocamlbuild&quot; {build}
]
tags: [
  &quot;category:Computer Science/Semantics and Compilation/Semantics&quot;
  &quot;keyword:natural semantics&quot;
  &quot;keyword:denotational semantics&quot;
  &quot;keyword:axiomatic semantics&quot;
  &quot;keyword:Hoare logic&quot;
  &quot;keyword:Dijkstra weakest pre-condition calculus&quot;
  &quot;keyword:abstract interpretation&quot;
  &quot;keyword:intervals&quot;
  &quot;logpath:Semantics&quot;
]
url {
  src: &quot;https://github.com/coq-community/semantics/archive/v8.11.1.tar.gz&quot;
  checksum: [
    &quot;md5=ed6ac2b800fd6277e9bf8a49ea9f4468&quot;
    &quot;sha512=02c6c8f8049e23fd36ec754f3df26d52f2b8f9e7f9d6b86841970dbad164a4283fdb33f8711aea17cafc73c4159dfdcb3005cf926b5bb1d2ebd847bddcbecdf5&quot;
  ]
}
</pre>
            <h2>Lint</h2>
            <dl class="dl-horizontal">
              <dt>Command</dt>
              <dd><code>true</code></dd>
              <dt>Return code</dt>
              <dd>0</dd>
            </dl>
            <h2>Dry install</h2>
            <p>Dry install with the current Coq version:</p>
            <dl class="dl-horizontal">
              <dt>Command</dt>
              <dd><code>opam install -y --show-action coq-semantics.8.11.1 coq.dev</code></dd>
              <dt>Return code</dt>
              <dd>0</dd>
            </dl>
            <p>Dry install without Coq/switch base, to test if the problem was incompatibility with the current Coq/OCaml version:</p>
            <dl class="dl-horizontal">
              <dt>Command</dt>
              <dd><code>true</code></dd>
              <dt>Return code</dt>
              <dd>0</dd>
            </dl>
            <h2>Install dependencies</h2>
            <dl class="dl-horizontal">
              <dt>Command</dt>
              <dd><code>opam list; echo; ulimit -Sv 4000000; timeout 4h opam install -y --deps-only coq-semantics.8.11.1 coq.dev</code></dd>
              <dt>Return code</dt>
              <dd>0</dd>
              <dt>Duration</dt>
              <dd>28 s</dd>
            </dl>
            <h2>Install</h2>
            <dl class="dl-horizontal">
              <dt>Command</dt>
              <dd><code>opam list; echo; ulimit -Sv 16000000; timeout 4h opam install -y -v coq-semantics.8.11.1 coq.dev</code></dd>
              <dt>Return code</dt>
              <dd>7936</dd>
              <dt>Duration</dt>
              <dd>12 s</dd>
              <dt>Output</dt>
              <dd><pre># Packages matching: installed
# Name              # Installed # Synopsis
base-bigarray       base
base-threads        base
base-unix           base
conf-findutils      1           Virtual package relying on findutils
conf-gmp            3           Virtual package relying on a GMP lib system installation
coq                 dev         Formal proof management system
dune                2.9.0       Fast, portable, and opinionated build system
ocaml               4.10.2      The OCaml compiler (virtual package)
ocaml-base-compiler 4.10.2      Official release 4.10.2
ocaml-config        1           OCaml Switch Configuration
ocamlbuild          0.14.0      OCamlbuild is a build system with builtin rules to easily build most OCaml projects.
ocamlfind           1.9.1       A library manager for OCaml
zarith              1.12        Implements arithmetic and logical operations over arbitrary-precision integers
[NOTE] Package coq is already installed (current version is dev).
The following actions will be performed:
  - install coq-semantics 8.11.1
&lt;&gt;&lt;&gt; Gathering sources &gt;&lt;&gt;&lt;&gt;&lt;&gt;&lt;&gt;&lt;&gt;&lt;&gt;&lt;&gt;&lt;&gt;&lt;&gt;&lt;&gt;&lt;&gt;&lt;&gt;&lt;&gt;&lt;&gt;&lt;&gt;&lt;&gt;&lt;&gt;&lt;&gt;&lt;&gt;&lt;&gt;&lt;&gt;&lt;&gt;&lt;&gt;&lt;&gt;&lt;&gt;&lt;&gt;&lt;&gt;&lt;&gt;
Processing  1/1: [coq-semantics.8.11.1: http]
[coq-semantics.8.11.1] downloaded from https://github.com/coq-community/semantics/archive/v8.11.1.tar.gz
Processing  1/1:
&lt;&gt;&lt;&gt; Processing actions &lt;&gt;&lt;&gt;&lt;&gt;&lt;&gt;&lt;&gt;&lt;&gt;&lt;&gt;&lt;&gt;&lt;&gt;&lt;&gt;&lt;&gt;&lt;&gt;&lt;&gt;&lt;&gt;&lt;&gt;&lt;&gt;&lt;&gt;&lt;&gt;&lt;&gt;&lt;&gt;&lt;&gt;&lt;&gt;&lt;&gt;&lt;&gt;&lt;&gt;&lt;&gt;&lt;&gt;&lt;&gt;
Processing  1/2: [coq-semantics: make]
+ /home/bench/.opam/opam-init/hooks/sandbox.sh &quot;build&quot; &quot;make&quot; &quot;-j4&quot; (CWD=/home/bench/.opam/ocaml-base-compiler.4.10.2/.opam-switch/build/coq-semantics.8.11.1)
- coq_makefile -f _CoqProject -o Makefile.coq
- make -f Makefile.coq Makefile
- make[1]: Entering directory &#39;/home/bench/.opam/ocaml-base-compiler.4.10.2/.opam-switch/build/coq-semantics.8.11.1&#39;
- COQDEP VFILES
- *** Warning: in file context_sqrt.v, library Omega is required and has not been found in the loadpath!
- *** Warning: in file function_cpo.v, library Omega is required and has not been found in the loadpath!
- make[1]: Nothing to be done for &#39;Makefile&#39;.
- make[1]: Leaving directory &#39;/home/bench/.opam/ocaml-base-compiler.4.10.2/.opam-switch/build/coq-semantics.8.11.1&#39;
- make -f Makefile.coq all
- make[1]: Entering directory &#39;/home/bench/.opam/ocaml-base-compiler.4.10.2/.opam-switch/build/coq-semantics.8.11.1&#39;
- COQC syntax.v
- COQC function_cpo.v
- COQC intervals.v
- COQC context_sqrt.v
- File &quot;./context_sqrt.v&quot;, line 1, characters 22-27:
- Error: Unable to locate library Omega.
- 
- make[2]: *** [Makefile.coq:763: context_sqrt.vo] Error 1
- make[2]: *** Waiting for unfinished jobs....
- File &quot;./function_cpo.v&quot;, line 2, characters 27-32:
- Error: Unable to locate library Omega.
- 
- make[2]: *** [Makefile.coq:763: function_cpo.vo] Error 1
- File &quot;./intervals.v&quot;, line 28, characters 4-5:
- Warning: Unused variable a catches more than one case.
- [unused-pattern-matching-variable,pattern-matching]
- File &quot;./intervals.v&quot;, line 39, characters 12-13:
- Warning: Unused variable a catches more than one case.
- [unused-pattern-matching-variable,pattern-matching]
- File &quot;./intervals.v&quot;, line 55, characters 0-5:
- Error: The reference omega was not found in the current environment.
- 
- make[2]: *** [Makefile.coq:762: intervals.vo] Error 1
- make[1]: *** [Makefile.coq:386: all] Error 2
- make[1]: Leaving directory &#39;/home/bench/.opam/ocaml-base-compiler.4.10.2/.opam-switch/build/coq-semantics.8.11.1&#39;
- make: *** [Makefile:2: all] Error 2
[ERROR] The compilation of coq-semantics failed at &quot;/home/bench/.opam/opam-init/hooks/sandbox.sh build make -j4&quot;.
#=== ERROR while compiling coq-semantics.8.11.1 ===============================#
# context              2.0.6 | linux/x86_64 | ocaml-base-compiler.4.10.2 | file:///home/bench/run/opam-coq-archive/released
# path                 ~/.opam/ocaml-base-compiler.4.10.2/.opam-switch/build/coq-semantics.8.11.1
# command              ~/.opam/opam-init/hooks/sandbox.sh build make -j4
# exit-code            2
# env-file             ~/.opam/log/coq-semantics-18715-0a5907.env
# output-file          ~/.opam/log/coq-semantics-18715-0a5907.out
### output ###
# [...]
# Warning: Unused variable a catches more than one case.
# [unused-pattern-matching-variable,pattern-matching]
# File &quot;./intervals.v&quot;, line 39, characters 12-13:
# Warning: Unused variable a catches more than one case.
# [unused-pattern-matching-variable,pattern-matching]
# File &quot;./intervals.v&quot;, line 55, characters 0-5:
# Error: The reference omega was not found in the current environment.
# 
# make[2]: *** [Makefile.coq:762: intervals.vo] Error 1
# make[1]: *** [Makefile.coq:386: all] Error 2
# make[1]: Leaving directory &#39;/home/bench/.opam/ocaml-base-compiler.4.10.2/.opam-switch/build/coq-semantics.8.11.1&#39;
# make: *** [Makefile:2: all] Error 2
&lt;&gt;&lt;&gt; Error report &lt;&gt;&lt;&gt;&lt;&gt;&lt;&gt;&lt;&gt;&lt;&gt;&lt;&gt;&lt;&gt;&lt;&gt;&lt;&gt;&lt;&gt;&lt;&gt;&lt;&gt;&lt;&gt;&lt;&gt;&lt;&gt;&lt;&gt;&lt;&gt;&lt;&gt;&lt;&gt;&lt;&gt;&lt;&gt;&lt;&gt;&lt;&gt;&lt;&gt;&lt;&gt;&lt;&gt;&lt;&gt;&lt;&gt;&lt;&gt;&lt;&gt;
+- The following actions failed
| - build coq-semantics 8.11.1
+- 
- No changes have been performed
# Run eval $(opam env) to update the current shell environment
&#39;opam install -y -v coq-semantics.8.11.1 coq.dev&#39; failed.
</pre></dd>
            </dl>
            <h2>Installation size</h2>
            <p>No files were installed.</p>
            <h2>Uninstall</h2>
            <dl class="dl-horizontal">
              <dt>Command</dt>
              <dd><code>true</code></dd>
              <dt>Return code</dt>
              <dd>0</dd>
              <dt>Missing removes</dt>
              <dd>
                none
              </dd>
              <dt>Wrong removes</dt>
              <dd>
                none
              </dd>
            </dl>
          </div>
        </div>
      </div>
      <hr/>
      <div class="footer">
        <p class="text-center">
          <small>Sources are on <a href="https://github.com/coq-bench">GitHub</a>. © Guillaume Claret.</small>
        </p>
      </div>
    </div>
    <script src="https://ajax.googleapis.com/ajax/libs/jquery/1.11.1/jquery.min.js"></script>
    <script src="../../../../../bootstrap.min.js"></script>
  </body>
</html>
