<!DOCTYPE html>
<html lang="en">
  <head>
    <meta charset="utf-8">
    <meta name="viewport" content="width=device-width, initial-scale=1">
    <title>mathcomp-analysis: Error</title>
    <link rel="shortcut icon" type="image/png" href="../../../../../favicon.png" />
    <link href="../../../../../bootstrap.min.css" rel="stylesheet">
    <link href="../../../../../bootstrap-custom.css" rel="stylesheet">
    <link href="//maxcdn.bootstrapcdn.com/font-awesome/4.2.0/css/font-awesome.min.css" rel="stylesheet">
    <script src="../../../../../moment.min.js"></script>
    <!-- HTML5 Shim and Respond.js IE8 support of HTML5 elements and media queries -->
    <!-- WARNING: Respond.js doesn't work if you view the page via file:// -->
    <!--[if lt IE 9]>
      <script src="https://oss.maxcdn.com/html5shiv/3.7.2/html5shiv.min.js"></script>
      <script src="https://oss.maxcdn.com/respond/1.4.2/respond.min.js"></script>
    <![endif]-->
  </head>
  <body>
    <div class="container">
      <div class="navbar navbar-default" role="navigation">
        <div class="container-fluid">
          <div class="navbar-header">
            <a class="navbar-brand" href="../../../../.."><i class="fa fa-lg fa-flag-checkered"></i> Coq bench</a>
          </div>
          <div id="navbar" class="collapse navbar-collapse">
            <ul class="nav navbar-nav">
              <li><a href="../..">clean / released</a></li>
              <li class="active"><a href="">8.7.2 / mathcomp-analysis - 0.3.1</a></li>
            </ul>
          </div>
        </div>
      </div>
      <div class="article">
        <div class="row">
          <div class="col-md-12">
            <a href="../..">« Up</a>
            <h1>
              mathcomp-analysis
              <small>
                0.3.1
                <span class="label label-danger">Error</span>
              </small>
            </h1>
            <p><em><script>document.write(moment("2020-06-22 15:27:23 +0000", "YYYY-MM-DD HH:mm:ss Z").fromNow());</script> (2020-06-22 15:27:23 UTC)</em><p>
            <h2>Context</h2>
            <pre># Packages matching: installed
# Name              # Installed # Synopsis
base-bigarray       base
base-threads        base
base-unix           base
camlp5              7.12        Preprocessor-pretty-printer of OCaml
conf-findutils      1           Virtual package relying on findutils
conf-m4             1           Virtual package relying on m4
coq                 8.7.2       Formal proof management system.
num                 1.3         The legacy Num library for arbitrary-precision integer and rational arithmetic
ocaml               4.09.1      The OCaml compiler (virtual package)
ocaml-base-compiler 4.09.1      Official release 4.09.1
ocaml-config        1           OCaml Switch Configuration
ocamlfind           1.8.1       A library manager for OCaml
# opam file:
opam-version: &quot;2.0&quot;
maintainer: &quot;pierre-yves@strub.nu&quot;
homepage: &quot;https://github.com/math-comp/analysis&quot;
bug-reports: &quot;https://github.com/math-comp/analysis/issues&quot;
dev-repo: &quot;git+https://github.com/math-comp/analysis.git&quot;
license: &quot;CECILL-C&quot;
authors: [
  &quot;Reynald Affeldt&quot;
  &quot;Cyril Cohen&quot;
  &quot;Assia Mahboubi&quot;
  &quot;Damien Rouhling&quot;
  &quot;Pierre-Yves Strub&quot;
]
build: [
  [make &quot;INSTMODE=global&quot; &quot;config&quot;]
  [make &quot;-j%{jobs}%&quot;]
]
install: [
  [make &quot;install&quot;]
]
depends: [
  &quot;coq&quot; {(&gt;= &quot;8.7&quot; &amp; &lt; &quot;8.12~&quot;) | (= &quot;dev&quot;)}
  &quot;coq-mathcomp-field&quot;       {(&gt;= &quot;1.11.0&quot; &amp; &lt; &quot;1.12~&quot;)}
  &quot;coq-mathcomp-finmap&quot;      {(&gt;= &quot;1.5.0&quot; &amp; &lt; &quot;1.6~&quot;)}
]
synopsis: &quot;An analysis library for mathematical components&quot;
description: &quot;&quot;&quot;
This repository contains an experimental library for real analysis for
the Coq proof-assistant and using the Mathematical Components library.
It is inspired by the Coquelicot library.
&quot;&quot;&quot;
tags: [
  &quot;category:Mathematics/Real Calculus and Topology&quot;
  &quot;keyword: analysis&quot;
  &quot;keyword: topology&quot;
  &quot;keyword: real numbers&quot;
  &quot;logpath: mathcomp.analysis&quot;
  &quot;date:2020-06-11&quot;
]
url {
  http: &quot;https://github.com/math-comp/analysis/archive/0.3.1.tar.gz&quot;
  checksum: &quot;sha512=f2844551078450858081ece35d213571b56a34351378e4f7d808f9f21028651c227bf9b629be536318e2b8bca66e56027b04a279ad23ea650461efafbb46c74c&quot;
}
</pre>
            <h2>Lint</h2>
            <dl class="dl-horizontal">
              <dt>Command</dt>
              <dd><code>true</code></dd>
              <dt>Return code</dt>
              <dd>0</dd>
            </dl>
            <h2>Dry install</h2>
            <p>Dry install with the current Coq version:</p>
            <dl class="dl-horizontal">
              <dt>Command</dt>
              <dd><code>opam install -y --show-action coq-mathcomp-analysis.0.3.1 coq.8.7.2</code></dd>
              <dt>Return code</dt>
              <dd>0</dd>
            </dl>
            <p>Dry install without Coq/switch base, to test if the problem was incompatibility with the current Coq/OCaml version:</p>
            <dl class="dl-horizontal">
              <dt>Command</dt>
              <dd><code>true</code></dd>
              <dt>Return code</dt>
              <dd>0</dd>
            </dl>
            <h2>Install dependencies</h2>
            <dl class="dl-horizontal">
              <dt>Command</dt>
              <dd><code>opam list; echo; ulimit -Sv 4000000; timeout 2h opam install -y --deps-only coq-mathcomp-analysis.0.3.1 coq.8.7.2</code></dd>
              <dt>Return code</dt>
              <dd>0</dd>
              <dt>Duration</dt>
              <dd>25 m 12 s</dd>
            </dl>
            <h2>Install</h2>
            <dl class="dl-horizontal">
              <dt>Command</dt>
              <dd><code>opam list; echo; ulimit -Sv 16000000; timeout 2h opam install -y -v coq-mathcomp-analysis.0.3.1 coq.8.7.2</code></dd>
              <dt>Return code</dt>
              <dd>7936</dd>
              <dt>Duration</dt>
              <dd>20 s</dd>
              <dt>Output</dt>
              <dd><pre># Packages matching: installed
# Name                 # Installed # Synopsis
base-bigarray          base
base-threads           base
base-unix              base
camlp5                 7.12        Preprocessor-pretty-printer of OCaml
conf-findutils         1           Virtual package relying on findutils
conf-m4                1           Virtual package relying on m4
coq                    8.7.2       Formal proof management system.
coq-mathcomp-algebra   1.11.0      Mathematical Components Library on Algebra
coq-mathcomp-bigenough 1.0.0       A small library to do epsilon - N reasonning
coq-mathcomp-field     1.11.0      Mathematical Components Library on Fields
coq-mathcomp-fingroup  1.11.0      Mathematical Components Library on finite groups
coq-mathcomp-finmap    1.5.0       Finite sets, finite maps, finitely supported functions, orders
coq-mathcomp-solvable  1.11.0      Mathematical Components Library on finite groups (II)
coq-mathcomp-ssreflect 1.11.0      Small Scale Reflection
num                    1.3         The legacy Num library for arbitrary-precision integer and rational arithmetic
ocaml                  4.09.1      The OCaml compiler (virtual package)
ocaml-base-compiler    4.09.1      Official release 4.09.1
ocaml-config           1           OCaml Switch Configuration
ocamlfind              1.8.1       A library manager for OCaml
[NOTE] Package coq is already installed (current version is 8.7.2).
The following actions will be performed:
  - install coq-mathcomp-analysis 0.3.1
&lt;&gt;&lt;&gt; Gathering sources &gt;&lt;&gt;&lt;&gt;&lt;&gt;&lt;&gt;&lt;&gt;&lt;&gt;&lt;&gt;&lt;&gt;&lt;&gt;&lt;&gt;&lt;&gt;&lt;&gt;&lt;&gt;&lt;&gt;&lt;&gt;&lt;&gt;&lt;&gt;&lt;&gt;&lt;&gt;&lt;&gt;&lt;&gt;&lt;&gt;&lt;&gt;&lt;&gt;&lt;&gt;&lt;&gt;&lt;&gt;&lt;&gt;
Processing  1/1: [coq-mathcomp-analysis.0.3.1: http]
[coq-mathcomp-analysis.0.3.1] downloaded from https://github.com/math-comp/analysis/archive/0.3.1.tar.gz
Processing  1/1:
&lt;&gt;&lt;&gt; Processing actions &lt;&gt;&lt;&gt;&lt;&gt;&lt;&gt;&lt;&gt;&lt;&gt;&lt;&gt;&lt;&gt;&lt;&gt;&lt;&gt;&lt;&gt;&lt;&gt;&lt;&gt;&lt;&gt;&lt;&gt;&lt;&gt;&lt;&gt;&lt;&gt;&lt;&gt;&lt;&gt;&lt;&gt;&lt;&gt;&lt;&gt;&lt;&gt;&lt;&gt;&lt;&gt;&lt;&gt;&lt;&gt;
Processing  1/2: [coq-mathcomp-analysis: make config]
+ /home/bench/.opam/opam-init/hooks/sandbox.sh &quot;build&quot; &quot;make&quot; &quot;INSTMODE=global&quot; &quot;config&quot; (CWD=/home/bench/.opam/ocaml-base-compiler.4.09.1/.opam-switch/build/coq-mathcomp-analysis.0.3.1)
Processing  1/2: [coq-mathcomp-analysis: make]
+ /home/bench/.opam/opam-init/hooks/sandbox.sh &quot;build&quot; &quot;make&quot; &quot;-j4&quot; (CWD=/home/bench/.opam/ocaml-base-compiler.4.09.1/.opam-switch/build/coq-mathcomp-analysis.0.3.1)
- /home/bench/.opam/ocaml-base-compiler.4.09.1/bin/coq_makefile  -f _CoqProject -o Makefile.coq
- make -f Makefile.coq 
- make[1]: Entering directory &#39;/home/bench/.opam/ocaml-base-compiler.4.09.1/.opam-switch/build/coq-mathcomp-analysis.0.3.1&#39;
- COQDEP theories/altreals/distr.v
- COQDEP theories/altreals/realsum.v
- COQDEP theories/altreals/realseq.v
- COQDEP theories/altreals/discrete.v
- COQDEP theories/altreals/xfinmap.v
- COQDEP theories/summability.v
- COQDEP theories/derive.v
- COQDEP theories/forms.v
- COQDEP theories/sequences.v
- COQDEP theories/normedtype.v
- COQDEP theories/prodnormedzmodule.v
- COQDEP theories/topology.v
- COQDEP theories/Rbar.v
- COQDEP theories/Rstruct.v
- COQDEP theories/classical_sets.v
- COQDEP theories/landau.v
- COQDEP theories/posnum.v
- COQDEP theories/reals.v
- COQDEP theories/ereal.v
- COQDEP theories/boolp.v
- COQC theories/boolp.v
- COQC theories/prodnormedzmodule.v
- COQC theories/forms.v
- COQC theories/altreals/xfinmap.v
- File &quot;./theories/boolp.v&quot;, line 103, characters 36-37:
- Error:
- Syntax error: &#39;in&#39; or &#39;:&#39; or &#39;|&#39; or &#39;}&#39; expected after [constr:operconstr level 99] (in [constr:operconstr]).
- 
- make[2]: *** [Makefile.coq:646: theories/boolp.vo] Error 1
- make[2]: *** Waiting for unfinished jobs....
- Warning: perm_eq_small is deprecated; use perm_small_eq instead
- Warning: perm_eq_small is deprecated; use perm_small_eq instead
- Warning: perm_eq_small is deprecated; use perm_small_eq instead
- Warning: perm_eq_small is deprecated; use perm_small_eq instead
- Warning: perm_eq_small is deprecated; use perm_small_eq instead
- Warning: perm_eq_small is deprecated; use perm_small_eq instead
- Warning: perm_eq_small is deprecated; use perm_small_eq instead
- Warning: perm_eq_small is deprecated; use perm_small_eq instead
- Warning: perm_eq_small is deprecated; use perm_small_eq instead
- Warning: perm_eq_small is deprecated; use perm_small_eq instead
- Warning: perm_eq_small is deprecated; use perm_small_eq instead
- Warning: perm_eq_small is deprecated; use perm_small_eq instead
- Warning: perm_eq_small is deprecated; use perm_small_eq instead
- Warning: perm_eq_small is deprecated; use perm_small_eq instead
- Warning: perm_eq_small is deprecated; use perm_small_eq instead
- Warning: perm_eq_small is deprecated; use perm_small_eq instead
- Warning: perm_eq_small is deprecated; use perm_small_eq instead
- Warning: uniq_perm_eq is deprecated; use uniq_perm instead
- Warning: uniq_perm_eq is deprecated; use uniq_perm instead
- Warning: uniq_perm_eq is deprecated; use uniq_perm instead
- Warning: uniq_perm_eq is deprecated; use uniq_perm instead
- Warning: uniq_perm_eq is deprecated; use uniq_perm instead
- Warning: uniq_perm_eq is deprecated; use uniq_perm instead
- Warning: uniq_perm_eq is deprecated; use uniq_perm instead
- Warning: uniq_perm_eq is deprecated; use uniq_perm instead
- Warning: uniq_perm_eq is deprecated; use uniq_perm instead
- Warning: uniq_perm_eq is deprecated; use uniq_perm instead
- Warning: uniq_perm_eq is deprecated; use uniq_perm instead
- Warning: uniq_perm_eq is deprecated; use uniq_perm instead
- Warning: uniq_perm_eq is deprecated; use uniq_perm instead
- Warning: uniq_perm_eq is deprecated; use uniq_perm instead
- Warning: uniq_perm_eq is deprecated; use uniq_perm instead
- Warning: uniq_perm_eq is deprecated; use uniq_perm instead
- Warning: uniq_perm_eq is deprecated; use uniq_perm instead
- Warning: uniq_perm_eq is deprecated; use uniq_perm instead
- File &quot;./theories/prodnormedzmodule.v&quot;, line 67, characters 0-25:
- Warning: Ignoring canonical projection to NngNumDef by Sub in nngnum_subType:
- redundant with nngnum_subType [redundant-canonical-projection,typechecker]
- File &quot;./theories/prodnormedzmodule.v&quot;, line 67, characters 0-25:
- Warning: Ignoring canonical projection to num_of_nng by val in
- nngnum_subType: redundant with nngnum_subType
- [redundant-canonical-projection,typechecker]
- File &quot;./theories/prodnormedzmodule.v&quot;, line 67, characters 0-25:
- Warning: Ignoring canonical projection to nngnum_of by sub_sort in
- nngnum_subType: redundant with nngnum_subType
- [redundant-canonical-projection,typechecker]
- File &quot;./theories/prodnormedzmodule.v&quot;, line 68, characters 0-24:
- Warning: Ignoring canonical projection to nngnum_of by Equality.sort in
- nngnum_eqType: redundant with nngnum_eqType
- [redundant-canonical-projection,typechecker]
- File &quot;./theories/prodnormedzmodule.v&quot;, line 69, characters 0-28:
- Warning: Ignoring canonical projection to nngnum_of by Choice.sort in
- nngnum_choiceType: redundant with nngnum_choiceType
- [redundant-canonical-projection,typechecker]
- File &quot;./theories/prodnormedzmodule.v&quot;, line 70, characters 0-28:
- Warning: Ignoring canonical projection to nngnum_of by Order.POrder.sort in
- nngnum_porderType: redundant with nngnum_porderType
- [redundant-canonical-projection,typechecker]
- File &quot;./theories/prodnormedzmodule.v&quot;, line 71, characters 0-29:
- Warning: Ignoring canonical projection to nngnum_of by Order.Lattice.sort in
- nngnum_latticeType: redundant with nngnum_latticeType
- [redundant-canonical-projection,typechecker]
- File &quot;./theories/prodnormedzmodule.v&quot;, line 72, characters 0-27:
- Warning: Ignoring canonical projection to nngnum_of by Order.Total.sort in
- nngnum_orderType: redundant with nngnum_orderType
- [redundant-canonical-projection,typechecker]
- Warning: uniq_perm_eq is deprecated; use uniq_perm instead
- Warning: uniq_perm_eq is deprecated; use uniq_perm instead
- Warning: uniq_perm_eq is deprecated; use uniq_perm instead
- Warning: uniq_perm_eq is deprecated; use uniq_perm instead
- Warning: uniq_perm_eq is deprecated; use uniq_perm instead
- Warning: uniq_perm_eq is deprecated; use uniq_perm instead
- Warning: uniq_perm_eq is deprecated; use uniq_perm instead
- Warning: uniq_perm_eq is deprecated; use uniq_perm instead
- Warning: uniq_perm_eq is deprecated; use uniq_perm instead
- Warning: uniq_perm_eq is deprecated; use uniq_perm instead
- Warning: uniq_perm_eq is deprecated; use uniq_perm instead
- Warning: uniq_perm_eq is deprecated; use uniq_perm instead
- Warning: uniq_perm_eq is deprecated; use uniq_perm instead
- Warning: uniq_perm_eq is deprecated; use uniq_perm instead
- Warning: uniq_perm_eq is deprecated; use uniq_perm instead
- Warning: uniq_perm_eq is deprecated; use uniq_perm instead
- Warning: uniq_perm_eq is deprecated; use uniq_perm instead
- Warning: uniq_perm_eq is deprecated; use uniq_perm instead
- Warning: uniq_perm_eq is deprecated; use uniq_perm instead
- Warning: uniq_perm_eq is deprecated; use uniq_perm instead
- Warning: uniq_perm_eq is deprecated; use uniq_perm instead
- Warning: uniq_perm_eq is deprecated; use uniq_perm instead
- Warning: uniq_perm_eq is deprecated; use uniq_perm instead
- Warning: uniq_perm_eq is deprecated; use uniq_perm instead
- Warning: uniq_perm_eq is deprecated; use uniq_perm instead
- Warning: uniq_perm_eq is deprecated; use uniq_perm instead
- Warning: uniq_perm_eq is deprecated; use uniq_perm instead
- Warning: uniq_perm_eq is deprecated; use uniq_perm instead
- Warning: uniq_perm_eq is deprecated; use uniq_perm instead
- Warning: uniq_perm_eq is deprecated; use uniq_perm instead
- Warning: uniq_perm_eq is deprecated; use uniq_perm instead
- Warning: uniq_perm_eq is deprecated; use uniq_perm instead
- Warning: uniq_perm_eq is deprecated; use uniq_perm instead
- Warning: uniq_perm_eq is deprecated; use uniq_perm instead
- Warning: uniq_perm_eq is deprecated; use uniq_perm instead
- Warning: uniq_perm_eq is deprecated; use uniq_perm instead
- Warning: uniq_perm_eq is deprecated; use uniq_perm instead
- Warning: uniq_perm_eq is deprecated; use uniq_perm instead
- Warning: uniq_perm_eq is deprecated; use uniq_perm instead
- Warning: uniq_perm_eq is deprecated; use uniq_perm instead
- Warning: uniq_perm_eq is deprecated; use uniq_perm instead
- Warning: uniq_perm_eq is deprecated; use uniq_perm instead
- Warning: uniq_perm_eq is deprecated; use uniq_perm instead
- Warning: uniq_perm_eq is deprecated; use uniq_perm instead
- Warning: uniq_perm_eq is deprecated; use uniq_perm instead
- Warning: uniq_perm_eq is deprecated; use uniq_perm instead
- Warning: uniq_perm_eq is deprecated; use uniq_perm instead
- Warning: uniq_perm_eq is deprecated; use uniq_perm instead
- Warning: uniq_perm_eq is deprecated; use uniq_perm instead
- Warning: uniq_perm_eq is deprecated; use uniq_perm instead
- Warning: uniq_perm_eq is deprecated; use uniq_perm instead
- Warning: uniq_perm_eq is deprecated; use uniq_perm instead
- Warning: uniq_perm_eq is deprecated; use uniq_perm instead
- Warning: uniq_perm_eq is deprecated; use uniq_perm instead
- File &quot;./theories/prodnormedzmodule.v&quot;, line 194, characters 0-25:
- Warning: Ignoring canonical projection to prod by Num.NormedZmodule.sort in
- @normedZmodType: redundant with @normedZmodType
- [redundant-canonical-projection,typechecker]
- Warning: uniq_perm_eq is deprecated; use uniq_perm instead
- Warning: uniq_perm_eq is deprecated; use uniq_perm instead
- Warning: uniq_perm_eq is deprecated; use uniq_perm instead
- Warning: uniq_perm_eq is deprecated; use uniq_perm instead
- Warning: uniq_perm_eq is deprecated; use uniq_perm instead
- Warning: uniq_perm_eq is deprecated; use uniq_perm instead
- Warning: uniq_perm_eq is deprecated; use uniq_perm instead
- Warning: uniq_perm_eq is deprecated; use uniq_perm instead
- Warning: uniq_perm_eq is deprecated; use uniq_perm instead
- Warning: uniq_perm_eq is deprecated; use uniq_perm instead
- Warning: uniq_perm_eq is deprecated; use uniq_perm instead
- Warning: uniq_perm_eq is deprecated; use uniq_perm instead
- Warning: uniq_perm_eq is deprecated; use uniq_perm instead
- Warning: uniq_perm_eq is deprecated; use uniq_perm instead
- Warning: uniq_perm_eq is deprecated; use uniq_perm instead
- Warning: uniq_perm_eq is deprecated; use uniq_perm instead
- Warning: uniq_perm_eq is deprecated; use uniq_perm instead
- Warning: uniq_perm_eq is deprecated; use uniq_perm instead
- Warning: uniq_perm_eq is deprecated; use uniq_perm instead
- Warning: uniq_perm_eq is deprecated; use uniq_perm instead
- Warning: uniq_perm_eq is deprecated; use uniq_perm instead
- Warning: uniq_perm_eq is deprecated; use uniq_perm instead
- Warning: uniq_perm_eq is deprecated; use uniq_perm instead
- Warning: uniq_perm_eq is deprecated; use uniq_perm instead
- Warning: uniq_perm_eq is deprecated; use uniq_perm instead
- Warning: uniq_perm_eq is deprecated; use uniq_perm instead
- Warning: uniq_perm_eq is deprecated; use uniq_perm instead
- Warning: uniq_perm_eq is deprecated; use uniq_perm instead
- Warning: uniq_perm_eq is deprecated; use uniq_perm instead
- Warning: uniq_perm_eq is deprecated; use uniq_perm instead
- Warning: uniq_perm_eq is deprecated; use uniq_perm instead
- Warning: uniq_perm_eq is deprecated; use uniq_perm instead
- Warning: uniq_perm_eq is deprecated; use uniq_perm instead
- Warning: uniq_perm_eq is deprecated; use uniq_perm instead
- Warning: uniq_perm_eq is deprecated; use uniq_perm instead
- Warning: uniq_perm_eq is deprecated; use uniq_perm instead
- File &quot;./theories/forms.v&quot;, line 160, characters 0-52:
- Warning: class_of_axiom does not respect the uniform inheritance condition
- [uniform-inheritance,typechecker]
- File &quot;./theories/forms.v&quot;, line 176, characters 0-48:
- Warning: additiver does not respect the uniform inheritance condition
- [uniform-inheritance,typechecker]
- File &quot;./theories/forms.v&quot;, line 177, characters 0-45:
- Warning: linearr does not respect the uniform inheritance condition
- [uniform-inheritance,typechecker]
- File &quot;./theories/forms.v&quot;, line 178, characters 0-20:
- Warning: Ignoring canonical projection to apply by GRing.Additive.apply in
- additiver: redundant with additiver
- [redundant-canonical-projection,typechecker]
- File &quot;./theories/forms.v&quot;, line 179, characters 0-18:
- Warning: Ignoring canonical projection to apply by GRing.Linear.apply in
- linearr: redundant with linearr [redundant-canonical-projection,typechecker]
- File &quot;./theories/forms.v&quot;, line 180, characters 0-20:
- Warning: Ignoring canonical projection to applyr_head by GRing.Additive.apply
- in additivel: redundant with additivel
- [redundant-canonical-projection,typechecker]
- File &quot;./theories/forms.v&quot;, line 181, characters 0-18:
- Warning: Ignoring canonical projection to applyr_head by GRing.Linear.apply
- in linearl: redundant with linearl
- [redundant-canonical-projection,typechecker]
- make[1]: *** [Makefile.coq:319: all] Error 2
- make[1]: Leaving directory &#39;/home/bench/.opam/ocaml-base-compiler.4.09.1/.opam-switch/build/coq-mathcomp-analysis.0.3.1&#39;
- make: *** [Makefile.common:63: this-build] Error 2
[ERROR] The compilation of coq-mathcomp-analysis failed at &quot;/home/bench/.opam/opam-init/hooks/sandbox.sh build make -j4&quot;.
#=== ERROR while compiling coq-mathcomp-analysis.0.3.1 ========================#
# context              2.0.6 | linux/x86_64 | ocaml-base-compiler.4.09.1 | file:///home/bench/run/opam-coq-archive/released
# path                 ~/.opam/ocaml-base-compiler.4.09.1/.opam-switch/build/coq-mathcomp-analysis.0.3.1
# command              ~/.opam/opam-init/hooks/sandbox.sh build make -j4
# exit-code            2
# env-file             ~/.opam/log/coq-mathcomp-analysis-24439-2dea01.env
# output-file          ~/.opam/log/coq-mathcomp-analysis-24439-2dea01.out
### output ###
# [...]
# linearr: redundant with linearr [redundant-canonical-projection,typechecker]
# File &quot;./theories/forms.v&quot;, line 180, characters 0-20:
# Warning: Ignoring canonical projection to applyr_head by GRing.Additive.apply
# in additivel: redundant with additivel
# [redundant-canonical-projection,typechecker]
# File &quot;./theories/forms.v&quot;, line 181, characters 0-18:
# Warning: Ignoring canonical projection to applyr_head by GRing.Linear.apply
# in linearl: redundant with linearl
# [redundant-canonical-projection,typechecker]
# make[1]: *** [Makefile.coq:319: all] Error 2
# make[1]: Leaving directory &#39;/home/bench/.opam/ocaml-base-compiler.4.09.1/.opam-switch/build/coq-mathcomp-analysis.0.3.1&#39;
# make: *** [Makefile.common:63: this-build] Error 2
&lt;&gt;&lt;&gt; Error report &lt;&gt;&lt;&gt;&lt;&gt;&lt;&gt;&lt;&gt;&lt;&gt;&lt;&gt;&lt;&gt;&lt;&gt;&lt;&gt;&lt;&gt;&lt;&gt;&lt;&gt;&lt;&gt;&lt;&gt;&lt;&gt;&lt;&gt;&lt;&gt;&lt;&gt;&lt;&gt;&lt;&gt;&lt;&gt;&lt;&gt;&lt;&gt;&lt;&gt;&lt;&gt;&lt;&gt;&lt;&gt;&lt;&gt;&lt;&gt;&lt;&gt;
+- The following actions failed
| - build coq-mathcomp-analysis 0.3.1
+- 
- No changes have been performed
# Run eval $(opam env) to update the current shell environment
&#39;opam install -y -v coq-mathcomp-analysis.0.3.1 coq.8.7.2&#39; failed.
</pre></dd>
            </dl>
            <h2>Installation size</h2>
            <p>No files were installed.</p>
            <h2>Uninstall</h2>
            <dl class="dl-horizontal">
              <dt>Command</dt>
              <dd><code>true</code></dd>
              <dt>Return code</dt>
              <dd>0</dd>
              <dt>Missing removes</dt>
              <dd>
                none
              </dd>
              <dt>Wrong removes</dt>
              <dd>
                none
              </dd>
            </dl>
          </div>
        </div>
      </div>
      <hr/>
      <div class="footer">
        <p class="text-center">
          <small>Sources are on <a href="https://github.com/coq-bench">GitHub</a>. © Guillaume Claret.</small>
        </p>
      </div>
    </div>
    <script src="https://ajax.googleapis.com/ajax/libs/jquery/1.11.1/jquery.min.js"></script>
    <script src="../../../../../bootstrap.min.js"></script>
  </body>
</html>
