<!DOCTYPE html>
<html lang="en">
  <head>
    <meta charset="utf-8">
    <meta name="viewport" content="width=device-width, initial-scale=1">
    <title>Coq bench</title>
    <link rel="shortcut icon" type="image/png" href="../../../../../favicon.png" />
    <link href="../../../../../bootstrap.min.css" rel="stylesheet">
    <link href="//maxcdn.bootstrapcdn.com/font-awesome/4.2.0/css/font-awesome.min.css" rel="stylesheet">
    <script src="../../../../../moment.min.js"></script>
    <!-- HTML5 Shim and Respond.js IE8 support of HTML5 elements and media queries -->
    <!-- WARNING: Respond.js doesn't work if you view the page via file:// -->
    <!--[if lt IE 9]>
      <script src="https://oss.maxcdn.com/html5shiv/3.7.2/html5shiv.min.js"></script>
      <script src="https://oss.maxcdn.com/respond/1.4.2/respond.min.js"></script>
    <![endif]-->
  </head>
  <body>
    <div class="container">
      <div class="navbar navbar-default" role="navigation">
        <div class="container-fluid">
          <div class="navbar-header">
            <a class="navbar-brand" href="../../../../.."><i class="fa fa-lg fa-flag-checkered"></i> Coq bench</a>
          </div>
          <div id="navbar" class="collapse navbar-collapse">
            <ul class="nav navbar-nav">
              <li><a href="../..">clean / extra-dev</a></li>
              <li class="active"><a href="">dev / fiat - dev</a></li>
            </ul>
          </div>
        </div>
      </div>
      <div class="article">
        <div class="row">
          <div class="col-md-12">
            <a href="../..">« Up</a>
            <h1>
              fiat
              <small>
                dev
                <span class="label label-danger">Error</span>
              </small>
            </h1>
            <p><em><script>document.write(moment("2015-11-06 23:21:26 +0000", "YYYY-MM-DD HH:mm:ss Z").fromNow());</script> (2015-11-06 23:21:26 UTC)</em><p>
            <h2>Context</h2>
            <pre># Installed packages for system:
base-bigarray   base  Bigarray library distributed with the OCaml compiler
base-threads    base  Threads library distributed with the OCaml compiler
base-unix       base  Unix library distributed with the OCaml compiler
camlp5          6.14  Preprocessor-pretty-printer of OCaml
coq              dev  Formal proof management system.
ocamlfind      1.5.6  A library manager for OCaml
</pre>
            <h2>Lint</h2>
            <dl class="dl-horizontal">
              <dt>Command</dt>
              <dd><code>ruby lint.rb extra-dev opam-coq-archive/extra-dev/packages/coq:fiat/coq:fiat.dev</code></dd>
              <dt>Return code</dt>
              <dd>0</dd>
            </dl>
            <h2>Dry install</h2>
            <p>Dry install with the current Coq version:</p>
            <dl class="dl-horizontal">
              <dt>Command</dt>
              <dd><code>opam install -y --show-action coq:fiat.dev coq.dev</code></dd>
              <dt>Return code</dt>
              <dd>0</dd>
            </dl>
            <p>Dry install without Coq, to test if the problem was incompatibility with the current Coq version:</p>
            <dl class="dl-horizontal">
              <dt>Command</dt>
              <dd><code>true</code></dd>
              <dt>Return code</dt>
              <dd>0</dd>
            </dl>
            <h2>Install dependencies</h2>
            <dl class="dl-horizontal">
              <dt>Command</dt>
              <dd><code>opam list; ulimit -Sv 4000000; timeout 60m opam install -y --deps-only coq:fiat.dev</code></dd>
              <dt>Return code</dt>
              <dd>0</dd>
              <dt>Duration</dt>
              <dd>2 s</dd>
            </dl>
            <h2>Install</h2>
            <dl class="dl-horizontal">
              <dt>Command</dt>
              <dd><code>opam list; ulimit -Sv 4000000; timeout 60m opam install -y coq:fiat.dev</code></dd>
              <dt>Return code</dt>
              <dd>1024</dd>
              <dt>Duration</dt>
              <dd>9 s</dd>
              <dt>Output</dt>
              <dd><pre># Installed packages for system:
base-bigarray   base  Bigarray library distributed with the OCaml compiler
base-threads    base  Threads library distributed with the OCaml compiler
base-unix       base  Unix library distributed with the OCaml compiler
camlp5          6.14  Preprocessor-pretty-printer of OCaml
coq              dev  Formal proof management system.
ocamlfind      1.5.6  A library manager for OCaml
The following actions will be performed:
  - install coq:fiat dev
=-=- Gathering sources =-=-=-=-=-=-=-=-=-=-=-=-=-=-=-=-=-=-=-=-=-=-=-=-=-=-=-=-=
[coq:fiat: from extra-dev] Command started
[coq:fiat: git] Command started
[coq:fiat: git] Command started
[coq:fiat: git] Command started
[coq:fiat: git] Command started
[coq:fiat: git] Command started
[coq:fiat: git] Command started
[coq:fiat] https://github.com/mit-plv/fiat updated
=-=- Processing actions -=-=-=-=-=-=-=-=-=-=-=-=-=-=-=-=-=-=-=-=-=-=-=-=-=-=-=-=
[coq:fiat: make] Command started
[ERROR] The compilation of coq:fiat failed at &quot;make -j4&quot;.
[coq:fiat: rm] Command started
#=== ERROR while installing coq:fiat.dev ======================================#
# opam-version         1.2.2
# os                   linux
# command              make -j4
# path                 /home/bench/.opam/system/build/coq:fiat.dev
# compiler             system (4.02.2)
# exit-code            2
# env-file             /home/bench/.opam/system/build/coq:fiat.dev/coq:fiat-17734-ad8886.env
# stdout-file          /home/bench/.opam/system/build/coq:fiat.dev/coq:fiat-17734-ad8886.out
# stderr-file          /home/bench/.opam/system/build/coq:fiat.dev/coq:fiat-17734-ad8886.err
### stdout ###
# [...]
# COQDEP src/QueryStructure/Specification/SearchTerms/ListPrefix.v
# COQC src/Common.v
# COQC src/Computation/Notations.v
# COQC src/Common/BoolFacts.v
# COQC src/Common/LogicFacts.v
# COQC src/Common/ReservedNotations.v
# COQC src/Common/Wf.v
# COQC src/Common/UIP.v
# COQC src/Common/String_as_OT.v
# Makefile.coq:441: recipe for target &#39;src/Common/Wf.vo&#39; failed
### stderr ###
# File &quot;./src/Common/Wf.v&quot;, line 19, characters 13-25:
# Error: The constructor Acc_intro (in type Acc) expects 2 arguments.
# make: *** [src/Common/Wf.vo] Error 1
# make: *** Waiting for unfinished jobs....
=-=- Error report -=-=-=-=-=-=-=-=-=-=-=-=-=-=-=-=-=-=-=-=-=-=-=-=-=-=-=-=-=-=-=
The following actions failed
  - install coq:fiat dev
No changes have been performed
</pre></dd>
            </dl>
            <h2>Installation size</h2>
            <p>No files were installed.</p>
            <h2>Uninstall</h2>
            <dl class="dl-horizontal">
              <dt>Command</dt>
              <dd><code>true</code></dd>
              <dt>Return code</dt>
              <dd>0</dd>
              <dt>Missing removes</dt>
              <dd>
                none
              </dd>
              <dt>Wrong removes</dt>
              <dd>
                none
              </dd>
            </dl>
          </div>
        </div>
      </div>
      <hr/>
      <div class="footer">
        <p class="text-center">
          <small>Sources are on <a href="https://github.com/coq-bench">GitHub</a>. © Guillaume Claret.</small>
        </p>
      </div>
    </div>
    <script src="https://ajax.googleapis.com/ajax/libs/jquery/1.11.1/jquery.min.js"></script>
    <script src="../../../../../bootstrap.min.js"></script>
  </body>
</html>
