<!DOCTYPE html>
<html lang="en">
  <head>
    <meta charset="utf-8">
    <meta name="viewport" content="width=device-width, initial-scale=1">
    <title>unimath-foundations: Error</title>
    <link rel="shortcut icon" type="image/png" href="../../../../../favicon.png" />
    <link href="../../../../../bootstrap.min.css" rel="stylesheet">
    <link href="//maxcdn.bootstrapcdn.com/font-awesome/4.2.0/css/font-awesome.min.css" rel="stylesheet">
    <script src="../../../../../moment.min.js"></script>
    <!-- HTML5 Shim and Respond.js IE8 support of HTML5 elements and media queries -->
    <!-- WARNING: Respond.js doesn't work if you view the page via file:// -->
    <!--[if lt IE 9]>
      <script src="https://oss.maxcdn.com/html5shiv/3.7.2/html5shiv.min.js"></script>
      <script src="https://oss.maxcdn.com/respond/1.4.2/respond.min.js"></script>
    <![endif]-->
  </head>
  <body>
    <div class="container">
      <div class="navbar navbar-default" role="navigation">
        <div class="container-fluid">
          <div class="navbar-header">
            <a class="navbar-brand" href="../../../../.."><i class="fa fa-lg fa-flag-checkered"></i> Coq bench</a>
          </div>
          <div id="navbar" class="collapse navbar-collapse">
            <ul class="nav navbar-nav">
              <li><a href="../..">clean / released</a></li>
              <li class="active"><a href="">8.6.dev / unimath-foundations - 0.1.0</a></li>
            </ul>
          </div>
        </div>
      </div>
      <div class="article">
        <div class="row">
          <div class="col-md-12">
            <a href="../..">« Up</a>
            <h1>
              unimath-foundations
              <small>
                0.1.0
                <span class="label label-danger">Error</span>
              </small>
            </h1>
            <p><em><script>document.write(moment("2017-10-26 12:44:36 +0000", "YYYY-MM-DD HH:mm:ss Z").fromNow());</script> (2017-10-26 12:44:36 UTC)</em><p>
            <h2>Context</h2>
            <pre># Installed packages for system:
base-bigarray     base  Bigarray library distributed with the OCaml compiler
base-threads      base  Threads library distributed with the OCaml compiler
base-unix         base  Unix library distributed with the OCaml compiler
camlp5            7.01  Preprocessor-pretty-printer of OCaml
conf-m4              1  Virtual package relying on m4
coq            8.6.dev  Formal proof management system.
ocamlfind        1.7.3  A library manager for OCaml
</pre>
            <h2>Lint</h2>
            <dl class="dl-horizontal">
              <dt>Command</dt>
              <dd><code>ruby lint.rb released opam-coq-archive/released/packages/coq-unimath-foundations/coq-unimath-foundations.0.1.0</code></dd>
              <dt>Return code</dt>
              <dd>0</dd>
            </dl>
            <h2>Dry install</h2>
            <p>Dry install with the current Coq version:</p>
            <dl class="dl-horizontal">
              <dt>Command</dt>
              <dd><code>opam install -y --show-action coq-unimath-foundations.0.1.0 coq.8.6.dev</code></dd>
              <dt>Return code</dt>
              <dd>0</dd>
            </dl>
            <p>Dry install without Coq, to test if the problem was incompatibility with the current Coq version:</p>
            <dl class="dl-horizontal">
              <dt>Command</dt>
              <dd><code>true</code></dd>
              <dt>Return code</dt>
              <dd>0</dd>
            </dl>
            <h2>Install dependencies</h2>
            <dl class="dl-horizontal">
              <dt>Command</dt>
              <dd><code>opam list; ulimit -Sv 4000000; timeout 30m opam install -y --deps-only coq-unimath-foundations.0.1.0</code></dd>
              <dt>Return code</dt>
              <dd>0</dd>
              <dt>Duration</dt>
              <dd>38 s</dd>
            </dl>
            <h2>Install</h2>
            <dl class="dl-horizontal">
              <dt>Command</dt>
              <dd><code>opam list; ulimit -Sv 4000000; timeout 30m opam install -j1 -y -v coq-unimath-foundations.0.1.0</code></dd>
              <dt>Return code</dt>
              <dd>1024</dd>
              <dt>Duration</dt>
              <dd>1 m 26 s</dd>
              <dt>Output</dt>
              <dd><pre># Installed packages for system:
base-bigarray     base  Bigarray library distributed with the OCaml compiler
base-threads      base  Threads library distributed with the OCaml compiler
base-unix         base  Unix library distributed with the OCaml compiler
camlp5            7.01  Preprocessor-pretty-printer of OCaml
conf-m4              1  Virtual package relying on m4
coq            8.6.dev  Formal proof management system.
ocamlfind        1.7.3  A library manager for OCaml
The following actions will be performed:
  - install coq-unimath-foundations 0.1.0
=-=- Gathering sources =-=-=-=-=-=-=-=-=-=-=-=-=-=-=-=-=-=-=-=-=-=-=-=-=-=-=-=-=
[coq-unimath-foundations: http] Command started
[coq-unimath-foundations: http] Command started
[coq-unimath-foundations.0.1.0] https://github.com/UniMath/UniMath/archive/v0.1.tar.gz downloaded
=-=- Processing actions -=-=-=-=-=-=-=-=-=-=-=-=-=-=-=-=-=-=-=-=-=-=-=-=-=-=-=-=
[coq-unimath-foundations: coq_makefile Make] Command started
+ coq_makefile &quot;-f&quot; &quot;Make&quot; &quot;-o&quot; &quot;Makefile&quot; (CWD=/home/bench/.opam/system/build/coq-unimath-foundations.0.1.0)
[coq-unimath-foundations: make] Command started
+ make &quot;-j1&quot; (CWD=/home/bench/.opam/system/build/coq-unimath-foundations.0.1.0)
- COQDEP UniMath/Foundations/NumberSystems/Tests.v
- COQDEP UniMath/Foundations/NumberSystems/RationalNumbers.v
- COQDEP UniMath/Foundations/NumberSystems/NaturalNumbers.v
- COQDEP UniMath/Foundations/NumberSystems/Integers.v
- COQDEP UniMath/Foundations/Combinatorics/Tests.v
- COQDEP UniMath/Foundations/Combinatorics/StandardFiniteSets.v
- COQDEP UniMath/Foundations/Combinatorics/OrderedSets.v
- COQDEP UniMath/Foundations/Combinatorics/FiniteSets.v
- COQDEP UniMath/Foundations/Combinatorics/FiniteSequences.v
- COQDEP UniMath/Foundations/Basics/UnivalenceAxiom.v
- COQDEP UniMath/Foundations/Basics/Tests.v
- COQDEP UniMath/Foundations/Basics/Sets.v
- COQDEP UniMath/Foundations/Basics/Propositions.v
- COQDEP UniMath/Foundations/Basics/Preamble.v
- COQDEP UniMath/Foundations/Basics/PartD.v
- COQDEP UniMath/Foundations/Basics/PartC.v
- COQDEP UniMath/Foundations/Basics/PartB.v
- COQDEP UniMath/Foundations/Basics/PartA.v
- COQDEP UniMath/Foundations/Algebra/Tests.v
- COQDEP UniMath/Foundations/Algebra/Rigs_and_Rings.v
- COQDEP UniMath/Foundations/Algebra/Monoids_and_Groups.v
- COQDEP UniMath/Foundations/Algebra/IteratedBinaryOperations.v
- COQDEP UniMath/Foundations/Algebra/Domains_and_Fields.v
- COQDEP UniMath/Foundations/Algebra/DivisionRig.v
- COQDEP UniMath/Foundations/Algebra/ConstructiveStructures.v
- COQDEP UniMath/Foundations/Algebra/BinaryOperations.v
- COQDEP UniMath/Foundations/Algebra/Apartness.v
- COQC UniMath/Foundations/Basics/Preamble.v
- 0 = 0
-      : UUU
- COQC UniMath/Foundations/Basics/PartA.v
- File &quot;./UniMath/Foundations/Basics/Preamble.v&quot;, line 45, characters 0-77:
- Warning: Notation _ = _ was already used in scope type_scope
- [notation-overridden,parsing]
- File &quot;./UniMath/Foundations/Basics/Preamble.v&quot;, line 77, characters 0-30:
- Warning: Implicit Arguments is deprecated; use Arguments instead
- [deprecated-implicit-arguments,deprecated]
- File &quot;./UniMath/Foundations/Basics/Preamble.v&quot;, line 78, characters 0-30:
- Warning: Implicit Arguments is deprecated; use Arguments instead
- [deprecated-implicit-arguments,deprecated]
- File &quot;./UniMath/Foundations/Basics/Preamble.v&quot;, line 204, characters 0-42:
- Warning: Notation _ * _ was already used in scope nat_scope
- [notation-overridden,parsing]
- File &quot;./UniMath/Foundations/Basics/PartA.v&quot;, line 24, characters 0-51:
- Warning: Notation _ = _ was already used in scope type_scope
- [notation-overridden,parsing]
- File &quot;./UniMath/Foundations/Basics/PartA.v&quot;, line 24, characters 0-51:
- Warning: Notation _ * _ was already used in scope nat_scope
- [notation-overridden,parsing]
- File &quot;./UniMath/Foundations/Basics/PartA.v&quot;, line 164, characters 0-50:
- Warning: Notation _ &lt;-&gt; _ was already used in scope type_scope
- [notation-overridden,parsing]
- COQC UniMath/Foundations/Basics/PartB.v
- File &quot;./UniMath/Foundations/Basics/PartB.v&quot;, line 18, characters 0-48:
- Warning: Notation _ = _ was already used in scope type_scope
- [notation-overridden,parsing]
- File &quot;./UniMath/Foundations/Basics/PartB.v&quot;, line 18, characters 0-48:
- Warning: Notation _ * _ was already used in scope nat_scope
- [notation-overridden,parsing]
- File &quot;./UniMath/Foundations/Basics/PartB.v&quot;, line 18, characters 0-48:
- Warning: Notation _ &lt;-&gt; _ was already used in scope type_scope
- [notation-overridden,parsing]
- COQC UniMath/Foundations/Basics/PartC.v
- File &quot;./UniMath/Foundations/Basics/PartC.v&quot;, line 18, characters 0-48:
- Warning: Notation _ = _ was already used in scope type_scope
- [notation-overridden,parsing]
- File &quot;./UniMath/Foundations/Basics/PartC.v&quot;, line 18, characters 0-48:
- Warning: Notation _ * _ was already used in scope nat_scope
- [notation-overridden,parsing]
- File &quot;./UniMath/Foundations/Basics/PartC.v&quot;, line 18, characters 0-48:
- Warning: Notation _ &lt;-&gt; _ was already used in scope type_scope
- [notation-overridden,parsing]
- COQC UniMath/Foundations/Basics/PartD.v
- File &quot;./UniMath/Foundations/Basics/PartD.v&quot;, line 18, characters 0-48:
- Warning: Notation _ = _ was already used in scope type_scope
- [notation-overridden,parsing]
- File &quot;./UniMath/Foundations/Basics/PartD.v&quot;, line 18, characters 0-48:
- Warning: Notation _ * _ was already used in scope nat_scope
- [notation-overridden,parsing]
- File &quot;./UniMath/Foundations/Basics/PartD.v&quot;, line 18, characters 0-48:
- Warning: Notation _ &lt;-&gt; _ was already used in scope type_scope
- [notation-overridden,parsing]
- COQC UniMath/Foundations/Basics/Propositions.v
- File &quot;./UniMath/Foundations/Basics/Propositions.v&quot;, line 28, characters 0-48:
- Warning: Notation _ = _ was already used in scope type_scope
- [notation-overridden,parsing]
- File &quot;./UniMath/Foundations/Basics/Propositions.v&quot;, line 28, characters 0-48:
- Warning: Notation _ * _ was already used in scope nat_scope
- [notation-overridden,parsing]
- File &quot;./UniMath/Foundations/Basics/Propositions.v&quot;, line 28, characters 0-48:
- Warning: Notation _ &lt;-&gt; _ was already used in scope type_scope
- [notation-overridden,parsing]
- COQC UniMath/Foundations/Basics/UnivalenceAxiom.v
- File &quot;./UniMath/Foundations/Basics/UnivalenceAxiom.v&quot;, line 15, characters 0-48:
- Warning: Notation _ = _ was already used in scope type_scope
- [notation-overridden,parsing]
- File &quot;./UniMath/Foundations/Basics/UnivalenceAxiom.v&quot;, line 15, characters 0-48:
- Warning: Notation _ * _ was already used in scope nat_scope
- [notation-overridden,parsing]
- File &quot;./UniMath/Foundations/Basics/UnivalenceAxiom.v&quot;, line 15, characters 0-48:
- Warning: Notation _ &lt;-&gt; _ was already used in scope type_scope
- [notation-overridden,parsing]
- COQC UniMath/Foundations/Basics/Sets.v
- File &quot;./UniMath/Foundations/Basics/Sets.v&quot;, line 20, characters 0-56:
- Warning: Notation _ = _ was already used in scope type_scope
- [notation-overridden,parsing]
- File &quot;./UniMath/Foundations/Basics/Sets.v&quot;, line 20, characters 0-56:
- Warning: Notation _ * _ was already used in scope nat_scope
- [notation-overridden,parsing]
- File &quot;./UniMath/Foundations/Basics/Sets.v&quot;, line 20, characters 0-56:
- Warning: Notation _ &lt;-&gt; _ was already used in scope type_scope
- [notation-overridden,parsing]
- COQC UniMath/Foundations/Algebra/BinaryOperations.v
- File &quot;./UniMath/Foundations/Algebra/BinaryOperations.v&quot;, line 16, characters 0-48:
- Warning: Notation _ = _ was already used in scope type_scope
- [notation-overridden,parsing]
- File &quot;./UniMath/Foundations/Algebra/BinaryOperations.v&quot;, line 16, characters 0-48:
- Warning: Notation _ * _ was already used in scope nat_scope
- [notation-overridden,parsing]
- File &quot;./UniMath/Foundations/Algebra/BinaryOperations.v&quot;, line 16, characters 0-48:
- Warning: Notation _ &lt;-&gt; _ was already used in scope type_scope
- [notation-overridden,parsing]
- COQC UniMath/Foundations/Algebra/Apartness.v
- Makefile:299: recipe for target &#39;UniMath/Foundations/Algebra/Apartness.vo&#39; failed
- File &quot;./UniMath/Foundations/Algebra/Apartness.v&quot;, line 8, characters 0-60:
- Warning: Notation _ = _ was already used in scope type_scope
- [notation-overridden,parsing]
- File &quot;./UniMath/Foundations/Algebra/Apartness.v&quot;, line 8, characters 0-60:
- Warning: Notation _ * _ was already used in scope nat_scope
- [notation-overridden,parsing]
- File &quot;./UniMath/Foundations/Algebra/Apartness.v&quot;, line 8, characters 0-60:
- Warning: Notation _ &lt;-&gt; _ was already used in scope type_scope
- [notation-overridden,parsing]
- File &quot;./UniMath/Foundations/Algebra/Apartness.v&quot;, line 63, characters 0-36:
- Error: Options &quot;simpl never&quot; and &quot;!&quot; are incompatible.
- make: *** [UniMath/Foundations/Algebra/Apartness.vo] Error 1
[ERROR] The compilation of coq-unimath-foundations failed at &quot;make -j1&quot;.
[coq-unimath-foundations: rm] Command started
+ rm &quot;-R&quot; &quot;/home/bench/.opam/system/lib/coq/user-contrib/UniMath/Foundations&quot; (CWD=/home/bench/.opam/system/build/coq-unimath-foundations.0.1.0)
- rm: cannot remove &#39;/home/bench/.opam/system/lib/coq/user-contrib/UniMath/Foundations&#39;: No such file or directory
[coq-unimath-foundations: sh] Command started
+ sh &quot;-c&quot; &quot;rmdir /home/bench/.opam/system/lib/coq/user-contrib/UniMath || true&quot; (CWD=/home/bench/.opam/system/build/coq-unimath-foundations.0.1.0)
- rmdir: failed to remove &#39;/home/bench/.opam/system/lib/coq/user-contrib/UniMath&#39;: No such file or directory
#=== ERROR while installing coq-unimath-foundations.0.1.0 =====================#
# opam-version         1.2.2
# os                   linux
# command              make -j1
# path                 /home/bench/.opam/system/build/coq-unimath-foundations.0.1.0
# compiler             system (4.03.0)
# exit-code            2
# env-file             /home/bench/.opam/system/build/coq-unimath-foundations.0.1.0/coq-unimath-foundations-24878-ad8886.env
# stdout-file          /home/bench/.opam/system/build/coq-unimath-foundations.0.1.0/coq-unimath-foundations-24878-ad8886.out
# stderr-file          /home/bench/.opam/system/build/coq-unimath-foundations.0.1.0/coq-unimath-foundations-24878-ad8886.err
### stdout ###
# [...]
# COQC UniMath/Foundations/Basics/PartA.v
# COQC UniMath/Foundations/Basics/PartB.v
# COQC UniMath/Foundations/Basics/PartC.v
# COQC UniMath/Foundations/Basics/PartD.v
# COQC UniMath/Foundations/Basics/Propositions.v
# COQC UniMath/Foundations/Basics/UnivalenceAxiom.v
# COQC UniMath/Foundations/Basics/Sets.v
# COQC UniMath/Foundations/Algebra/BinaryOperations.v
# COQC UniMath/Foundations/Algebra/Apartness.v
# Makefile:299: recipe for target &#39;UniMath/Foundations/Algebra/Apartness.vo&#39; failed
### stderr ###
# [...]
# [notation-overridden,parsing]
# File &quot;./UniMath/Foundations/Algebra/Apartness.v&quot;, line 8, characters 0-60:
# Warning: Notation _ * _ was already used in scope nat_scope
# [notation-overridden,parsing]
# File &quot;./UniMath/Foundations/Algebra/Apartness.v&quot;, line 8, characters 0-60:
# Warning: Notation _ &lt;-&gt; _ was already used in scope type_scope
# [notation-overridden,parsing]
# File &quot;./UniMath/Foundations/Algebra/Apartness.v&quot;, line 63, characters 0-36:
# Error: Options &quot;simpl never&quot; and &quot;!&quot; are incompatible.
# make: *** [UniMath/Foundations/Algebra/Apartness.vo] Error 1
=-=- Error report -=-=-=-=-=-=-=-=-=-=-=-=-=-=-=-=-=-=-=-=-=-=-=-=-=-=-=-=-=-=-=
The following actions failed
  - install coq-unimath-foundations 0.1.0
No changes have been performed
&#39;opam install -j1 -y -v coq-unimath-foundations.0.1.0&#39; failed.
</pre></dd>
            </dl>
            <h2>Installation size</h2>
            <p>No files were installed.</p>
            <h2>Uninstall</h2>
            <dl class="dl-horizontal">
              <dt>Command</dt>
              <dd><code>true</code></dd>
              <dt>Return code</dt>
              <dd>0</dd>
              <dt>Missing removes</dt>
              <dd>
                none
              </dd>
              <dt>Wrong removes</dt>
              <dd>
                none
              </dd>
            </dl>
          </div>
        </div>
      </div>
      <hr/>
      <div class="footer">
        <p class="text-center">
          <small>Sources are on <a href="https://github.com/coq-bench">GitHub</a>. © Guillaume Claret.</small>
        </p>
      </div>
    </div>
    <script src="https://ajax.googleapis.com/ajax/libs/jquery/1.11.1/jquery.min.js"></script>
    <script src="../../../../../bootstrap.min.js"></script>
  </body>
</html>
