<!DOCTYPE html>
<html lang="en">
  <head>
    <meta charset="utf-8">
    <meta name="viewport" content="width=device-width, initial-scale=1">
    <title>plugin-utils: Error</title>
    <link rel="shortcut icon" type="image/png" href="../../../../../favicon.png" />
    <link href="../../../../../bootstrap.min.css" rel="stylesheet">
    <link href="../../../../../bootstrap-custom.css" rel="stylesheet">
    <link href="//maxcdn.bootstrapcdn.com/font-awesome/4.2.0/css/font-awesome.min.css" rel="stylesheet">
    <script src="../../../../../moment.min.js"></script>
    <!-- HTML5 Shim and Respond.js IE8 support of HTML5 elements and media queries -->
    <!-- WARNING: Respond.js doesn't work if you view the page via file:// -->
    <!--[if lt IE 9]>
      <script src="https://oss.maxcdn.com/html5shiv/3.7.2/html5shiv.min.js"></script>
      <script src="https://oss.maxcdn.com/respond/1.4.2/respond.min.js"></script>
    <![endif]-->
  </head>
  <body>
    <div class="container">
      <div class="navbar navbar-default" role="navigation">
        <div class="container-fluid">
          <div class="navbar-header">
            <a class="navbar-brand" href="../../../../.."><i class="fa fa-lg fa-flag-checkered"></i> Coq bench</a>
          </div>
          <div id="navbar" class="collapse navbar-collapse">
            <ul class="nav navbar-nav">
              <li><a href="../..">clean / released</a></li>
              <li class="active"><a href="">8.6.1 / plugin-utils - 1.3.0</a></li>
            </ul>
          </div>
        </div>
      </div>
      <div class="article">
        <div class="row">
          <div class="col-md-12">
            <a href="../..">« Up</a>
            <h1>
              plugin-utils
              <small>
                1.3.0
                <span class="label label-danger">Error</span>
              </small>
            </h1>
            <p><em><script>document.write(moment("2019-08-14 05:26:44 +0000", "YYYY-MM-DD HH:mm:ss Z").fromNow());</script> (2019-08-14 05:26:44 UTC)</em><p>
            <h2>Context</h2>
            <pre># Packages matching: installed
# Name              # Installed # Synopsis
base-bigarray       base
base-num            base        Num library distributed with the OCaml compiler
base-threads        base
base-unix           base
camlp5              7.08        Preprocessor-pretty-printer of OCaml
conf-m4             1           Virtual package relying on m4
coq                 8.6.1       Formal proof management system.
num                 0           The Num library for arbitrary-precision integer and rational arithmetic
ocaml               4.05.0      The OCaml compiler (virtual package)
ocaml-base-compiler 4.05.0      Official 4.05.0 release
ocaml-config        1           OCaml Switch Configuration
ocamlfind           1.8.1       A library manager for OCaml
# opam file:
opam-version: &quot;2.0&quot;
maintainer: &quot;gmalecha@gmail.com&quot;
homepage: &quot;https://github.com/gmalecha/coq-plugin-utils&quot;
bug-reports: &quot;https://github.com/gmalecha/coq-plugin-utils/issues&quot;
license: &quot;MIT&quot;
build: [
  [make &quot;-j%{jobs}%&quot;]
]
install: [make &quot;install&quot;]
depends: [
  &quot;ocaml&quot;
  &quot;coq&quot; {&gt;= &quot;8.6&quot; &amp; &lt; &quot;8.7~&quot;}
]
tags: [
  &quot;logpath:PluginUtils&quot;
]
synopsis:
  &quot;Utility functions for implementing Coq plugins, e.g. building natural&quot;
description: &quot;numbers, interfacing with Ltac, etc.&quot;
authors: &quot;Gregory Malecha&quot;
url {
  src: &quot;https://github.com/gmalecha/coq-plugin-utils/archive/v1.3.0.tar.gz&quot;
  checksum: &quot;md5=11ed4235895162a8f56610a5ebe7a494&quot;
}
</pre>
            <h2>Lint</h2>
            <dl class="dl-horizontal">
              <dt>Command</dt>
              <dd><code>true</code></dd>
              <dt>Return code</dt>
              <dd>0</dd>
            </dl>
            <h2>Dry install</h2>
            <p>Dry install with the current Coq version:</p>
            <dl class="dl-horizontal">
              <dt>Command</dt>
              <dd><code>opam install -y --show-action coq-plugin-utils.1.3.0 coq.8.6.1</code></dd>
              <dt>Return code</dt>
              <dd>0</dd>
            </dl>
            <p>Dry install without Coq/switch base, to test if the problem was incompatibility with the current Coq/OCaml version:</p>
            <dl class="dl-horizontal">
              <dt>Command</dt>
              <dd><code>true</code></dd>
              <dt>Return code</dt>
              <dd>0</dd>
            </dl>
            <h2>Install dependencies</h2>
            <dl class="dl-horizontal">
              <dt>Command</dt>
              <dd><code>opam list; echo; ulimit -Sv 4000000; timeout 60m opam install -y --deps-only coq-plugin-utils.1.3.0 coq.8.6.1</code></dd>
              <dt>Return code</dt>
              <dd>0</dd>
              <dt>Duration</dt>
              <dd>1 s</dd>
            </dl>
            <h2>Install</h2>
            <dl class="dl-horizontal">
              <dt>Command</dt>
              <dd><code>opam list; echo; ulimit -Sv 4000000; timeout 60m opam install -j1 -y -v coq-plugin-utils.1.3.0 coq.8.6.1</code></dd>
              <dt>Return code</dt>
              <dd>7936</dd>
              <dt>Duration</dt>
              <dd>2 s</dd>
              <dt>Output</dt>
              <dd><pre># Packages matching: installed
# Name              # Installed # Synopsis
base-bigarray       base
base-num            base        Num library distributed with the OCaml compiler
base-threads        base
base-unix           base
camlp5              7.08        Preprocessor-pretty-printer of OCaml
conf-m4             1           Virtual package relying on m4
coq                 8.6.1       Formal proof management system.
num                 0           The Num library for arbitrary-precision integer and rational arithmetic
ocaml               4.05.0      The OCaml compiler (virtual package)
ocaml-base-compiler 4.05.0      Official 4.05.0 release
ocaml-config        1           OCaml Switch Configuration
ocamlfind           1.8.1       A library manager for OCaml
[NOTE] Package coq is already installed (current version is 8.6.1).
The following actions will be performed:
  - install coq-plugin-utils 1.3.0
&lt;&gt;&lt;&gt; Gathering sources &gt;&lt;&gt;&lt;&gt;&lt;&gt;&lt;&gt;&lt;&gt;&lt;&gt;&lt;&gt;&lt;&gt;&lt;&gt;&lt;&gt;&lt;&gt;&lt;&gt;&lt;&gt;&lt;&gt;&lt;&gt;&lt;&gt;&lt;&gt;&lt;&gt;&lt;&gt;&lt;&gt;&lt;&gt;&lt;&gt;&lt;&gt;&lt;&gt;&lt;&gt;&lt;&gt;&lt;&gt;&lt;&gt;
Processing  1/1: [coq-plugin-utils.1.3.0: http]
[coq-plugin-utils.1.3.0] downloaded from https://github.com/gmalecha/coq-plugin-utils/archive/v1.3.0.tar.gz
Processing  1/1:
&lt;&gt;&lt;&gt; Processing actions &lt;&gt;&lt;&gt;&lt;&gt;&lt;&gt;&lt;&gt;&lt;&gt;&lt;&gt;&lt;&gt;&lt;&gt;&lt;&gt;&lt;&gt;&lt;&gt;&lt;&gt;&lt;&gt;&lt;&gt;&lt;&gt;&lt;&gt;&lt;&gt;&lt;&gt;&lt;&gt;&lt;&gt;&lt;&gt;&lt;&gt;&lt;&gt;&lt;&gt;&lt;&gt;&lt;&gt;&lt;&gt;
Processing  1/2: [coq-plugin-utils: make]
+ /home/bench/.opam/opam-init/hooks/sandbox.sh &quot;build&quot; &quot;make&quot; &quot;-j7&quot; (CWD=/home/bench/.opam/ocaml-base-compiler.4.05.0/.opam-switch/build/coq-plugin-utils.1.3.0)
- coq_makefile -f _CoqProject -o Makefile.coq
- make -f Makefile.coq
- make[1]: Entering directory &#39;/home/bench/.opam/ocaml-base-compiler.4.05.0/.opam-switch/build/coq-plugin-utils.1.3.0&#39;
- CAMLDEP src/use_ltac.mli
- CAMLDEP src/term_match.mli
- CAMLDEP src/coqstd.mli
- COQDEP src/plugin_utils.mlpack
- CAMLDEP src/use_ltac.ml
- CAMLDEP src/term_match.ml
- CAMLDEP src/coqstd.ml
- CAMLDEP -pp src/plugin_utils_plugin.ml4
- COQDEP theories/PluginUtils.v
- CAMLC -c src/use_ltac.mli
- CAMLC -c src/term_match.mli
- CAMLC -c src/coqstd.mli
- CAMLC -pp -c src/plugin_utils_plugin.ml4
- CAMLOPT -c -pp -for-pack Plugin_utils src/plugin_utils_plugin.ml4
- CAMLC -c src/use_ltac.ml
- CAMLC -c src/coqstd.ml
- CAMLOPT -c -for-pack Plugin_utils src/use_ltac.ml
- CAMLOPT -c -for-pack Plugin_utils src/coqstd.ml
- CAMLC -c src/term_match.ml
- File &quot;src/use_ltac.ml&quot;, line 40, characters 23-319:
- Warning 40: this record of type Proofview.Goal.enter contains fields that are 
- not visible in the current scope: enter.
- They will not be selected if the type becomes unknown.
- CAMLOPT -c -for-pack Plugin_utils src/term_match.ml
- File &quot;src/use_ltac.ml&quot;, line 40, characters 23-319:
- Warning 40: this record of type Proofview.Goal.enter contains fields that are 
- not visible in the current scope: enter.
- They will not be selected if the type becomes unknown.
- File &quot;_none_&quot;, line 1:
- Warning 58: no cmx file was found in path for module Coqlib, and its interface was not compiled with -opaque
- File &quot;_none_&quot;, line 1:
- Warning 58: no cmx file was found in path for module Loc, and its interface was not compiled with -opaqueFile &quot;_none_&quot;, line 1:
- 
- Warning 58: no cmx file was found in path for module Pp, and its interface was not compiled with -opaque
- File &quot;_none_&quot;, line 1:
- Warning 58: no cmx file was found in path for module Names, and its interface was not compiled with -opaque
- File &quot;_none_&quot;, line 1:
- Warning 58: no cmx file was found in path for module Printer, and its interface was not compiled with -opaque
- File &quot;_none_&quot;, line 1:
- Warning 58: no cmx file was found in path for module Proofview, and its interface was not compiled with -opaque
- File &quot;_none_&quot;, line 1:
- Warning 58: no cmx file was found in path for module Term, and its interface was not compiled with -opaque
- File &quot;_none_&quot;, line 1:
- Warning 58: no cmx file was found in path for module Tacinterp, and its interface was not compiled with -opaque
- File &quot;_none_&quot;, line 1:
- Warning 58: no cmx file was found in path for module Universes, and its interface was not compiled with -opaque
- File &quot;_none_&quot;, line 1:
- Warning 58: no cmx file was found in path for module Tactics, and its interface was not compiled with -opaque
- File &quot;_none_&quot;, line 1:
- Warning 58: no cmx file was found in path for module Term, and its interface was not compiled with -opaque
- CAMLC -pack -o src/plugin_utils.cmo
- File &quot;_none_&quot;, line 1:
- Error: Corrupted compiled interface
- src/plugin_utils_plugin.cmi
- File &quot;_none_&quot;, line 1:
- Warning 58: no cmx file was found in path for module Mltop, and its interface was not compiled with -opaque
- Makefile.coq:481: recipe for target &#39;src/plugin_utils.cmo&#39; failed
- make[1]: *** [src/plugin_utils.cmo] Error 2
- make[1]: *** Waiting for unfinished jobs....
- File &quot;_none_&quot;, line 1:
- Warning 58: no cmx file was found in path for module Term, and its interface was not compiled with -opaque
- File &quot;_none_&quot;, line 1:
- Warning 58: no cmx file was found in path for module Vars, and its interface was not compiled with -opaque
- make[1]: Leaving directory &#39;/home/bench/.opam/ocaml-base-compiler.4.05.0/.opam-switch/build/coq-plugin-utils.1.3.0&#39;
- Makefile:2: recipe for target &#39;plugin&#39; failed
- make: *** [plugin] Error 2
[ERROR] The compilation of coq-plugin-utils failed at &quot;/home/bench/.opam/opam-init/hooks/sandbox.sh build make -j7&quot;.
#=== ERROR while compiling coq-plugin-utils.1.3.0 =============================#
# context              2.0.1 | linux/x86_64 | ocaml-base-compiler.4.05.0 | file:///home/bench/run/opam-coq-archive/released
# path                 ~/.opam/ocaml-base-compiler.4.05.0/.opam-switch/build/coq-plugin-utils.1.3.0
# command              ~/.opam/opam-init/hooks/sandbox.sh build make -j7
# exit-code            2
# env-file             ~/.opam/log/coq-plugin-utils-24854-d0f245.env
# output-file          ~/.opam/log/coq-plugin-utils-24854-d0f245.out
### output ###
# [...]
# File &quot;_none_&quot;, line 1:
# Warning 58: no cmx file was found in path for module Mltop, and its interface was not compiled with -opaque
# Makefile.coq:481: recipe for target &#39;src/plugin_utils.cmo&#39; failed
# make[1]: *** [src/plugin_utils.cmo] Error 2
# make[1]: *** Waiting for unfinished jobs....
# File &quot;_none_&quot;, line 1:
# Warning 58: no cmx file was found in path for module Term, and its interface was not compiled with -opaque
# File &quot;_none_&quot;, line 1:
# Warning 58: no cmx file was found in path for module Vars, and its interface was not compiled with -opaque
# make[1]: Leaving directory &#39;/home/bench/.opam/ocaml-base-compiler.4.05.0/.opam-switch/build/coq-plugin-utils.1.3.0&#39;
# Makefile:2: recipe for target &#39;plugin&#39; failed
# make: *** [plugin] Error 2
&lt;&gt;&lt;&gt; Error report &lt;&gt;&lt;&gt;&lt;&gt;&lt;&gt;&lt;&gt;&lt;&gt;&lt;&gt;&lt;&gt;&lt;&gt;&lt;&gt;&lt;&gt;&lt;&gt;&lt;&gt;&lt;&gt;&lt;&gt;&lt;&gt;&lt;&gt;&lt;&gt;&lt;&gt;&lt;&gt;&lt;&gt;&lt;&gt;&lt;&gt;&lt;&gt;&lt;&gt;&lt;&gt;&lt;&gt;&lt;&gt;&lt;&gt;&lt;&gt;&lt;&gt;
+- The following actions failed
| - build coq-plugin-utils 1.3.0
+- 
- No changes have been performed
# Run eval $(opam env) to update the current shell environment
&#39;opam install -j1 -y -v coq-plugin-utils.1.3.0 coq.8.6.1&#39; failed.
</pre></dd>
            </dl>
            <h2>Installation size</h2>
            <p>No files were installed.</p>
            <h2>Uninstall</h2>
            <dl class="dl-horizontal">
              <dt>Command</dt>
              <dd><code>true</code></dd>
              <dt>Return code</dt>
              <dd>0</dd>
              <dt>Missing removes</dt>
              <dd>
                none
              </dd>
              <dt>Wrong removes</dt>
              <dd>
                none
              </dd>
            </dl>
          </div>
        </div>
      </div>
      <hr/>
      <div class="footer">
        <p class="text-center">
          <small>Sources are on <a href="https://github.com/coq-bench">GitHub</a>. © Guillaume Claret.</small>
        </p>
      </div>
    </div>
    <script src="https://ajax.googleapis.com/ajax/libs/jquery/1.11.1/jquery.min.js"></script>
    <script src="../../../../../bootstrap.min.js"></script>
  </body>
</html>
