<!DOCTYPE html>
<html lang="en">
  <head>
    <meta charset="utf-8">
    <meta name="viewport" content="width=device-width, initial-scale=1">
    <title>Coq bench</title>
    <link rel="shortcut icon" type="image/png" href="../../../../../favicon.png" />
    <link href="../../../../../bootstrap.min.css" rel="stylesheet">
    <link href="//maxcdn.bootstrapcdn.com/font-awesome/4.2.0/css/font-awesome.min.css" rel="stylesheet">
    <script src="../../../../../moment.min.js"></script>
    <!-- HTML5 Shim and Respond.js IE8 support of HTML5 elements and media queries -->
    <!-- WARNING: Respond.js doesn't work if you view the page via file:// -->
    <!--[if lt IE 9]>
      <script src="https://oss.maxcdn.com/html5shiv/3.7.2/html5shiv.min.js"></script>
      <script src="https://oss.maxcdn.com/respond/1.4.2/respond.min.js"></script>
    <![endif]-->
  </head>
  <body>
    <div class="container">
      <div class="navbar navbar-default" role="navigation">
        <div class="container-fluid">
          <div class="navbar-header">
            <a class="navbar-brand" href="../../../../.."><i class="fa fa-lg fa-flag-checkered"></i> Coq bench</a>
          </div>
          <div id="navbar" class="collapse navbar-collapse">
            <ul class="nav navbar-nav">
              <li><a href="../..">clean / released</a></li>
              <li class="active"><a href="">8.6.dev / concurrency-pluto - 1.1.0</a></li>
            </ul>
          </div>
        </div>
      </div>
      <div class="article">
        <div class="row">
          <div class="col-md-12">
            <a href="../..">« Up</a>
            <h1>
              concurrency-pluto
              <small>
                1.1.0
                <span class="label label-warning">Error with dependencies</span>
              </small>
            </h1>
            <p><em><script>document.write(moment("2017-12-30 11:53:55 +0000", "YYYY-MM-DD HH:mm:ss Z").fromNow());</script> (2017-12-30 11:53:55 UTC)</em><p>
            <h2>Context</h2>
            <pre># Installed packages for system:
base-bigarray     base  Bigarray library distributed with the OCaml compiler
base-threads      base  Threads library distributed with the OCaml compiler
base-unix         base  Unix library distributed with the OCaml compiler
camlp5            7.03  Preprocessor-pretty-printer of OCaml
conf-m4              1  Virtual package relying on m4
coq            8.6.dev  Formal proof management system.
ocamlfind      1.7.3-1  A library manager for OCaml
</pre>
            <h2>Lint</h2>
            <dl class="dl-horizontal">
              <dt>Command</dt>
              <dd><code>ruby lint.rb released opam-coq-archive/released/packages/coq-concurrency-pluto/coq-concurrency-pluto.1.1.0</code></dd>
              <dt>Return code</dt>
              <dd>0</dd>
            </dl>
            <h2>Dry install</h2>
            <p>Dry install with the current Coq version:</p>
            <dl class="dl-horizontal">
              <dt>Command</dt>
              <dd><code>opam install -y --show-action coq-concurrency-pluto.1.1.0 coq.8.6.dev</code></dd>
              <dt>Return code</dt>
              <dd>0</dd>
            </dl>
            <p>Dry install without Coq, to test if the problem was incompatibility with the current Coq version:</p>
            <dl class="dl-horizontal">
              <dt>Command</dt>
              <dd><code>true</code></dd>
              <dt>Return code</dt>
              <dd>0</dd>
            </dl>
            <h2>Install dependencies</h2>
            <dl class="dl-horizontal">
              <dt>Command</dt>
              <dd><code>opam list; ulimit -Sv 4000000; timeout 30m opam install -y --deps-only coq-concurrency-pluto.1.1.0</code></dd>
              <dt>Return code</dt>
              <dd>1024</dd>
              <dt>Duration</dt>
              <dd>1 m 3 s</dd>
              <dt>Output</dt>
              <dd><pre># Installed packages for system:
base-bigarray     base  Bigarray library distributed with the OCaml compiler
base-threads      base  Threads library distributed with the OCaml compiler
base-unix         base  Unix library distributed with the OCaml compiler
camlp5            7.03  Preprocessor-pretty-printer of OCaml
conf-m4              1  Virtual package relying on m4
coq            8.6.dev  Formal proof management system.
ocamlfind      1.7.3-1  A library manager for OCaml
The following actions will be performed:
  - install coq-cunit               1.0.0     
  - install jbuilder                1.0+beta16
  - install coq-error-handlers      1.2.0     
  - install result                  1.2       
  - install coq-list-plus           1.1.0     
  - install coq-function-ninjas     1.0.0     
  - install ocamlbuild              0.12.0    
  - install base-bytes              base      
  - install ocaml-migrate-parsetree 1.0.7     
  - install coq-list-string         2.1.1     
  - install coq-iterable            1.0.0     
  - install base64                  1.0.0     
  - install cppo                    1.6.0     
  - install ppx_tools_versioned     5.0.1     
  - install coq-moment              1.0.0     
  - install coq-concurrency-system  1.1.0     
  - install lwt                     3.2.0     
       For the PPX, please install package lwt_ppx
       For Lwt_log and Lwt_daemon, please install package lwt_log
  - install coq-concurrency-proxy   1.0.0     
===== 18 to install =====
=-=- Gathering sources =-=-=-=-=-=-=-=-=-=-=-=-=-=-=-=-=-=-=-=-=-=-=-=-=-=-=-=-=
[base64: from default] Command started
[coq-concurrency-proxy: http] Command started
[coq-concurrency-system: http] Command started
[base64: from default] Command started
[default] https://opam.ocaml.org/archives/base64.1.0.0+opam.tar.gz downloaded
[coq-cunit: http] Command started
[coq-concurrency-system: http] Command started
[coq-concurrency-system.1.1.0] https://github.com/coq-concurrency/system/archive/1.1.0.tar.gz downloaded
[coq-error-handlers: http] Command started
[coq-concurrency-proxy: http] Command started
[coq-concurrency-proxy.1.0.0] https://github.com/coq-concurrency/proxy/archive/1.0.0.tar.gz downloaded
[coq-function-ninjas: http] Command started
[coq-cunit: http] Command started
[coq-cunit.1.0.0] https://github.com/clarus/coq-cunit/archive/1.0.0.tar.gz downloaded
[coq-iterable: http] Command started
[coq-error-handlers: http] Command started
[coq-error-handlers.1.2.0] https://github.com/clarus/coq-error-handlers/archive/1.2.0.tar.gz downloaded
[coq-list-plus: http] Command started
[coq-function-ninjas: http] Command started
[coq-function-ninjas.1.0.0] https://github.com/clarus/coq-function-ninjas/archive/1.0.0.tar.gz downloaded
[coq-list-string: http] Command started
[coq-iterable: http] Command started
[coq-iterable.1.0.0] https://github.com/clarus/coq-iterable/archive/1.0.0.tar.gz downloaded
[coq-moment: http] Command started
[coq-list-plus: http] Command started
[coq-list-plus.1.1.0] https://github.com/clarus/coq-list-plus/archive/1.1.0.tar.gz downloaded
[cppo: from default] Command started
[coq-list-string: http] Command started
[coq-list-string.2.1.1] https://github.com/clarus/coq-list-string/archive/2.1.1.tar.gz downloaded
[jbuilder: from default] Command started
[cppo: from default] Command started
[default] https://opam.ocaml.org/archives/cppo.1.6.0+opam.tar.gz downloaded
[lwt: from default] Command started
[coq-moment: http] Command started
[coq-moment.1.0.0] https://github.com/clarus/coq-moment/archive/1.0.0.tar.gz downloaded
[ocaml-migrate-parsetree: from default] Command started
[jbuilder: from default] Command started
[default] https://opam.ocaml.org/archives/jbuilder.1.0+beta16+opam.tar.gz downloaded
[ocamlbuild: from default] Command started
[ocaml-migrate-parsetree: from default] Command started
[default] https://opam.ocaml.org/archives/ocaml-migrate-parsetree.1.0.7+opam.tar.gz downloaded
[ppx_tools_versioned: from default] Command started
[lwt: from default] Command started
[default] https://opam.ocaml.org/archives/lwt.3.2.0+opam.tar.gz downloaded
[result: from default] Command started
[ocamlbuild: from default] Command started
[default] https://opam.ocaml.org/archives/ocamlbuild.0.12.0+opam.tar.gz downloaded
[result: from default] Command started
[default] https://opam.ocaml.org/archives/result.1.2+opam.tar.gz downloaded
[ppx_tools_versioned: from default] Command started
[default] https://opam.ocaml.org/archives/ppx_tools_versioned.5.0.1+opam.tar.gz downloaded
=-=- Processing actions -=-=-=-=-=-=-=-=-=-=-=-=-=-=-=-=-=-=-=-=-=-=-=-=-=-=-=-=
-&gt; installed base-bytes.base
[coq-cunit: ./configure.sh] Command started
[coq-error-handlers: ./configure.sh] Command started
[coq-function-ninjas: ./configure.sh] Command started
[coq-list-plus: ./configure.sh] Command started
[jbuilder: ocaml bootstrap.ml] Command started
[ocamlbuild: make configure.make] Command started
[coq-cunit: make] Command started
[coq-error-handlers: make] Command started
[coq-function-ninjas: make] Command started
[coq-list-plus: make] Command started
[ocamlbuild: make check-if-preinstalled] Command started
[coq-function-ninjas: make install] Command started
[coq-error-handlers: make install] Command started
-&gt; installed coq-function-ninjas.1.0.0
[coq-iterable: ./configure.sh] Command started
[coq-cunit: make install] Command started
-&gt; installed coq-error-handlers.1.2.0
[result: make] Command started
[coq-iterable: make] Command started
-&gt; installed coq-cunit.1.0.0
-&gt; installed result.1.2
[coq-list-plus: make install] Command started
-&gt; installed coq-list-plus.1.1.0
[coq-list-string: ./configure.sh] Command started
[coq-list-string: make] Command started
[coq-iterable: make install] Command started
-&gt; installed coq-iterable.1.0.0
[jbuilder: ./boot.exe 6] Command started
[coq-list-string: make install] Command started
-&gt; installed coq-list-string.2.1.1
[coq-concurrency-system: ruby pp.rb] Command started
[coq-moment: ruby pp.rb] Command started
[coq-concurrency-system: ./configure.sh] Command started
[coq-moment: ./configure.sh] Command started
[coq-moment: make] Command started
[coq-concurrency-system: make] Command started
-&gt; installed ocamlbuild.0.12.0
[base64: ocaml setup.ml] Command started
[ERROR] The compilation of coq-concurrency-system failed at &quot;make -j6&quot;.
[coq-concurrency-system: rm] Command started
[base64: ocaml setup.ml] Command started
-&gt; installed jbuilder.1.0+beta16
[cppo: jbuilder build] Command started
[ocaml-migrate-parsetree: jbuilder build] Command started
[ERROR] The compilation of cppo failed at &quot;jbuilder build -p cppo -j 6&quot;.
[ERROR] The compilation of ocaml-migrate-parsetree failed at &quot;jbuilder build -p
        ocaml-migrate-parsetree -j 6&quot;.
[base64: ocaml setup.ml] Command started
[coq-moment: make install] Command started
-&gt; installed coq-moment.1.0.0
-&gt; installed base64.1.0.0
#=== ERROR while installing coq-concurrency-system.1.1.0 ======================#
# opam-version         1.2.2
# os                   linux
# command              make -j6
# path                 /home/bench/.opam/system/build/coq-concurrency-system.1.1.0
# compiler             system (4.05.0)
# exit-code            2
# env-file             /home/bench/.opam/system/build/coq-concurrency-system.1.1.0/coq-concurrency-system-10413-4aef26.env
# stdout-file          /home/bench/.opam/system/build/coq-concurrency-system.1.1.0/coq-concurrency-system-10413-4aef26.out
# stderr-file          /home/bench/.opam/system/build/coq-concurrency-system.1.1.0/coq-concurrency-system-10413-4aef26.err
### stdout ###
# COQDEP src/Test.v
# COQDEP src/StdLib.v
# COQDEP src/Computation.v
# COQDEP src/Extraction.v
# COQDEP src/Run.v
# COQDEP src/Events.v
# COQC src/Events.v
# COQC src/Computation.v
# Makefile:277: recipe for target &#39;src/Computation.vo&#39; failed
### stderr ###
# File &quot;./src/Computation.v&quot;, line 69, characters 2-30:
# Error: Argument _ cannot be declared implicit.
# make: *** [src/Computation.vo] Error 1
#=== ERROR while installing cppo.1.6.0 ========================================#
# opam-version         1.2.2
# os                   linux
# command              jbuilder build -p cppo -j 6
# path                 /home/bench/.opam/system/build/cppo.1.6.0
# compiler             system (4.05.0)
# exit-code            127
# env-file             /home/bench/.opam/system/build/cppo.1.6.0/cppo-10413-d3d859.env
# stdout-file          /home/bench/.opam/system/build/cppo.1.6.0/cppo-10413-d3d859.out
# stderr-file          /home/bench/.opam/system/build/cppo.1.6.0/cppo-10413-d3d859.err
#=== ERROR while installing ocaml-migrate-parsetree.1.0.7 =====================#
# opam-version         1.2.2
# os                   linux
# command              jbuilder build -p ocaml-migrate-parsetree -j 6
# path                 /home/bench/.opam/system/build/ocaml-migrate-parsetree.1.0.7
# compiler             system (4.05.0)
# exit-code            127
# env-file             /home/bench/.opam/system/build/ocaml-migrate-parsetree.1.0.7/ocaml-migrate-parsetree-10413-80bbd8.env
# stdout-file          /home/bench/.opam/system/build/ocaml-migrate-parsetree.1.0.7/ocaml-migrate-parsetree-10413-80bbd8.out
# stderr-file          /home/bench/.opam/system/build/ocaml-migrate-parsetree.1.0.7/ocaml-migrate-parsetree-10413-80bbd8.err
=-=- Error report -=-=-=-=-=-=-=-=-=-=-=-=-=-=-=-=-=-=-=-=-=-=-=-=-=-=-=-=-=-=-=
The following actions were aborted
  - install coq-concurrency-proxy 1.0.0
  - install lwt                   3.2.0
  - install ppx_tools_versioned   5.0.1
The following actions failed
  - install coq-concurrency-system  1.1.0
  - install cppo                    1.6.0
  - install ocaml-migrate-parsetree 1.0.7
The following changes have been performed
  - install base-bytes          base      
  - install base64              1.0.0     
  - install coq-cunit           1.0.0     
  - install coq-error-handlers  1.2.0     
  - install coq-function-ninjas 1.0.0     
  - install coq-iterable        1.0.0     
  - install coq-list-plus       1.1.0     
  - install coq-list-string     2.1.1     
  - install coq-moment          1.0.0     
  - install jbuilder            1.0+beta16
  - install ocamlbuild          0.12.0    
  - install result              1.2       
The former state can be restored with:
    opam switch import &quot;~/.opam/system/backup/state-20171130091235.export&quot;
</pre></dd>
            </dl>
            <h2>Install</h2>
            <dl class="dl-horizontal">
              <dt>Command</dt>
              <dd><code>true</code></dd>
              <dt>Return code</dt>
              <dd>0</dd>
              <dt>Duration</dt>
              <dd>0 s</dd>
            </dl>
            <h2>Installation size</h2>
            <p>No files were installed.</p>
            <h2>Uninstall</h2>
            <dl class="dl-horizontal">
              <dt>Command</dt>
              <dd><code>true</code></dd>
              <dt>Return code</dt>
              <dd>0</dd>
              <dt>Missing removes</dt>
              <dd>
                none
              </dd>
              <dt>Wrong removes</dt>
              <dd>
                none
              </dd>
            </dl>
          </div>
        </div>
      </div>
      <hr/>
      <div class="footer">
        <p class="text-center">
          <small>Sources are on <a href="https://github.com/coq-bench">GitHub</a>. © Guillaume Claret.</small>
        </p>
      </div>
    </div>
    <script src="https://ajax.googleapis.com/ajax/libs/jquery/1.11.1/jquery.min.js"></script>
    <script src="../../../../../bootstrap.min.js"></script>
  </body>
</html>
