<!DOCTYPE html>
<html lang="en">
  <head>
    <meta charset="utf-8">
    <meta name="viewport" content="width=device-width, initial-scale=1">
    <title>Coq bench</title>
    <link rel="shortcut icon" type="image/png" href="../../../../../favicon.png" />
    <link href="../../../../../bootstrap.min.css" rel="stylesheet">
    <link href="//maxcdn.bootstrapcdn.com/font-awesome/4.2.0/css/font-awesome.min.css" rel="stylesheet">
    <script src="../../../../../moment.min.js"></script>
    <!-- HTML5 Shim and Respond.js IE8 support of HTML5 elements and media queries -->
    <!-- WARNING: Respond.js doesn't work if you view the page via file:// -->
    <!--[if lt IE 9]>
      <script src="https://oss.maxcdn.com/html5shiv/3.7.2/html5shiv.min.js"></script>
      <script src="https://oss.maxcdn.com/respond/1.4.2/respond.min.js"></script>
    <![endif]-->
  </head>
  <body>
    <div class="container">
      <div class="navbar navbar-default" role="navigation">
        <div class="container-fluid">
          <div class="navbar-header">
            <a class="navbar-brand" href="../../../../.."><i class="fa fa-lg fa-flag-checkered"></i> Coq bench</a>
          </div>
          <div id="navbar" class="collapse navbar-collapse">
            <ul class="nav navbar-nav">
              <li><a href="../..">clean / released</a></li>
              <li class="active"><a href="">8.5.dev / interval - 3.0.0</a></li>
            </ul>
          </div>
        </div>
      </div>
      <div class="article">
        <div class="row">
          <div class="col-md-12">
            <a href="../..">« Up</a>
            <h1>
              interval
              <small>
                3.0.0
                <span class="label label-warning">Error with dependencies</span>
              </small>
            </h1>
            <p><em><script>document.write(moment("2016-06-12 11:05:06 +0000", "YYYY-MM-DD HH:mm:ss Z").fromNow());</script> (2016-06-12 11:05:06 UTC)</em><p>
            <h2>Context</h2>
            <pre># Installed packages for system:
base-bigarray     base  Bigarray library distributed with the OCaml compiler
base-threads      base  Threads library distributed with the OCaml compiler
base-unix         base  Unix library distributed with the OCaml compiler
camlp5            6.16  Preprocessor-pretty-printer of OCaml
coq            8.5.dev  Formal proof management system.
</pre>
            <h2>Lint</h2>
            <dl class="dl-horizontal">
              <dt>Command</dt>
              <dd><code>ruby lint.rb released opam-coq-archive/released/packages/coq-interval/coq-interval.3.0.0</code></dd>
              <dt>Return code</dt>
              <dd>0</dd>
            </dl>
            <h2>Dry install</h2>
            <p>Dry install with the current Coq version:</p>
            <dl class="dl-horizontal">
              <dt>Command</dt>
              <dd><code>opam install -y --show-action coq-interval.3.0.0 coq.8.5.dev</code></dd>
              <dt>Return code</dt>
              <dd>0</dd>
            </dl>
            <p>Dry install without Coq, to test if the problem was incompatibility with the current Coq version:</p>
            <dl class="dl-horizontal">
              <dt>Command</dt>
              <dd><code>true</code></dd>
              <dt>Return code</dt>
              <dd>0</dd>
            </dl>
            <h2>Install dependencies</h2>
            <dl class="dl-horizontal">
              <dt>Command</dt>
              <dd><code>opam list; ulimit -Sv 4000000; timeout 30m opam install -y --deps-only coq-interval.3.0.0</code></dd>
              <dt>Return code</dt>
              <dd>1024</dd>
              <dt>Duration</dt>
              <dd>4 m 22 s</dd>
              <dt>Output</dt>
              <dd><pre># Installed packages for system:
base-bigarray     base  Bigarray library distributed with the OCaml compiler
base-threads      base  Threads library distributed with the OCaml compiler
base-unix         base  Unix library distributed with the OCaml compiler
camlp5            6.16  Preprocessor-pretty-printer of OCaml
coq            8.5.dev  Formal proof management system.
The following actions will be performed:
  - install coq-flocq              2.5.1
  - install coq-mathcomp-ssreflect 1.6  
  - install coq-coquelicot         2.1.1
===== 3 to install =====
=-=- Gathering sources =-=-=-=-=-=-=-=-=-=-=-=-=-=-=-=-=-=-=-=-=-=-=-=-=-=-=-=-=
[coq-coquelicot: http] Command started
[coq-flocq: http] Command started
[coq-mathcomp-ssreflect: http] Command started
[coq-flocq: http] Command started
[coq-flocq.2.5.1] https://gforge.inria.fr/frs/download.php/file/35430/flocq-2.5.1.tar.gz downloaded
[coq-coquelicot: http] Command started
[coq-coquelicot.2.1.1] https://gforge.inria.fr/frs/download.php/file/35429/coquelicot-2.1.1.tar.gz downloaded
[coq-mathcomp-ssreflect: http] Command started
[coq-mathcomp-ssreflect.1.6] http://github.com/math-comp/math-comp/archive/mathcomp-1.6.tar.gz downloaded
=-=- Processing actions -=-=-=-=-=-=-=-=-=-=-=-=-=-=-=-=-=-=-=-=-=-=-=-=-=-=-=-=
[coq-flocq: ./configure] Command started
[coq-mathcomp-ssreflect: make 6] Command started
[coq-flocq: ./remake] Command started
[ERROR] The compilation of coq-flocq failed at &quot;./remake -j6&quot;.
[coq-flocq: rm] Command started
[coq-mathcomp-ssreflect: make install] Command started
-&gt; installed coq-mathcomp-ssreflect.1.6
[coq-coquelicot: ./configure] Command started
[coq-coquelicot: ./remake] Command started
[ERROR] The compilation of coq-coquelicot failed at &quot;./remake -j6&quot;.
[coq-coquelicot: rm] Command started
#=== ERROR while installing coq-coquelicot.2.1.1 ==============================#
# opam-version         1.2.2
# os                   linux
# command              ./remake -j6
# path                 /home/bench/.opam/system/build/coq-coquelicot.2.1.1
# compiler             system (4.03.0)
# exit-code            1
# env-file             /home/bench/.opam/system/build/coq-coquelicot.2.1.1/coq-coquelicot-22682-b76d46.env
# stdout-file          /home/bench/.opam/system/build/coq-coquelicot.2.1.1/coq-coquelicot-22682-b76d46.out
# stderr-file          /home/bench/.opam/system/build/coq-coquelicot.2.1.1/coq-coquelicot-22682-b76d46.err
### stdout ###
# [...]
# Building theories/Series.vo
# Building theories/SF_seq.vo
# Building theories/RInt_gen.vo
# Building theories/KHInt.vo
# Finished theories/Rcomplements.vo
# Finished theories/Markov.vo
# Finished theories/Iter.vo
# Finished theories/Compactness.vo
# Finished theories/Rbar.vo
# Finished theories/Lub.vo
### stderr ###
# [...]
# Failed to build theories/Complex.vo
# Failed to build theories/PSeries.vo
# Failed to build theories/Derive.vo
# Failed to build theories/Equiv.vo
# Failed to build theories/Derive_2d.vo
# Failed to build theories/AutoDerive.vo
# Failed to build theories/ElemFct.vo
# Failed to build theories/Coquelicot.vo
# Failed to build all
# Failed to build theories/Continuity.vo
#=== ERROR while installing coq-flocq.2.5.1 ===================================#
# opam-version         1.2.2
# os                   linux
# command              ./remake -j6
# path                 /home/bench/.opam/system/build/coq-flocq.2.5.1
# compiler             system (4.03.0)
# exit-code            1
# env-file             /home/bench/.opam/system/build/coq-flocq.2.5.1/coq-flocq-22682-865888.env
# stdout-file          /home/bench/.opam/system/build/coq-flocq.2.5.1/coq-flocq-22682-865888.out
# stderr-file          /home/bench/.opam/system/build/coq-flocq.2.5.1/coq-flocq-22682-865888.err
### stdout ###
# [...]
# Finished src/Core/Fcore_FLX.vo
# Finished src/Core/Fcore_FTZ.vo
# Finished src/Core/Fcore_FLT.vo
# Finished src/Core/Fcore.vo
# Finished src/Prop/Fprop_plus_error.vo
# Finished src/Prop/Fprop_mult_error.vo
# Finished src/Prop/Fprop_relative.vo
# Finished src/Appli/Fappli_rnd_odd.vo
# Finished src/Prop/Fprop_div_sqrt_error.vo
# Finished src/Appli/Fappli_double_round.vo
### stderr ###
# [...]
# The term &quot;Hv&quot; has type &quot;(1 ?= v)%Z = Gt -&gt; False&quot;
# while it is expected to have type &quot;(Z.succ ?n ?= ?m)%Z = Gt -&gt; False&quot;.
# Failed to build src/Core/Fcore_digits.vo
# Failed to build src/Calc/Fcalc_round.vo
# Failed to build src/Calc/Fcalc_sqrt.vo
# Failed to build src/Appli/Fappli_IEEE.vo
# Failed to build src/Calc/Fcalc_div.vo
# Failed to build src/Appli/Fappli_IEEE_bits.vo
# Failed to build all
# Failed to build src/Calc/Fcalc_digits.vo
=-=- Error report -=-=-=-=-=-=-=-=-=-=-=-=-=-=-=-=-=-=-=-=-=-=-=-=-=-=-=-=-=-=-=
The following actions failed
  - install coq-coquelicot 2.1.1
  - install coq-flocq      2.5.1
The following changes have been performed
  - install coq-mathcomp-ssreflect 1.6
The former state can be restored with:
    opam switch import &quot;~/.opam/system/backup/state-20160512060902.export&quot;
</pre></dd>
            </dl>
            <h2>Install</h2>
            <dl class="dl-horizontal">
              <dt>Command</dt>
              <dd><code>true</code></dd>
              <dt>Return code</dt>
              <dd>0</dd>
              <dt>Duration</dt>
              <dd>0 s</dd>
            </dl>
            <h2>Installation size</h2>
            <p>No files were installed.</p>
            <h2>Uninstall</h2>
            <dl class="dl-horizontal">
              <dt>Command</dt>
              <dd><code>true</code></dd>
              <dt>Return code</dt>
              <dd>0</dd>
              <dt>Missing removes</dt>
              <dd>
                none
              </dd>
              <dt>Wrong removes</dt>
              <dd>
                none
              </dd>
            </dl>
          </div>
        </div>
      </div>
      <hr/>
      <div class="footer">
        <p class="text-center">
          <small>Sources are on <a href="https://github.com/coq-bench">GitHub</a>. © Guillaume Claret.</small>
        </p>
      </div>
    </div>
    <script src="https://ajax.googleapis.com/ajax/libs/jquery/1.11.1/jquery.min.js"></script>
    <script src="../../../../../bootstrap.min.js"></script>
  </body>
</html>
