<!DOCTYPE html>
<html lang="en">
  <head>
    <meta charset="utf-8">
    <meta name="viewport" content="width=device-width, initial-scale=1">
    <title>Coq bench</title>
    <link rel="shortcut icon" type="image/png" href="../../../../../favicon.png" />
    <link href="../../../../../bootstrap.min.css" rel="stylesheet">
    <link href="//maxcdn.bootstrapcdn.com/font-awesome/4.2.0/css/font-awesome.min.css" rel="stylesheet">
    <script src="../../../../../moment.min.js"></script>
    <!-- HTML5 Shim and Respond.js IE8 support of HTML5 elements and media queries -->
    <!-- WARNING: Respond.js doesn't work if you view the page via file:// -->
    <!--[if lt IE 9]>
      <script src="https://oss.maxcdn.com/html5shiv/3.7.2/html5shiv.min.js"></script>
      <script src="https://oss.maxcdn.com/respond/1.4.2/respond.min.js"></script>
    <![endif]-->
  </head>
  <body>
    <div class="container">
      <div class="navbar navbar-default" role="navigation">
        <div class="container-fluid">
          <div class="navbar-header">
            <a class="navbar-brand" href="../../../../.."><i class="fa fa-lg fa-flag-checkered"></i> Coq bench</a>
          </div>
          <div id="navbar" class="collapse navbar-collapse">
            <ul class="nav navbar-nav">
              <li><a href="../..">clean / released</a></li>
              <li class="active"><a href="">dev / interval - 3.0.0</a></li>
            </ul>
          </div>
        </div>
      </div>
      <div class="article">
        <div class="row">
          <div class="col-md-12">
            <a href="../..">« Up</a>
            <h1>
              interval
              <small>
                3.0.0
                <span class="label label-warning">Error with dependencies</span>
              </small>
            </h1>
            <p><em><script>document.write(moment("2017-08-25 03:27:37 +0000", "YYYY-MM-DD HH:mm:ss Z").fromNow());</script> (2017-08-25 03:27:37 UTC)</em><p>
            <h2>Context</h2>
            <pre># Installed packages for system:
base-bigarray   base  Bigarray library distributed with the OCaml compiler
base-threads    base  Threads library distributed with the OCaml compiler
base-unix       base  Unix library distributed with the OCaml compiler
camlp5          7.01  Preprocessor-pretty-printer of OCaml
conf-m4            1  Virtual package relying on m4
coq              dev  Formal proof management system.
ocamlfind      1.7.3  A library manager for OCaml
</pre>
            <h2>Lint</h2>
            <dl class="dl-horizontal">
              <dt>Command</dt>
              <dd><code>ruby lint.rb released opam-coq-archive/released/packages/coq-interval/coq-interval.3.0.0</code></dd>
              <dt>Return code</dt>
              <dd>0</dd>
            </dl>
            <h2>Dry install</h2>
            <p>Dry install with the current Coq version:</p>
            <dl class="dl-horizontal">
              <dt>Command</dt>
              <dd><code>opam install -y --show-action coq-interval.3.0.0 coq.dev</code></dd>
              <dt>Return code</dt>
              <dd>0</dd>
            </dl>
            <p>Dry install without Coq, to test if the problem was incompatibility with the current Coq version:</p>
            <dl class="dl-horizontal">
              <dt>Command</dt>
              <dd><code>true</code></dd>
              <dt>Return code</dt>
              <dd>0</dd>
            </dl>
            <h2>Install dependencies</h2>
            <dl class="dl-horizontal">
              <dt>Command</dt>
              <dd><code>opam list; ulimit -Sv 4000000; timeout 30m opam install -y --deps-only coq-interval.3.0.0</code></dd>
              <dt>Return code</dt>
              <dd>1024</dd>
              <dt>Duration</dt>
              <dd>54 s</dd>
              <dt>Output</dt>
              <dd><pre># Installed packages for system:
base-bigarray   base  Bigarray library distributed with the OCaml compiler
base-threads    base  Threads library distributed with the OCaml compiler
base-unix       base  Unix library distributed with the OCaml compiler
camlp5          7.01  Preprocessor-pretty-printer of OCaml
conf-m4            1  Virtual package relying on m4
coq              dev  Formal proof management system.
ocamlfind      1.7.3  A library manager for OCaml
The following actions will be performed:
  - install coq-flocq              2.5.2
  - install coq-mathcomp-ssreflect 1.6.1
  - install coq-coquelicot         3.0.0
===== 3 to install =====
=-=- Gathering sources =-=-=-=-=-=-=-=-=-=-=-=-=-=-=-=-=-=-=-=-=-=-=-=-=-=-=-=-=
[coq-coquelicot: http] Command started
[coq-flocq: http] Command started
[coq-mathcomp-ssreflect: http] Command started
[coq-coquelicot: http] Command started
[coq-coquelicot.3.0.0] https://gforge.inria.fr/frs/download.php/file/36537/coquelicot-3.0.0.tar.gz downloaded
[coq-flocq: http] Command started
[coq-flocq.2.5.2] https://gforge.inria.fr/frs/download.php/file/36199/flocq-2.5.2.tar.gz downloaded
[coq-mathcomp-ssreflect: http] Command started
[coq-mathcomp-ssreflect.1.6.1] http://github.com/math-comp/math-comp/archive/mathcomp-1.6.1.tar.gz downloaded
=-=- Processing actions -=-=-=-=-=-=-=-=-=-=-=-=-=-=-=-=-=-=-=-=-=-=-=-=-=-=-=-=
[coq-flocq: ./configure] Command started
[coq-mathcomp-ssreflect: make 6] Command started
[coq-flocq: ./remake] Command started
[ERROR] The compilation of coq-flocq failed at &quot;./remake -j6&quot;.
[coq-flocq: rm] Command started
[ERROR] The compilation of coq-mathcomp-ssreflect failed at &quot;make -C
        mathcomp/ssreflect -j 6&quot;.
[coq-mathcomp-ssreflect: sh] Command started
#=== ERROR while installing coq-flocq.2.5.2 ===================================#
# opam-version         1.2.2
# os                   linux
# command              ./remake -j6
# path                 /home/bench/.opam/system/build/coq-flocq.2.5.2
# compiler             system (4.03.0)
# exit-code            1
# env-file             /home/bench/.opam/system/build/coq-flocq.2.5.2/coq-flocq-26365-865888.env
# stdout-file          /home/bench/.opam/system/build/coq-flocq.2.5.2/coq-flocq-26365-865888.out
# stderr-file          /home/bench/.opam/system/build/coq-flocq.2.5.2/coq-flocq-26365-865888.err
### stdout ###
# [...]
# Building src/Prop/Fprop_plus_error.vo
# Building src/Prop/Fprop_relative.vo
# Building src/Prop/Fprop_Sterbenz.vo
# Building src/Appli/Fappli_rnd_odd.vo
# Building src/Appli/Fappli_IEEE.vo
# Building src/Appli/Fappli_IEEE_bits.vo
# Building src/Appli/Fappli_double_round.vo
# Finished src/Flocq_version.vo
# Finished src/Core/Fcore_Zaux.vo
# Finished src/Core/Fcore_digits.vo
### stderr ###
# [...]
# Failed to build src/Calc/Fcalc_round.vo
# Failed to build src/Core/Fcore_rnd_ne.vo
# Failed to build src/Core/Fcore_rnd.vo
# Failed to build src/Core/Fcore_FLX.vo
# Failed to build src/Core/Fcore_FTZ.vo
# Failed to build all
# Failed to build src/Core/Fcore_float_prop.vo
# Failed to build src/Core/Fcore_FIX.vo
# Failed to build src/Core/Fcore_FLT.vo
# Failed to build src/Core/Fcore_defs.vo
#=== ERROR while installing coq-mathcomp-ssreflect.1.6.1 ======================#
# opam-version         1.2.2
# os                   linux
# command              make -C mathcomp/ssreflect -j 6
# path                 /home/bench/.opam/system/build/coq-mathcomp-ssreflect.1.6.1
# compiler             system (4.03.0)
# exit-code            2
# env-file             /home/bench/.opam/system/build/coq-mathcomp-ssreflect.1.6.1/coq-mathcomp-ssreflect-26365-6cc03f.env
# stdout-file          /home/bench/.opam/system/build/coq-mathcomp-ssreflect.1.6.1/coq-mathcomp-ssreflect-26365-6cc03f.out
# stderr-file          /home/bench/.opam/system/build/coq-mathcomp-ssreflect.1.6.1/coq-mathcomp-ssreflect-26365-6cc03f.err
### stdout ###
# [...]
# COQC ssreflect.v
# COQC ssrfun.v
# COQC ssrbool.v
# COQC eqtype.v
# COQC ssrnat.v
# COQC seq.v
# Makefile.coq:622: recipe for target &#39;seq.vo&#39; failed
# Makefile.coq:302: recipe for target &#39;all&#39; failed
# Makefile:24: recipe for target &#39;all&#39; failed
# make: Leaving directory &#39;/home/bench/.opam/system/build/coq-mathcomp-ssreflect.1.6.1/mathcomp/ssreflect&#39;
### stderr ###
# [...]
# [notation-overridden,parsing]
# File &quot;./seq.v&quot;, line 168, characters 0-45:
# Warning: Arguments Scope is deprecated; use Arguments instead
# [deprecated-arguments-scope,deprecated]
# File &quot;./seq.v&quot;, line 707, characters 0-62:
# Error: Cannot apply lemma leq_trans
# 
# make[2]: *** [seq.vo] Error 1
# make[1]: *** [all] Error 2
# make: *** [all] Error 2
=-=- Error report -=-=-=-=-=-=-=-=-=-=-=-=-=-=-=-=-=-=-=-=-=-=-=-=-=-=-=-=-=-=-=
The following actions were aborted
  - install coq-coquelicot 3.0.0
The following actions failed
  - install coq-flocq              2.5.2
  - install coq-mathcomp-ssreflect 1.6.1
No changes have been performed
</pre></dd>
            </dl>
            <h2>Install</h2>
            <dl class="dl-horizontal">
              <dt>Command</dt>
              <dd><code>true</code></dd>
              <dt>Return code</dt>
              <dd>0</dd>
              <dt>Duration</dt>
              <dd>0 s</dd>
            </dl>
            <h2>Installation size</h2>
            <p>No files were installed.</p>
            <h2>Uninstall</h2>
            <dl class="dl-horizontal">
              <dt>Command</dt>
              <dd><code>true</code></dd>
              <dt>Return code</dt>
              <dd>0</dd>
              <dt>Missing removes</dt>
              <dd>
                none
              </dd>
              <dt>Wrong removes</dt>
              <dd>
                none
              </dd>
            </dl>
          </div>
        </div>
      </div>
      <hr/>
      <div class="footer">
        <p class="text-center">
          <small>Sources are on <a href="https://github.com/coq-bench">GitHub</a>. © Guillaume Claret.</small>
        </p>
      </div>
    </div>
    <script src="https://ajax.googleapis.com/ajax/libs/jquery/1.11.1/jquery.min.js"></script>
    <script src="../../../../../bootstrap.min.js"></script>
  </body>
</html>
