<!DOCTYPE html>
<html lang="en">
  <head>
    <meta charset="utf-8">
    <meta name="viewport" content="width=device-width, initial-scale=1">
    <title>procrastination: Error</title>
    <link rel="shortcut icon" type="image/png" href="../../../../../favicon.png" />
    <link href="../../../../../bootstrap.min.css" rel="stylesheet">
    <link href="//maxcdn.bootstrapcdn.com/font-awesome/4.2.0/css/font-awesome.min.css" rel="stylesheet">
    <script src="../../../../../moment.min.js"></script>
    <!-- HTML5 Shim and Respond.js IE8 support of HTML5 elements and media queries -->
    <!-- WARNING: Respond.js doesn't work if you view the page via file:// -->
    <!--[if lt IE 9]>
      <script src="https://oss.maxcdn.com/html5shiv/3.7.2/html5shiv.min.js"></script>
      <script src="https://oss.maxcdn.com/respond/1.4.2/respond.min.js"></script>
    <![endif]-->
  </head>
  <body>
    <div class="container">
      <div class="navbar navbar-default" role="navigation">
        <div class="container-fluid">
          <div class="navbar-header">
            <a class="navbar-brand" href="../../../../.."><i class="fa fa-lg fa-flag-checkered"></i> Coq bench</a>
          </div>
          <div id="navbar" class="collapse navbar-collapse">
            <ul class="nav navbar-nav">
              <li><a href="../..">clean / released</a></li>
              <li class="active"><a href="">8.6.1 / procrastination - 1.0</a></li>
            </ul>
          </div>
        </div>
      </div>
      <div class="article">
        <div class="row">
          <div class="col-md-12">
            <a href="../..">« Up</a>
            <h1>
              procrastination
              <small>
                1.0
                <span class="label label-danger">Error</span>
              </small>
            </h1>
            <p><em><script>document.write(moment("2018-12-20 08:30:33 +0000", "YYYY-MM-DD HH:mm:ss Z").fromNow());</script> (2018-12-20 08:30:33 UTC)</em><p>
            <h2>Context</h2>
            <pre># Installed packages for system:
base-bigarray   base  Bigarray library distributed with the OCaml compiler
base-num        base  Num library distributed with the OCaml compiler
base-threads    base  Threads library distributed with the OCaml compiler
base-unix       base  Unix library distributed with the OCaml compiler
camlp5          7.06  Preprocessor-pretty-printer of OCaml
conf-m4            1  Virtual package relying on m4
coq            8.6.1  Formal proof management system.
num                0  The Num library for arbitrary-precision integer and ration
ocamlfind      1.8.0  A library manager for OCaml
# opam file:
opam-version: &quot;1.2&quot;
maintainer: &quot;armael.gueneau@inria.fr&quot;
authors: [
  &quot;Armaël Guéneau &lt;armael.gueneau@inria.fr&gt;&quot;
]
homepage: &quot;https://github.com/Armael/coq-procrastination&quot;
dev-repo: &quot;https://github.com/Armael/coq-procrastination.git&quot;
bug-reports: &quot;https://github.com/Armael/coq-procrastination/issues&quot;
license: &quot;LGPL&quot;
build: [
  [make &quot;-j%{jobs}%&quot;]
]
install: [
  [make &quot;install&quot;]
]
remove: [&quot;rm&quot; &quot;-R&quot; &quot;%{lib}%/coq/user-contrib/Procrastination&quot;]
depends: [
  &quot;coq&quot; {&gt;= &quot;8.5&quot;}
]
</pre>
            <h2>Lint</h2>
            <dl class="dl-horizontal">
              <dt>Command</dt>
              <dd><code>ruby lint.rb released opam-coq-archive/released/packages/coq-procrastination/coq-procrastination.1.0</code></dd>
              <dt>Return code</dt>
              <dd>0</dd>
            </dl>
            <h2>Dry install</h2>
            <p>Dry install with the current Coq version:</p>
            <dl class="dl-horizontal">
              <dt>Command</dt>
              <dd><code>opam install -y --show-action coq-procrastination.1.0 coq.8.6.1</code></dd>
              <dt>Return code</dt>
              <dd>0</dd>
            </dl>
            <p>Dry install without Coq, to test if the problem was incompatibility with the current Coq version:</p>
            <dl class="dl-horizontal">
              <dt>Command</dt>
              <dd><code>true</code></dd>
              <dt>Return code</dt>
              <dd>0</dd>
            </dl>
            <h2>Install dependencies</h2>
            <dl class="dl-horizontal">
              <dt>Command</dt>
              <dd><code>opam list; ulimit -Sv 4000000; timeout 30m opam install -y --deps-only coq-procrastination.1.0</code></dd>
              <dt>Return code</dt>
              <dd>0</dd>
              <dt>Duration</dt>
              <dd>49 s</dd>
            </dl>
            <h2>Install</h2>
            <dl class="dl-horizontal">
              <dt>Command</dt>
              <dd><code>opam list; ulimit -Sv 4000000; timeout 30m opam install -j1 -y -v coq-procrastination.1.0</code></dd>
              <dt>Return code</dt>
              <dd>1024</dd>
              <dt>Duration</dt>
              <dd>52 s</dd>
              <dt>Output</dt>
              <dd><pre># Installed packages for system:
base-bigarray   base  Bigarray library distributed with the OCaml compiler
base-num        base  Num library distributed with the OCaml compiler
base-threads    base  Threads library distributed with the OCaml compiler
base-unix       base  Unix library distributed with the OCaml compiler
camlp5          7.06  Preprocessor-pretty-printer of OCaml
conf-m4            1  Virtual package relying on m4
coq            8.6.1  Formal proof management system.
num                0  The Num library for arbitrary-precision integer and ration
ocamlfind      1.8.0  A library manager for OCaml
The following actions will be performed:
  - install coq-procrastination 1.0
=-=- Gathering sources =-=-=-=-=-=-=-=-=-=-=-=-=-=-=-=-=-=-=-=-=-=-=-=-=-=-=-=-=
[coq-procrastination: http] Command started
[coq-procrastination: http] Command started
[coq-procrastination.1.0] https://github.com/Armael/coq-procrastination/archive/v1.0.zip downloaded
=-=- Processing actions -=-=-=-=-=-=-=-=-=-=-=-=-=-=-=-=-=-=-=-=-=-=-=-=-=-=-=-=
[coq-procrastination: make] Command started
+ make &quot;-j1&quot; (CWD=/home/bench/.opam/system/build/coq-procrastination.1.0)
- make[1]: Entering directory &#39;/home/bench/.opam/system/build/coq-procrastination.1.0/src&#39;
- make -f Makefile.coq _CoqProject
- make[2]: Entering directory &#39;/home/bench/.opam/system/build/coq-procrastination.1.0/src&#39;
- make[2]: Leaving directory &#39;/home/bench/.opam/system/build/coq-procrastination.1.0/src&#39;
- make -f Makefile.coq all
- make[2]: Entering directory &#39;/home/bench/.opam/system/build/coq-procrastination.1.0/src&#39;
- Compiling Procrastination...
- Makefile.coq:148: recipe for target &#39;/home/bench/.opam/system/build/coq-procrastination.1.0/src/Procrastination.vo&#39; failed
- make[2]: Leaving directory &#39;/home/bench/.opam/system/build/coq-procrastination.1.0/src&#39;
- Makefile:26: recipe for target &#39;all&#39; failed
- make[1]: Leaving directory &#39;/home/bench/.opam/system/build/coq-procrastination.1.0/src&#39;
- GNUmakefile:6: recipe for target &#39;all&#39; failed
- File &quot;/home/bench/.opam/system/build/coq-procrastination.1.0/src/Procrastination.v&quot;, line 754, characters 2-22:
- In nested Ltac calls to &quot;defer (intropattern) : (uconstr)&quot;,
- &quot;defer (intropattern) : (uconstr) in (ident)&quot;,
- &quot;assert (H : E) by defer_core g&quot;, &quot;defer_core&quot;, &quot;defer_aux&quot;, 
- &quot;defer_aux&quot; and &quot;eapply (proj1 tm)&quot;, last call failed.
- Error:
- In environment
- n : nat
- g : Marker.group (1 + 2 = 3 /\ ?A /\ ?B)
- Unable to unify &quot;?A&quot; with &quot;n + 1 = n&quot; (cannot instantiate 
- &quot;?A&quot; because &quot;n&quot; is not in its scope).
- make[2]: *** [/home/bench/.opam/system/build/coq-procrastination.1.0/src/Procrastination.vo] Error 1
- make[1]: *** [all] Error 2
- make: *** [all] Error 2
[ERROR] The compilation of coq-procrastination failed at &quot;make -j1&quot;.
[coq-procrastination: rm] Command started
+ rm &quot;-R&quot; &quot;/home/bench/.opam/system/lib/coq/user-contrib/Procrastination&quot; (CWD=/home/bench/.opam/system/build/coq-procrastination.1.0)
- rm: cannot remove &#39;/home/bench/.opam/system/lib/coq/user-contrib/Procrastination&#39;: No such file or directory
#=== ERROR while installing coq-procrastination.1.0 ===========================#
# opam-version         1.2.2
# os                   linux
# command              make -j1
# path                 /home/bench/.opam/system/build/coq-procrastination.1.0
# compiler             system (4.02.1)
# exit-code            2
# env-file             /home/bench/.opam/system/build/coq-procrastination.1.0/coq-procrastination-22874-e7966f.env
# stdout-file          /home/bench/.opam/system/build/coq-procrastination.1.0/coq-procrastination-22874-e7966f.out
# stderr-file          /home/bench/.opam/system/build/coq-procrastination.1.0/coq-procrastination-22874-e7966f.err
### stdout ###
# [...]
# make[2]: Entering directory &#39;/home/bench/.opam/system/build/coq-procrastination.1.0/src&#39;
# make[2]: Leaving directory &#39;/home/bench/.opam/system/build/coq-procrastination.1.0/src&#39;
# make -f Makefile.coq all
# make[2]: Entering directory &#39;/home/bench/.opam/system/build/coq-procrastination.1.0/src&#39;
# Compiling Procrastination...
# Makefile.coq:148: recipe for target &#39;/home/bench/.opam/system/build/coq-procrastination.1.0/src/Procrastination.vo&#39; failed
# make[2]: Leaving directory &#39;/home/bench/.opam/system/build/coq-procrastination.1.0/src&#39;
# Makefile:26: recipe for target &#39;all&#39; failed
# make[1]: Leaving directory &#39;/home/bench/.opam/system/build/coq-procrastination.1.0/src&#39;
# GNUmakefile:6: recipe for target &#39;all&#39; failed
### stderr ###
# [...]
# &quot;defer_aux&quot; and &quot;eapply (proj1 tm)&quot;, last call failed.
# Error:
# In environment
# n : nat
# g : Marker.group (1 + 2 = 3 /\ ?A /\ ?B)
# Unable to unify &quot;?A&quot; with &quot;n + 1 = n&quot; (cannot instantiate 
# &quot;?A&quot; because &quot;n&quot; is not in its scope).
# make[2]: *** [/home/bench/.opam/system/build/coq-procrastination.1.0/src/Procrastination.vo] Error 1
# make[1]: *** [all] Error 2
# make: *** [all] Error 2
=-=- Error report -=-=-=-=-=-=-=-=-=-=-=-=-=-=-=-=-=-=-=-=-=-=-=-=-=-=-=-=-=-=-=
The following actions failed
  - install coq-procrastination 1.0
No changes have been performed
&#39;opam install -j1 -y -v coq-procrastination.1.0&#39; failed.
</pre></dd>
            </dl>
            <h2>Installation size</h2>
            <p>No files were installed.</p>
            <h2>Uninstall</h2>
            <dl class="dl-horizontal">
              <dt>Command</dt>
              <dd><code>true</code></dd>
              <dt>Return code</dt>
              <dd>0</dd>
              <dt>Missing removes</dt>
              <dd>
                none
              </dd>
              <dt>Wrong removes</dt>
              <dd>
                none
              </dd>
            </dl>
          </div>
        </div>
      </div>
      <hr/>
      <div class="footer">
        <p class="text-center">
          <small>Sources are on <a href="https://github.com/coq-bench">GitHub</a>. © Guillaume Claret.</small>
        </p>
      </div>
    </div>
    <script src="https://ajax.googleapis.com/ajax/libs/jquery/1.11.1/jquery.min.js"></script>
    <script src="../../../../../bootstrap.min.js"></script>
  </body>
</html>
