<!DOCTYPE html>
<html lang="en">
  <head>
    <meta charset="utf-8">
    <meta name="viewport" content="width=device-width, initial-scale=1">
    <title>mathcomp-sum-of-two-square: Error</title>
    <link rel="shortcut icon" type="image/png" href="../../../../../favicon.png" />
    <link href="../../../../../bootstrap.min.css" rel="stylesheet">
    <link href="//maxcdn.bootstrapcdn.com/font-awesome/4.2.0/css/font-awesome.min.css" rel="stylesheet">
    <script src="../../../../../moment.min.js"></script>
    <!-- HTML5 Shim and Respond.js IE8 support of HTML5 elements and media queries -->
    <!-- WARNING: Respond.js doesn't work if you view the page via file:// -->
    <!--[if lt IE 9]>
      <script src="https://oss.maxcdn.com/html5shiv/3.7.2/html5shiv.min.js"></script>
      <script src="https://oss.maxcdn.com/respond/1.4.2/respond.min.js"></script>
    <![endif]-->
  </head>
  <body>
    <div class="container">
      <div class="navbar navbar-default" role="navigation">
        <div class="container-fluid">
          <div class="navbar-header">
            <a class="navbar-brand" href="../../../../.."><i class="fa fa-lg fa-flag-checkered"></i> Coq bench</a>
          </div>
          <div id="navbar" class="collapse navbar-collapse">
            <ul class="nav navbar-nav">
              <li><a href="../..">clean / released</a></li>
              <li class="active"><a href="">8.8.1 / mathcomp-sum-of-two-square - 1.0.1</a></li>
            </ul>
          </div>
        </div>
      </div>
      <div class="article">
        <div class="row">
          <div class="col-md-12">
            <a href="../..">« Up</a>
            <h1>
              mathcomp-sum-of-two-square
              <small>
                1.0.1
                <span class="label label-danger">Error</span>
              </small>
            </h1>
            <p><em><script>document.write(moment("2019-05-20 20:35:44 +0000", "YYYY-MM-DD HH:mm:ss Z").fromNow());</script> (2019-05-20 20:35:44 UTC)</em><p>
            <h2>Context</h2>
            <pre># Packages matching: installed
# Name        # Installed       # Synopsis
base-bigarray base
base-num      base              Num library distributed with the OCaml compiler
base-threads  base
base-unix     base
camlp5        7.06.10-g84ce6cc4 Preprocessor-pretty-printer of OCaml
conf-m4       1                 Virtual package relying on m4
coq           8.8.1             Formal proof management system.
num           0                 The Num library for arbitrary-precision integer and rational arithmetic
ocaml         4.05.0            The OCaml compiler (virtual package)
ocaml-config  1                 OCaml Switch Configuration
ocaml-system  4.05.0            The OCaml compiler (system version, from outside of opam)
ocamlfind     1.8.0             A library manager for OCaml
# opam file:
opam-version: &quot;2.0&quot;
maintainer: &quot;Laurent.Thery@inria.fr&quot;
homepage: &quot;https://github.com/thery/twoSquare&quot;
bug-reports: &quot;https://github.com/thery/twoSquare/issues&quot;
license: &quot;MIT&quot;
build: [
  [&quot;./configure.sh&quot;]
  [make &quot;-j%{jobs}%&quot;]
  [make &quot;install&quot;]
]
remove: [
  [&quot;rm&quot; &quot;-R&quot; &quot;%{lib}%/coq/user-contrib/mathcomp/contrib/sum_of_two_square&quot;]
  [&quot;sh&quot; &quot;-c&quot; &quot;rmdir %{lib}%/coq/user-contrib/mathcomp/contrib || true&quot;]
]
depends: [
  &quot;ocaml&quot;
  &quot;coq&quot; {&gt;= &quot;8.8&quot;}
  &quot;coq-math-comp&quot; {&gt;= &quot;1.7&quot;} |
  (&quot;coq-mathcomp-ssreflect&quot; {&gt;= &quot;1.7&quot;} &amp;
   (&quot;coq-mathcomp-algebra&quot; {&gt;= &quot;1.7&quot;} &amp; &quot;coq-mathcomp-field&quot; {&gt;= &quot;1.7&quot;}))
]
synopsis:
  &quot;A proof of Fermat&#39;s theorem on sum of two squares. It is the proof that uses gaussian integers. This is done in ssreflect. It contains two file :&quot;
description: &quot;&quot;&quot;
gauss_int.v : the definition of gaussian integers
fermat2.v : the proof of Fermat&#39;s theorem
The final statement reads:
===================================================
From mathcomp
Require Import all_ssreflect.
From mathcomp.contrib.sum_of_two_square
Require Import gauss_int fermat2.
Check sum2stest.
sum2stest
     : forall n : nat,
       reflect
         (forall p : nat,
          prime p -&gt;
          odd p -&gt; p %| n -&gt; odd (logn p n) -&gt; p %% 4 = 1)
         (n \\is a sum_of_two_square)
===================================================&quot;&quot;&quot;
authors: &quot;Laurent Thery&quot;
url {
  src: &quot;https://github.com/thery/twoSquare/archive/v1.0.1.zip&quot;
  checksum: &quot;md5=1633745a81e8e3941d00ffb7e6e89883&quot;
}
</pre>
            <h2>Lint</h2>
            <dl class="dl-horizontal">
              <dt>Command</dt>
              <dd><code>true</code></dd>
              <dt>Return code</dt>
              <dd>0</dd>
            </dl>
            <h2>Dry install</h2>
            <p>Dry install with the current Coq version:</p>
            <dl class="dl-horizontal">
              <dt>Command</dt>
              <dd><code>opam install -y --show-action coq-mathcomp-sum-of-two-square.1.0.1 coq.8.8.1</code></dd>
              <dt>Return code</dt>
              <dd>0</dd>
            </dl>
            <p>Dry install without Coq/switch base, to test if the problem was incompatibility with the current Coq/OCaml version:</p>
            <dl class="dl-horizontal">
              <dt>Command</dt>
              <dd><code>true</code></dd>
              <dt>Return code</dt>
              <dd>0</dd>
            </dl>
            <h2>Install dependencies</h2>
            <dl class="dl-horizontal">
              <dt>Command</dt>
              <dd><code>opam list; ulimit -Sv 4000000; timeout 300m opam install -y --deps-only coq-mathcomp-sum-of-two-square.1.0.1</code></dd>
              <dt>Return code</dt>
              <dd>0</dd>
              <dt>Duration</dt>
              <dd>27 m 43 s</dd>
            </dl>
            <h2>Install</h2>
            <dl class="dl-horizontal">
              <dt>Command</dt>
              <dd><code>opam list; ulimit -Sv 4000000; timeout 30m opam install -j1 -y -v coq-mathcomp-sum-of-two-square.1.0.1</code></dd>
              <dt>Return code</dt>
              <dd>7936</dd>
              <dt>Duration</dt>
              <dd>51 s</dd>
              <dt>Output</dt>
              <dd><pre># Packages matching: installed
# Name                 # Installed       # Synopsis
base-bigarray          base
base-num               base              Num library distributed with the OCaml compiler
base-threads           base
base-unix              base
camlp5                 7.06.10-g84ce6cc4 Preprocessor-pretty-printer of OCaml
conf-m4                1                 Virtual package relying on m4
coq                    8.8.1             Formal proof management system.
coq-mathcomp-algebra   1.8.0             Mathematical Components Library on Algebra
coq-mathcomp-field     1.8.0             Mathematical Components Library on Fields
coq-mathcomp-fingroup  1.8.0             Mathematical Components Library on finite groups
coq-mathcomp-solvable  1.8.0             Mathematical Components Library on finite groups (II)
coq-mathcomp-ssreflect 1.8.0             Small Scale Reflection
num                    0                 The Num library for arbitrary-precision integer and rational arithmetic
ocaml                  4.05.0            The OCaml compiler (virtual package)
ocaml-config           1                 OCaml Switch Configuration
ocaml-system           4.05.0            The OCaml compiler (system version, from outside of opam)
ocamlfind              1.8.0             A library manager for OCaml
The following actions will be performed:
  - install coq-mathcomp-sum-of-two-square 1.0.1
&lt;&gt;&lt;&gt; Gathering sources &gt;&lt;&gt;&lt;&gt;&lt;&gt;&lt;&gt;&lt;&gt;&lt;&gt;&lt;&gt;&lt;&gt;&lt;&gt;&lt;&gt;&lt;&gt;&lt;&gt;&lt;&gt;&lt;&gt;&lt;&gt;&lt;&gt;&lt;&gt;&lt;&gt;&lt;&gt;&lt;&gt;&lt;&gt;&lt;&gt;&lt;&gt;&lt;&gt;&lt;&gt;&lt;&gt;&lt;&gt;&lt;&gt;
Processing  1/1: [coq-mathcomp-sum-of-two-square.1.0.1: http]
[coq-mathcomp-sum-of-two-square.1.0.1] downloaded from https://github.com/thery/twoSquare/archive/v1.0.1.zip
Processing  1/1:
&lt;&gt;&lt;&gt; Processing actions &lt;&gt;&lt;&gt;&lt;&gt;&lt;&gt;&lt;&gt;&lt;&gt;&lt;&gt;&lt;&gt;&lt;&gt;&lt;&gt;&lt;&gt;&lt;&gt;&lt;&gt;&lt;&gt;&lt;&gt;&lt;&gt;&lt;&gt;&lt;&gt;&lt;&gt;&lt;&gt;&lt;&gt;&lt;&gt;&lt;&gt;&lt;&gt;&lt;&gt;&lt;&gt;&lt;&gt;&lt;&gt;
Processing  1/2: [coq-mathcomp-sum-of-two-square: ./configure.sh]
+ /home/bench/.opam/opam-init/hooks/sandbox.sh &quot;build&quot; &quot;./configure.sh&quot; (CWD=/home/bench/.opam/default/.opam-switch/build/coq-mathcomp-sum-of-two-square.1.0.1)
Processing  1/2: [coq-mathcomp-sum-of-two-square: make]
+ /home/bench/.opam/opam-init/hooks/sandbox.sh &quot;build&quot; &quot;make&quot; &quot;-j7&quot; (CWD=/home/bench/.opam/default/.opam-switch/build/coq-mathcomp-sum-of-two-square.1.0.1)
- COQDEP VFILES
- COQC gauss_int.v
- File &quot;./gauss_int.v&quot;, line 1, characters 0-65:
- Warning: Notation _ + _ was already used in scope nat_scope.
- [notation-overridden,parsing]
- File &quot;./gauss_int.v&quot;, line 1, characters 0-65:
- Warning: Notation _ - _ was already used in scope nat_scope.
- [notation-overridden,parsing]
- File &quot;./gauss_int.v&quot;, line 1, characters 0-65:
- Warning: Notation _ &lt;= _ was already used in scope nat_scope.
- [notation-overridden,parsing]
- File &quot;./gauss_int.v&quot;, line 1, characters 0-65:
- Warning: Notation _ &lt; _ was already used in scope nat_scope.
- [notation-overridden,parsing]
- File &quot;./gauss_int.v&quot;, line 1, characters 0-65:
- Warning: Notation _ &gt;= _ was already used in scope nat_scope.
- [notation-overridden,parsing]
- File &quot;./gauss_int.v&quot;, line 1, characters 0-65:
- Warning: Notation _ &gt; _ was already used in scope nat_scope.
- [notation-overridden,parsing]
- File &quot;./gauss_int.v&quot;, line 1, characters 0-65:
- Warning: Notation _ &lt;= _ &lt;= _ was already used in scope nat_scope.
- [notation-overridden,parsing]
- File &quot;./gauss_int.v&quot;, line 1, characters 0-65:
- Warning: Notation _ &lt; _ &lt;= _ was already used in scope nat_scope.
- [notation-overridden,parsing]
- File &quot;./gauss_int.v&quot;, line 1, characters 0-65:
- Warning: Notation _ &lt;= _ &lt; _ was already used in scope nat_scope.
- [notation-overridden,parsing]
- File &quot;./gauss_int.v&quot;, line 1, characters 0-65:
- Warning: Notation _ &lt; _ &lt; _ was already used in scope nat_scope.
- [notation-overridden,parsing]
- File &quot;./gauss_int.v&quot;, line 1, characters 0-65:
- Warning: Notation _ * _ was already used in scope nat_scope.
- [notation-overridden,parsing]
- File &quot;./gauss_int.v&quot;, line 237, characters 0-44:
- Warning: Ignoring canonical projection to Cint_GI by algGIP in ImGI:
- redundant with ReGI [redundant-canonical-projection,typechecker]
- File &quot;./gauss_int.v&quot;, line 1856, characters 0-18:
- Warning: Ignoring canonical projection to Cint_GI by algGIP in ImGI:
- redundant with ReGI [redundant-canonical-projection,typechecker]
- COQC fermat2.v
- File &quot;./fermat2.v&quot;, line 1, characters 0-65:
- Warning: Notation _ + _ was already used in scope nat_scope.
- [notation-overridden,parsing]
- File &quot;./fermat2.v&quot;, line 1, characters 0-65:
- Warning: Notation _ - _ was already used in scope nat_scope.
- [notation-overridden,parsing]
- File &quot;./fermat2.v&quot;, line 1, characters 0-65:
- Warning: Notation _ &lt;= _ was already used in scope nat_scope.
- [notation-overridden,parsing]
- File &quot;./fermat2.v&quot;, line 1, characters 0-65:
- Warning: Notation _ &lt; _ was already used in scope nat_scope.
- [notation-overridden,parsing]
- File &quot;./fermat2.v&quot;, line 1, characters 0-65:
- Warning: Notation _ &gt;= _ was already used in scope nat_scope.
- [notation-overridden,parsing]
- File &quot;./fermat2.v&quot;, line 1, characters 0-65:
- Warning: Notation _ &gt; _ was already used in scope nat_scope.
- [notation-overridden,parsing]
- File &quot;./fermat2.v&quot;, line 1, characters 0-65:
- Warning: Notation _ &lt;= _ &lt;= _ was already used in scope nat_scope.
- [notation-overridden,parsing]
- File &quot;./fermat2.v&quot;, line 1, characters 0-65:
- Warning: Notation _ &lt; _ &lt;= _ was already used in scope nat_scope.
- [notation-overridden,parsing]
- File &quot;./fermat2.v&quot;, line 1, characters 0-65:
- Warning: Notation _ &lt;= _ &lt; _ was already used in scope nat_scope.
- [notation-overridden,parsing]
- File &quot;./fermat2.v&quot;, line 1, characters 0-65:
- Warning: Notation _ &lt; _ &lt; _ was already used in scope nat_scope.
- [notation-overridden,parsing]
- File &quot;./fermat2.v&quot;, line 1, characters 0-65:
- Warning: Notation _ * _ was already used in scope nat_scope.
- [notation-overridden,parsing]
Processing  1/2: [coq-mathcomp-sum-of-two-square: make install]
+ /home/bench/.opam/opam-init/hooks/sandbox.sh &quot;build&quot; &quot;make&quot; &quot;install&quot; (CWD=/home/bench/.opam/default/.opam-switch/build/coq-mathcomp-sum-of-two-square.1.0.1)
- install: cannot create directory &#39;/home/bench/.opam/default/lib/coq/user-contrib/mathcomp/contrib&#39;: Read-only file system
- install: cannot create directory &#39;/home/bench/.opam/default/lib/coq/user-contrib/mathcomp/contrib&#39;: Read-only file system
- install: cannot create directory &#39;/home/bench/.opam/default/lib/coq/user-contrib/mathcomp/contrib&#39;: Read-only file system
- install: cannot create directory &#39;/home/bench/.opam/default/lib/coq/user-contrib/mathcomp/contrib&#39;: Read-only file system
- install: cannot create directory &#39;/home/bench/.opam/default/lib/coq/user-contrib/mathcomp/contrib&#39;: Read-only file system
- install: cannot create directory &#39;/home/bench/.opam/default/lib/coq/user-contrib/mathcomp/contrib&#39;: Read-only file system
- Makefile:471: recipe for target &#39;install&#39; failed
- make: *** [install] Error 1
[ERROR] The compilation of coq-mathcomp-sum-of-two-square failed at &quot;/home/bench/.opam/opam-init/hooks/sandbox.sh build make install&quot;.
#=== ERROR while compiling coq-mathcomp-sum-of-two-square.1.0.1 ===============#
# context              2.0.1 | linux/x86_64 | ocaml-system.4.05.0 | file:///home/bench/run/opam-coq-archive/released
# path                 ~/.opam/default/.opam-switch/build/coq-mathcomp-sum-of-two-square.1.0.1
# command              ~/.opam/opam-init/hooks/sandbox.sh build make install
# exit-code            2
# env-file             ~/.opam/log/coq-mathcomp-sum-of-two-square-27909-865888.env
# output-file          ~/.opam/log/coq-mathcomp-sum-of-two-square-27909-865888.out
### output ###
# install: cannot create directory &#39;/home/bench/.opam/default/lib/coq/user-contrib/mathcomp/contrib&#39;: Read-only file system
# install: cannot create directory &#39;/home/bench/.opam/default/lib/coq/user-contrib/mathcomp/contrib&#39;: Read-only file system
# install: cannot create directory &#39;/home/bench/.opam/default/lib/coq/user-contrib/mathcomp/contrib&#39;: Read-only file system
# install: cannot create directory &#39;/home/bench/.opam/default/lib/coq/user-contrib/mathcomp/contrib&#39;: Read-only file system
# install: cannot create directory &#39;/home/bench/.opam/default/lib/coq/user-contrib/mathcomp/contrib&#39;: Read-only file system
# install: cannot create directory &#39;/home/bench/.opam/default/lib/coq/user-contrib/mathcomp/contrib&#39;: Read-only file system
# Makefile:471: recipe for target &#39;install&#39; failed
# make: *** [install] Error 1
&lt;&gt;&lt;&gt; Error report &lt;&gt;&lt;&gt;&lt;&gt;&lt;&gt;&lt;&gt;&lt;&gt;&lt;&gt;&lt;&gt;&lt;&gt;&lt;&gt;&lt;&gt;&lt;&gt;&lt;&gt;&lt;&gt;&lt;&gt;&lt;&gt;&lt;&gt;&lt;&gt;&lt;&gt;&lt;&gt;&lt;&gt;&lt;&gt;&lt;&gt;&lt;&gt;&lt;&gt;&lt;&gt;&lt;&gt;&lt;&gt;&lt;&gt;&lt;&gt;&lt;&gt;
+- The following actions failed
| - build coq-mathcomp-sum-of-two-square 1.0.1
+- 
- No changes have been performed
# Run eval $(opam env) to update the current shell environment
&#39;opam install -j1 -y -v coq-mathcomp-sum-of-two-square.1.0.1&#39; failed.
</pre></dd>
            </dl>
            <h2>Installation size</h2>
            <p>No files were installed.</p>
            <h2>Uninstall</h2>
            <dl class="dl-horizontal">
              <dt>Command</dt>
              <dd><code>true</code></dd>
              <dt>Return code</dt>
              <dd>0</dd>
              <dt>Missing removes</dt>
              <dd>
                none
              </dd>
              <dt>Wrong removes</dt>
              <dd>
                none
              </dd>
            </dl>
          </div>
        </div>
      </div>
      <hr/>
      <div class="footer">
        <p class="text-center">
          <small>Sources are on <a href="https://github.com/coq-bench">GitHub</a>. © Guillaume Claret.</small>
        </p>
      </div>
    </div>
    <script src="https://ajax.googleapis.com/ajax/libs/jquery/1.11.1/jquery.min.js"></script>
    <script src="../../../../../bootstrap.min.js"></script>
  </body>
</html>
