<!DOCTYPE html>
<html lang="en">
  <head>
    <meta charset="utf-8">
    <meta name="viewport" content="width=device-width, initial-scale=1">
    <title>Coq bench</title>
    <link rel="shortcut icon" type="image/png" href="../../../../../favicon.png" />
    <link href="../../../../../bootstrap.min.css" rel="stylesheet">
    <link href="//maxcdn.bootstrapcdn.com/font-awesome/4.2.0/css/font-awesome.min.css" rel="stylesheet">
    <script src="../../../../../moment.min.js"></script>
    <!-- HTML5 Shim and Respond.js IE8 support of HTML5 elements and media queries -->
    <!-- WARNING: Respond.js doesn't work if you view the page via file:// -->
    <!--[if lt IE 9]>
      <script src="https://oss.maxcdn.com/html5shiv/3.7.2/html5shiv.min.js"></script>
      <script src="https://oss.maxcdn.com/respond/1.4.2/respond.min.js"></script>
    <![endif]-->
  </head>
  <body>
    <div class="container">
      <div class="navbar navbar-default" role="navigation">
        <div class="container-fluid">
          <div class="navbar-header">
            <button type="button" class="navbar-toggle collapsed" data-toggle="collapse" data-target="#navbar" aria-expanded="false" aria-controls="navbar">
              <span class="sr-only">Toggle navigation</span>
              <span class="icon-bar"></span>
              <span class="icon-bar"></span>
              <span class="icon-bar"></span>
            </button>
            <a class="navbar-brand" href="../../../../.."><i class="fa fa-lg fa-flag-checkered"></i> Coq bench</a>
          </div>
          <div id="navbar" class="collapse navbar-collapse">
            <ul class="nav navbar-nav">
              <li><a href="../..">clean / unstable</a></li>
              <li class="active"><a href="">dev / opam-website - dev</a></li>
            </ul>
          </div>
        </div>
      </div>
      <div class="article">
        <div class="row">
          <div class="col-md-12">
            <a href="../..">« Up</a>
            <h1>
              opam-website
              <small>
                dev
                <span class="label label-warning">Error with dependencies</span>
              </small>
            </h1>
            <p><em><script>document.write(moment("2015-05-15 04:45:15 +0000", "YYYY-MM-DD HH:mm:ss Z").fromNow());</script> (2015-05-15 04:45:15 UTC)</em><p>
            <h2>Context</h2>
            <pre># Installed packages for system:
base-bigarray  base  Bigarray library distributed with the OCaml compiler
base-threads   base  Threads library distributed with the OCaml compiler
base-unix      base  Unix library distributed with the OCaml compiler
camlp5         6.12  Preprocessor-pretty-printer of OCaml
coq             dev  Formal proof management system.
</pre>
            <h2>Lint</h2>
            <dl class="dl-horizontal">
              <dt>Command</dt>
              <dd><code>ruby lint.rb unstable ../unstable/packages/coq:opam-website/coq:opam-website.dev</code></dd>
              <dt>Return code</dt>
              <dd>0</dd>
            </dl>
            <h2>Dry install</h2>
            <p>Dry install with the current Coq version:</p>
            <dl class="dl-horizontal">
              <dt>Command</dt>
              <dd><code>opam install -y --show-action coq:opam-website.dev coq.dev</code></dd>
              <dt>Return code</dt>
              <dd>0</dd>
            </dl>
            <p>Dry install without Coq, to test if the problem was incompatibility with the current Coq version:</p>
            <dl class="dl-horizontal">
              <dt>Command</dt>
              <dd><code>true</code></dd>
              <dt>Return code</dt>
              <dd>0</dd>
            </dl>
            <h2>Install dependencies</h2>
            <dl class="dl-horizontal">
              <dt>Command</dt>
              <dd><code>opam list; ulimit -Sv 1000000; timeout 5m opam install -y --deps-only coq:opam-website.dev</code></dd>
              <dt>Return code</dt>
              <dd>1024</dd>
              <dt>Duration</dt>
              <dd>39 s</dd>
              <dt>Output</dt>
              <dd><pre># Installed packages for system:
base-bigarray  base  Bigarray library distributed with the OCaml compiler
base-threads   base  Threads library distributed with the OCaml compiler
base-unix      base  Unix library distributed with the OCaml compiler
camlp5         6.12  Preprocessor-pretty-printer of OCaml
coq             dev  Formal proof management system.
The following actions will be performed:
  - install coq:error-handlers  dev   
  - install coq:list-plus       dev   
  - install coq:function-ninjas dev   
  - install ocamlfind           1.5.5 
  - install coq:io              dev   
  - install coq:list-string     dev   
  - install ppx_tools           0.99.2
  - install coq:io:list         dev   
  - install coq:io:evaluate     dev   
  - install lwt                 2.4.8 
  - install coq:io:exception    dev   
  - install coq:io:system:ocaml dev   
  - install coq:io:system       dev   
===== 13 to install =====
=-=- Gathering sources =-=-=-=-=-=-=-=-=-=-=-=-=-=-=-=-=-=-=-=-=-=-=-=-=-=-=-=-=
[coq:error-handlers: git] Command started
[coq:function-ninjas: git] Command started
[coq:io: git] Command started
[coq:error-handlers: git] Command started
[coq:error-handlers: git] Command started
[coq:function-ninjas: git] Command started
[coq:io: git] Command started
[coq:error-handlers: git] Command started
[coq:function-ninjas: git] Command started
[coq:io: git] Command started
[coq:error-handlers: git] Command started
[coq:function-ninjas: git] Command started
[coq:io: git] Command started
[coq:function-ninjas: git] Command started
[coq:io: git] Command started
[coq:error-handlers: git] Command started
[coq:error-handlers] https://github.com/clarus/coq-error-handlers updated
[coq:io:evaluate: git] Command started
[coq:io:evaluate: git] Command started
[coq:io:evaluate: git] Command started
[coq:function-ninjas: git] Command started
[coq:io:evaluate: git] Command started
[coq:function-ninjas] https://github.com/clarus/coq-function-ninjas updated
[coq:io:exception: git] Command started
[coq:io:evaluate: git] Command started
[coq:io:exception: git] Command started
[coq:io:exception: git] Command started
[coq:io:exception: git] Command started
[coq:io:exception: git] Command started
[coq:io: git] Command started
[coq:io] https://github.com/clarus/io updated
[coq:io:list: git] Command started
[coq:io:list: git] Command started
[coq:io:list: git] Command started
[coq:io:list: git] Command started
[coq:io:list: git] Command started
[coq:io:evaluate: git] Command started
[coq:io:evaluate] https://github.com/clarus/io-evaluate updated
[coq:io:system: git] Command started
[coq:io:system: git] Command started
[coq:io:system: git] Command started
[coq:io:system: git] Command started
[coq:io:system: git] Command started
[coq:io:exception: git] Command started
[coq:io:exception] https://github.com/clarus/io-exception updated
[coq:io:system:ocaml: git] Command started
[coq:io:system:ocaml: git] Command started
[coq:io:system:ocaml: git] Command started
[coq:io:system:ocaml: git] Command started
[coq:io:system:ocaml: git] Command started
[coq:io:list: git] Command started
[coq:io:list] https://github.com/clarus/io-list updated
[coq:list-plus: git] Command started
[coq:list-plus: git] Command started
[coq:list-plus: git] Command started
[coq:list-plus: git] Command started
[coq:list-plus: git] Command started
[coq:io:system:ocaml: git] Command started
[coq:io:system:ocaml] https://github.com/clarus/io-system-ocaml updated
[coq:list-string: git] Command started
[coq:list-string: git] Command started
[coq:list-string: git] Command started
[coq:list-string: git] Command started
[coq:list-string: git] Command started
[coq:io:system: git] Command started
[coq:io:system] https://github.com/clarus/io-system updated
[lwt: from default] Command started
[coq:list-plus: git] Command started
[coq:list-plus] https://github.com/clarus/coq-list-plus updated
[ocamlfind: from default] Command started
[coq:list-string: git] Command started
[coq:list-string] https://github.com/clarus/coq-list-string updated
[ppx_tools: from default] Command started
[ppx_tools: from default] Command started
[default] https://opam.ocaml.org/archives/ppx_tools.0.99.2+opam.tar.gz downloaded
[ocamlfind: from default] Command started
[default] https://opam.ocaml.org/archives/ocamlfind.1.5.5+opam.tar.gz downloaded
[lwt: from default] Command started
[default] https://opam.ocaml.org/archives/lwt.2.4.8+opam.tar.gz downloaded
=-=- Processing actions -=-=-=-=-=-=-=-=-=-=-=-=-=-=-=-=-=-=-=-=-=-=-=-=-=-=-=-=
[coq:error-handlers: ./configure.sh] Command started
[coq:function-ninjas: ./configure.sh] Command started
[coq:io: ./configure.sh] Command started
[coq:list-plus: ./configure.sh] Command started
[coq:error-handlers: make] Command started
[coq:function-ninjas: make] Command started
[coq:io: make] Command started
[coq:list-plus: make] Command started
[coq:error-handlers: make install] Command started
[coq:function-ninjas: make install] Command started
-&gt; installed coq:function-ninjas.dev
[ocamlfind: ./configure] Command started
-&gt; installed coq:error-handlers.dev
[ocamlfind: make all] Command started
[coq:io: make install] Command started
[coq:list-plus: make install] Command started
-&gt; installed coq:io.dev
[coq:io:evaluate: ./configure.sh] Command started
[coq:io:list: ./configure.sh] Command started
[coq:io:evaluate: make] Command started
[coq:io:list: make] Command started
-&gt; installed coq:list-plus.dev
[coq:list-string: ruby pp.rb] Command started
[coq:list-string: ./configure.sh] Command started
[ERROR] The compilation of coq:io:evaluate failed at &quot;make -j4&quot;.
[coq:io:evaluate: rm] Command started
[coq:list-string: make] Command started
[coq:io:list: make install] Command started
-&gt; installed coq:io:list.dev
[ocamlfind: make opt] Command started
[coq:list-string: make install] Command started
-&gt; installed coq:list-string.dev
[ocamlfind: make install] Command started
-&gt; installed ocamlfind.1.5.5
[ppx_tools: make all] Command started
[ppx_tools: make install] Command started
-&gt; installed ppx_tools.0.99.2
[lwt: ./configure] Command started
[lwt: make build] Command started
[lwt: make install] Command started
-&gt; installed lwt.2.4.8
[coq:io:system:ocaml: make] Command started
[coq:io:system:ocaml: make install] Command started
-&gt; installed coq:io:system:ocaml.dev
[coq:io:system: ./configure.sh] Command started
[coq:io:system: make] Command started
[coq:io:system: make install] Command started
-&gt; installed coq:io:system.dev
#=== ERROR while installing coq:io:evaluate.dev ===============================#
# opam-version         1.2.2
# os                   linux
# command              make -j4
# path                 /home/bench/.opam/system/build/coq:io:evaluate.dev
# compiler             system (4.02.1)
# exit-code            2
# env-file             /home/bench/.opam/system/build/coq:io:evaluate.dev/coq:io:evaluate-32268-3d0870.env
# stdout-file          /home/bench/.opam/system/build/coq:io:evaluate.dev/coq:io:evaluate-32268-3d0870.out
# stderr-file          /home/bench/.opam/system/build/coq:io:evaluate.dev/coq:io:evaluate-32268-3d0870.err
### stdout ###
# &quot;coqdep&quot; -c -R &quot;src&quot; Io &quot;src/Evaluate.v&quot; &gt; &quot;src/Evaluate.v.d&quot; || ( RV=$?; rm -f &quot;src/Evaluate.v.d&quot;; exit ${RV} )
# &quot;coqc&quot;  -q  -R &quot;src&quot; Io   src/Evaluate
# Makefile:237: recipe for target &#39;src/Evaluate.vo&#39; failed
### stderr ###
# File &quot;./src/Evaluate.v&quot;, line 18, characters 0-816:
# Error: Illegal application: 
# The term &quot;sum&quot; of type &quot;Type -&gt; Type -&gt; Type&quot;
# cannot be applied to the terms
#  &quot;T&quot; : &quot;Type&quot;
#  &quot;Exc&quot; : &quot;Type&quot;
# The 1st term has type &quot;Type@{Io.C.1}&quot; which should be coercible to
#  &quot;Type@{Coq.Init.Datatypes.19}&quot;.
# make: *** [src/Evaluate.vo] Error 1
=-=- Error report -=-=-=-=-=-=-=-=-=-=-=-=-=-=-=-=-=-=-=-=-=-=-=-=-=-=-=-=-=-=-=
The following actions were aborted
  - install coq:io:exception dev
The following actions failed
  - install coq:io:evaluate dev
The following changes have been performed
  - install coq:error-handlers  dev   
  - install coq:function-ninjas dev   
  - install coq:io              dev   
  - install coq:io:list         dev   
  - install coq:io:system       dev   
  - install coq:io:system:ocaml dev   
  - install coq:list-plus       dev   
  - install coq:list-string     dev   
  - install lwt                 2.4.8 
  - install ocamlfind           1.5.5 
  - install ppx_tools           0.99.2
The former state can be restored with:
    opam switch import &quot;~/.opam/system/backup/state-20150415021354.export&quot;
</pre></dd>
            </dl>
            <h2>Install</h2>
            <dl class="dl-horizontal">
              <dt>Command</dt>
              <dd><code>true</code></dd>
              <dt>Return code</dt>
              <dd>0</dd>
              <dt>Duration</dt>
              <dd>0 s</dd>
            </dl>
            <h2>Installation size</h2>
            <p>No files were installed.</p>
            <h2>Uninstall</h2>
            <dl class="dl-horizontal">
              <dt>Command</dt>
              <dd><code>true</code></dd>
              <dt>Return code</dt>
              <dd>0</dd>
              <dt>Missing removes</dt>
              <dd>
                none
              </dd>
              <dt>Wrong removes</dt>
              <dd>
                none
              </dd>
            </dl>
          </div>
        </div>
      </div>
      <hr/>
      <div class="footer">
        <p class="text-center">
          <small>Sources are on <a href="https://github.com/coq-bench">GitHub</a>. © Guillaume Claret.</small>
        </p>
      </div>
    </div>
    <script src="https://ajax.googleapis.com/ajax/libs/jquery/1.11.1/jquery.min.js"></script>
    <script src="../../../../../bootstrap.min.js"></script>
  </body>
</html>
