<!DOCTYPE html>
<html lang="en">
  <head>
    <meta charset="utf-8">
    <meta name="viewport" content="width=device-width, initial-scale=1">
    <title>paramcoq: Error</title>
    <link rel="shortcut icon" type="image/png" href="../../../../../favicon.png" />
    <link href="../../../../../bootstrap.min.css" rel="stylesheet">
    <link href="//maxcdn.bootstrapcdn.com/font-awesome/4.2.0/css/font-awesome.min.css" rel="stylesheet">
    <script src="../../../../../moment.min.js"></script>
    <!-- HTML5 Shim and Respond.js IE8 support of HTML5 elements and media queries -->
    <!-- WARNING: Respond.js doesn't work if you view the page via file:// -->
    <!--[if lt IE 9]>
      <script src="https://oss.maxcdn.com/html5shiv/3.7.2/html5shiv.min.js"></script>
      <script src="https://oss.maxcdn.com/respond/1.4.2/respond.min.js"></script>
    <![endif]-->
  </head>
  <body>
    <div class="container">
      <div class="navbar navbar-default" role="navigation">
        <div class="container-fluid">
          <div class="navbar-header">
            <a class="navbar-brand" href="../../../../.."><i class="fa fa-lg fa-flag-checkered"></i> Coq bench</a>
          </div>
          <div id="navbar" class="collapse navbar-collapse">
            <ul class="nav navbar-nav">
              <li><a href="../..">clean / released</a></li>
              <li class="active"><a href="">8.7.2 / paramcoq - 1.0.5</a></li>
            </ul>
          </div>
        </div>
      </div>
      <div class="article">
        <div class="row">
          <div class="col-md-12">
            <a href="../..">« Up</a>
            <h1>
              paramcoq
              <small>
                1.0.5
                <span class="label label-danger">Error</span>
              </small>
            </h1>
            <p><em><script>document.write(moment("2019-03-29 04:36:47 +0000", "YYYY-MM-DD HH:mm:ss Z").fromNow());</script> (2019-03-29 04:36:47 UTC)</em><p>
            <h2>Context</h2>
            <pre># Packages matching: installed
# Name        # Installed       # Synopsis
base-bigarray base
base-num      base              Num library distributed with the OCaml compiler
base-threads  base
base-unix     base
camlp5        7.06.10-g84ce6cc4 Preprocessor-pretty-printer of OCaml
conf-m4       1                 Virtual package relying on m4
coq           8.7.2             Formal proof management system.
num           0                 The Num library for arbitrary-precision integer and rational arithmetic
ocaml         4.05.0            The OCaml compiler (virtual package)
ocaml-config  1                 OCaml Switch Configuration
ocaml-system  4.05.0            The OCaml compiler (system version, from outside of opam)
ocamlfind     1.8.0             A library manager for OCaml
# opam file:
opam-version: &quot;1.2&quot;
maintainer: &quot;abhishek.anand.iitg@gmail.com&quot;
homepage: &quot;https://github.com/aa755/paramcoq&quot;
dev-repo: &quot;https://github.com/aa755/paramcoq&quot;
authors: [&quot;Chantal Keller&quot; &quot;Marc Lasson&quot;]
bug-reports: &quot;https://github.com/aa755/paramcoq/issues&quot;
license: &quot;MIT&quot;
build: [
  [make &quot;-j%{jobs}%&quot;]
]
install: [
  [make &quot;install&quot;]
]
remove: [&quot;rm&quot; &quot;-R&quot; &quot;%{lib}%/coq/user-contrib/Param&quot;]
depends: [
  &quot;coq&quot; {&gt;= &quot;8.7&quot; &amp; &lt; &quot;8.8~&quot;}
]
</pre>
            <h2>Lint</h2>
            <dl class="dl-horizontal">
              <dt>Command</dt>
              <dd><code>true</code></dd>
              <dt>Return code</dt>
              <dd>0</dd>
            </dl>
            <h2>Dry install</h2>
            <p>Dry install with the current Coq version:</p>
            <dl class="dl-horizontal">
              <dt>Command</dt>
              <dd><code>opam install -y --show-action coq-paramcoq.1.0.5 coq.8.7.2</code></dd>
              <dt>Return code</dt>
              <dd>0</dd>
            </dl>
            <p>Dry install without Coq, to test if the problem was incompatibility with the current Coq version:</p>
            <dl class="dl-horizontal">
              <dt>Command</dt>
              <dd><code>true</code></dd>
              <dt>Return code</dt>
              <dd>0</dd>
            </dl>
            <h2>Install dependencies</h2>
            <dl class="dl-horizontal">
              <dt>Command</dt>
              <dd><code>opam list; ulimit -Sv 4000000; timeout 30m opam install -y --deps-only coq-paramcoq.1.0.5</code></dd>
              <dt>Return code</dt>
              <dd>0</dd>
              <dt>Duration</dt>
              <dd>5 s</dd>
            </dl>
            <h2>Install</h2>
            <dl class="dl-horizontal">
              <dt>Command</dt>
              <dd><code>opam list; ulimit -Sv 4000000; timeout 30m opam install -j1 -y -v coq-paramcoq.1.0.5</code></dd>
              <dt>Return code</dt>
              <dd>7936</dd>
              <dt>Duration</dt>
              <dd>8 s</dd>
              <dt>Output</dt>
              <dd><pre># Packages matching: installed
# Name        # Installed       # Synopsis
base-bigarray base
base-num      base              Num library distributed with the OCaml compiler
base-threads  base
base-unix     base
camlp5        7.06.10-g84ce6cc4 Preprocessor-pretty-printer of OCaml
conf-m4       1                 Virtual package relying on m4
coq           8.7.2             Formal proof management system.
num           0                 The Num library for arbitrary-precision integer and rational arithmetic
ocaml         4.05.0            The OCaml compiler (virtual package)
ocaml-config  1                 OCaml Switch Configuration
ocaml-system  4.05.0            The OCaml compiler (system version, from outside of opam)
ocamlfind     1.8.0             A library manager for OCaml
The following actions will be performed:
  - install coq-paramcoq 1.0.5
&lt;&gt;&lt;&gt; Gathering sources &gt;&lt;&gt;&lt;&gt;&lt;&gt;&lt;&gt;&lt;&gt;&lt;&gt;&lt;&gt;&lt;&gt;&lt;&gt;&lt;&gt;&lt;&gt;&lt;&gt;&lt;&gt;&lt;&gt;&lt;&gt;&lt;&gt;&lt;&gt;&lt;&gt;&lt;&gt;&lt;&gt;&lt;&gt;&lt;&gt;&lt;&gt;&lt;&gt;&lt;&gt;&lt;&gt;&lt;&gt;&lt;&gt;
Processing  1/1: [coq-paramcoq.1.0.5: http]
[coq-paramcoq.1.0.5] downloaded from https://github.com/aa755/paramcoq/archive/v1.0.5.tar.gz
Processing  1/1:
&lt;&gt;&lt;&gt; Processing actions &lt;&gt;&lt;&gt;&lt;&gt;&lt;&gt;&lt;&gt;&lt;&gt;&lt;&gt;&lt;&gt;&lt;&gt;&lt;&gt;&lt;&gt;&lt;&gt;&lt;&gt;&lt;&gt;&lt;&gt;&lt;&gt;&lt;&gt;&lt;&gt;&lt;&gt;&lt;&gt;&lt;&gt;&lt;&gt;&lt;&gt;&lt;&gt;&lt;&gt;&lt;&gt;&lt;&gt;&lt;&gt;
Processing  1/2: [coq-paramcoq: make]
+ /usr/bin/make &quot;-j7&quot; (CWD=/home/bench/.opam/default/.opam-switch/build/coq-paramcoq.1.0.5)
- coq_makefile -f Make.cfg -o Makefile.coq
- /usr/bin/make -f Makefile.coq
- make[1]: Entering directory &#39;/home/bench/.opam/default/.opam-switch/build/coq-paramcoq.1.0.5&#39;
- COQDEP src/paramcoq.mlpack
- CAMLDEP src/declare_translation.ml
- CAMLDEP src/relations.ml
- CAMLDEP src/parametricity.ml
- CAMLDEP src/debug.ml
- CAMLDEP src/paramcoq_mod.ml
- CAMLDEP -pp src/abstraction.ml4
- File &quot;src/declare_translation.ml&quot;, line 322, characters 38-40:
- Warning 14: illegal backslash escape in string.
- CAMLOPT -c -for-pack Paramcoq src/debug.ml
- CAMLOPT -c -for-pack Paramcoq src/relations.ml
- CAMLOPT -c -for-pack Paramcoq src/paramcoq_mod.ml
- File &quot;src/relations.ml&quot;, line 19, characters 0-9:
- Warning 33: unused open Term.
- File &quot;src/debug.ml&quot;, line 147, characters 3-7:
- Warning 40: Sort was selected from type Constr.kind_of_term.
- It is not visible in the current scope, and will not 
- be selected if the type becomes unknown.
- File &quot;src/debug.ml&quot;, line 16, characters 0-16:
- Warning 33: unused open Ltac_plugin.
- File &quot;src/debug.ml&quot;, line 18, characters 0-9:
- Warning 33: unused open Vars.
- File &quot;src/debug.ml&quot;, line 19, characters 0-12:
- Warning 33: unused open Environ.
- File &quot;src/debug.ml&quot;, line 20, characters 0-12:
- Warning 33: unused open Context.
- CAMLOPT -c -for-pack Paramcoq src/parametricity.ml
- File &quot;src/parametricity.ml&quot;, line 150, characters 8-13:
- Warning 39: unused rec flag.
- File &quot;src/parametricity.ml&quot;, line 610, characters 37-42:
- Error: This expression has type Constr.t array
-        but an expression was expected of type EConstr.t array
-        Type Constr.t is not compatible with type EConstr.t 
- Makefile.coq:593: recipe for target &#39;src/parametricity.cmx&#39; failed
- make[2]: *** [src/parametricity.cmx] Error 2
- Makefile.coq:318: recipe for target &#39;all&#39; failed
- make[1]: *** [all] Error 2
- make[1]: Leaving directory &#39;/home/bench/.opam/default/.opam-switch/build/coq-paramcoq.1.0.5&#39;
- Makefile:4: recipe for target &#39;coq&#39; failed
- make: *** [coq] Error 2
[ERROR] The compilation of coq-paramcoq failed at &quot;/usr/bin/make -j7&quot;.
#=== ERROR while compiling coq-paramcoq.1.0.5 =================================#
# context              2.0.1 | linux/x86_64 | ocaml-system.4.05.0 | file:///home/bench/run/opam-coq-archive/released
# path                 ~/.opam/default/.opam-switch/build/coq-paramcoq.1.0.5
# command              /usr/bin/make -j7
# exit-code            2
# env-file             ~/.opam/log/coq-paramcoq-12617-d0f245.env
# output-file          ~/.opam/log/coq-paramcoq-12617-d0f245.out
### output ###
# [...]
# Warning 39: unused rec flag.
# File &quot;src/parametricity.ml&quot;, line 610, characters 37-42:
# Error: This expression has type Constr.t array
#        but an expression was expected of type EConstr.t array
#        Type Constr.t is not compatible with type EConstr.t 
# Makefile.coq:593: recipe for target &#39;src/parametricity.cmx&#39; failed
# make[2]: *** [src/parametricity.cmx] Error 2
# Makefile.coq:318: recipe for target &#39;all&#39; failed
# make[1]: *** [all] Error 2
# make[1]: Leaving directory &#39;/home/bench/.opam/default/.opam-switch/build/coq-paramcoq.1.0.5&#39;
# Makefile:4: recipe for target &#39;coq&#39; failed
# make: *** [coq] Error 2
&lt;&gt;&lt;&gt; Error report &lt;&gt;&lt;&gt;&lt;&gt;&lt;&gt;&lt;&gt;&lt;&gt;&lt;&gt;&lt;&gt;&lt;&gt;&lt;&gt;&lt;&gt;&lt;&gt;&lt;&gt;&lt;&gt;&lt;&gt;&lt;&gt;&lt;&gt;&lt;&gt;&lt;&gt;&lt;&gt;&lt;&gt;&lt;&gt;&lt;&gt;&lt;&gt;&lt;&gt;&lt;&gt;&lt;&gt;&lt;&gt;&lt;&gt;&lt;&gt;&lt;&gt;
+- The following actions failed
| - build coq-paramcoq 1.0.5
+- 
- No changes have been performed
# Run eval $(opam env) to update the current shell environment
&#39;opam install -j1 -y -v coq-paramcoq.1.0.5&#39; failed.
</pre></dd>
            </dl>
            <h2>Installation size</h2>
            <p>No files were installed.</p>
            <h2>Uninstall</h2>
            <dl class="dl-horizontal">
              <dt>Command</dt>
              <dd><code>true</code></dd>
              <dt>Return code</dt>
              <dd>0</dd>
              <dt>Missing removes</dt>
              <dd>
                none
              </dd>
              <dt>Wrong removes</dt>
              <dd>
                none
              </dd>
            </dl>
          </div>
        </div>
      </div>
      <hr/>
      <div class="footer">
        <p class="text-center">
          <small>Sources are on <a href="https://github.com/coq-bench">GitHub</a>. © Guillaume Claret.</small>
        </p>
      </div>
    </div>
    <script src="https://ajax.googleapis.com/ajax/libs/jquery/1.11.1/jquery.min.js"></script>
    <script src="../../../../../bootstrap.min.js"></script>
  </body>
</html>
