<!DOCTYPE html>
<html lang="en">
  <head>
    <meta charset="utf-8">
    <meta name="viewport" content="width=device-width, initial-scale=1">
    <title>semantics: Error</title>
    <link rel="shortcut icon" type="image/png" href="../../../../../favicon.png" />
    <link href="../../../../../bootstrap.min.css" rel="stylesheet">
    <link href="../../../../../bootstrap-custom.css" rel="stylesheet">
    <link href="//maxcdn.bootstrapcdn.com/font-awesome/4.2.0/css/font-awesome.min.css" rel="stylesheet">
    <script src="../../../../../moment.min.js"></script>
    <!-- HTML5 Shim and Respond.js IE8 support of HTML5 elements and media queries -->
    <!-- WARNING: Respond.js doesn't work if you view the page via file:// -->
    <!--[if lt IE 9]>
      <script src="https://oss.maxcdn.com/html5shiv/3.7.2/html5shiv.min.js"></script>
      <script src="https://oss.maxcdn.com/respond/1.4.2/respond.min.js"></script>
    <![endif]-->
  </head>
  <body>
    <div class="container">
      <div class="navbar navbar-default" role="navigation">
        <div class="container-fluid">
          <div class="navbar-header">
            <a class="navbar-brand" href="../../../../.."><i class="fa fa-lg fa-flag-checkered"></i> Coq bench</a>
          </div>
          <div id="navbar" class="collapse navbar-collapse">
            <ul class="nav navbar-nav">
              <li><a href="../..">clean / released</a></li>
              <li class="active"><a href="">8.5.3 / semantics - 8.11.1</a></li>
            </ul>
          </div>
        </div>
      </div>
      <div class="article">
        <div class="row">
          <div class="col-md-12">
            <a href="../..">« Up</a>
            <h1>
              semantics
              <small>
                8.11.1
                <span class="label label-danger">Error</span>
              </small>
            </h1>
            <p><em><script>document.write(moment("2020-06-07 02:58:14 +0000", "YYYY-MM-DD HH:mm:ss Z").fromNow());</script> (2020-06-07 02:58:14 UTC)</em><p>
            <h2>Context</h2>
            <pre># Packages matching: installed
# Name              # Installed # Synopsis
base-bigarray       base
base-num            base        Num library distributed with the OCaml compiler
base-threads        base
base-unix           base
camlp5              7.12        Preprocessor-pretty-printer of OCaml
conf-findutils      1           Virtual package relying on findutils
coq                 8.5.3       Formal proof management system.
num                 0           The Num library for arbitrary-precision integer and rational arithmetic
ocaml               4.04.2      The OCaml compiler (virtual package)
ocaml-base-compiler 4.04.2      Official 4.04.2 release
ocaml-config        1           OCaml Switch Configuration
# opam file:
opam-version: &quot;2.0&quot;
maintainer: &quot;kartiksinghal@gmail.com&quot;
homepage: &quot;https://github.com/coq-community/semantics&quot;
dev-repo: &quot;git+https://github.com/coq-community/semantics.git&quot;
bug-reports: &quot;https://github.com/coq-community/semantics/issues&quot;
license: &quot;MIT&quot;
synopsis: &quot;A survey of semantics styles, from natural semantics through structural operational, axiomatic, and denotational semantics, to abstract interpretation&quot;
description: &quot;&quot;&quot;
This is a survey of programming language semantics styles
for a miniature example of a programming language, with their encoding
in Coq, the proofs of equivalence of different styles, and the proof
of soundess of tools obtained from axiomatic semantics or abstract
interpretation.  The tools can be run inside Coq, thus making them
available for proof by reflection, and the code can also be extracted
and connected to a yacc-based parser, thanks to the use of a functor
parameterized by a module type of strings.  A hand-written parser is
also provided in Coq, but there are no proofs associated.
&quot;&quot;&quot;
build: [make &quot;-j%{jobs}%&quot; ]
install: [make &quot;install&quot;]
depends: [
  &quot;coq&quot;
  &quot;ocamlbuild&quot; {build}
]
tags: [
  &quot;category:Computer Science/Semantics&quot;
  &quot;category:Compilation/Semantics&quot;
  &quot;keyword:natural semantics&quot;
  &quot;keyword:denotational semantics&quot;
  &quot;keyword:axiomatic semantics&quot;
  &quot;keyword:Hoare logic&quot;
  &quot;keyword:Dijkstra weakest pre-condition calculus&quot;
  &quot;keyword:abstract interpretation&quot;
  &quot;keyword:intervals&quot;
  &quot;logpath:Semantics&quot;
]
authors: [
  &quot;Yves Bertot&quot;
]
url {
  src: &quot;https://github.com/coq-community/semantics/archive/8.11.1.tar.gz&quot;
  checksum: [
    &quot;md5=ac39ad750a2a6c4f4934f6467f5afc77&quot;
    &quot;sha512=a8922cc966b94e69bb277f1a0e5dc38a0afb4ce52d50dc2ed1b3d76449a884c3a291466dca11ef021fc1b21f8db8f687cf2af5a932439de6fe443255d6df2311&quot;
  ]
}
</pre>
            <h2>Lint</h2>
            <dl class="dl-horizontal">
              <dt>Command</dt>
              <dd><code>true</code></dd>
              <dt>Return code</dt>
              <dd>0</dd>
            </dl>
            <h2>Dry install</h2>
            <p>Dry install with the current Coq version:</p>
            <dl class="dl-horizontal">
              <dt>Command</dt>
              <dd><code>opam install -y --show-action coq-semantics.8.11.1 coq.8.5.3</code></dd>
              <dt>Return code</dt>
              <dd>0</dd>
            </dl>
            <p>Dry install without Coq/switch base, to test if the problem was incompatibility with the current Coq/OCaml version:</p>
            <dl class="dl-horizontal">
              <dt>Command</dt>
              <dd><code>true</code></dd>
              <dt>Return code</dt>
              <dd>0</dd>
            </dl>
            <h2>Install dependencies</h2>
            <dl class="dl-horizontal">
              <dt>Command</dt>
              <dd><code>opam list; echo; ulimit -Sv 4000000; timeout 2h opam install -y --deps-only coq-semantics.8.11.1 coq.8.5.3</code></dd>
              <dt>Return code</dt>
              <dd>0</dd>
              <dt>Duration</dt>
              <dd>15 s</dd>
            </dl>
            <h2>Install</h2>
            <dl class="dl-horizontal">
              <dt>Command</dt>
              <dd><code>opam list; echo; ulimit -Sv 16000000; timeout 2h opam install -y -v coq-semantics.8.11.1 coq.8.5.3</code></dd>
              <dt>Return code</dt>
              <dd>7936</dd>
              <dt>Duration</dt>
              <dd>33 s</dd>
              <dt>Output</dt>
              <dd><pre># Packages matching: installed
# Name              # Installed # Synopsis
base-bigarray       base
base-num            base        Num library distributed with the OCaml compiler
base-threads        base
base-unix           base
camlp5              7.12        Preprocessor-pretty-printer of OCaml
conf-findutils      1           Virtual package relying on findutils
coq                 8.5.3       Formal proof management system.
num                 0           The Num library for arbitrary-precision integer and rational arithmetic
ocaml               4.04.2      The OCaml compiler (virtual package)
ocaml-base-compiler 4.04.2      Official 4.04.2 release
ocaml-config        1           OCaml Switch Configuration
ocamlbuild          0.14.0      OCamlbuild is a build system with builtin rules to easily build most OCaml projects.
[NOTE] Package coq is already installed (current version is 8.5.3).
The following actions will be performed:
  - install coq-semantics 8.11.1
&lt;&gt;&lt;&gt; Gathering sources &gt;&lt;&gt;&lt;&gt;&lt;&gt;&lt;&gt;&lt;&gt;&lt;&gt;&lt;&gt;&lt;&gt;&lt;&gt;&lt;&gt;&lt;&gt;&lt;&gt;&lt;&gt;&lt;&gt;&lt;&gt;&lt;&gt;&lt;&gt;&lt;&gt;&lt;&gt;&lt;&gt;&lt;&gt;&lt;&gt;&lt;&gt;&lt;&gt;&lt;&gt;&lt;&gt;&lt;&gt;&lt;&gt;
Processing  1/1: [coq-semantics.8.11.1: http]
[coq-semantics.8.11.1] downloaded from https://github.com/coq-community/semantics/archive/8.11.1.tar.gz
Processing  1/1:
&lt;&gt;&lt;&gt; Processing actions &lt;&gt;&lt;&gt;&lt;&gt;&lt;&gt;&lt;&gt;&lt;&gt;&lt;&gt;&lt;&gt;&lt;&gt;&lt;&gt;&lt;&gt;&lt;&gt;&lt;&gt;&lt;&gt;&lt;&gt;&lt;&gt;&lt;&gt;&lt;&gt;&lt;&gt;&lt;&gt;&lt;&gt;&lt;&gt;&lt;&gt;&lt;&gt;&lt;&gt;&lt;&gt;&lt;&gt;&lt;&gt;
Processing  1/2: [coq-semantics: make]
+ /home/bench/.opam/opam-init/hooks/sandbox.sh &quot;build&quot; &quot;make&quot; &quot;-j4&quot; (CWD=/home/bench/.opam/ocaml-base-compiler.4.04.2/.opam-switch/build/coq-semantics.8.11.1)
- coq_makefile -f _CoqProject -o Makefile.coq
- make -f Makefile.coq Makefile
- make[1]: Entering directory &#39;/home/bench/.opam/ocaml-base-compiler.4.04.2/.opam-switch/build/coq-semantics.8.11.1&#39;
- &quot;coqdep&quot; -c -R &quot;.&quot; Semantics &quot;syntax.v&quot; &gt; &quot;syntax.v.d&quot; || ( RV=$?; rm -f &quot;syntax.v.d&quot;; exit ${RV} )
- &quot;coqdep&quot; -c -R &quot;.&quot; Semantics &quot;parser.v&quot; &gt; &quot;parser.v.d&quot; || ( RV=$?; rm -f &quot;parser.v.d&quot;; exit ${RV} )
- &quot;coqdep&quot; -c -R &quot;.&quot; Semantics &quot;little_w_string.v&quot; &gt; &quot;little_w_string.v.d&quot; || ( RV=$?; rm -f &quot;little_w_string.v.d&quot;; exit ${RV} )
- &quot;coqdep&quot; -c -R &quot;.&quot; Semantics &quot;little.v&quot; &gt; &quot;little.v.d&quot; || ( RV=$?; rm -f &quot;little.v.d&quot;; exit ${RV} )
- &quot;coqdep&quot; -c -R &quot;.&quot; Semantics &quot;intervals.v&quot; &gt; &quot;intervals.v.d&quot; || ( RV=$?; rm -f &quot;intervals.v.d&quot;; exit ${RV} )
- &quot;coqdep&quot; -c -R &quot;.&quot; Semantics &quot;function_cpo.v&quot; &gt; &quot;function_cpo.v.d&quot; || ( RV=$?; rm -f &quot;function_cpo.v.d&quot;; exit ${RV} )
- &quot;coqdep&quot; -c -R &quot;.&quot; Semantics &quot;extract_interpret.v&quot; &gt; &quot;extract_interpret.v.d&quot; || ( RV=$?; rm -f &quot;extract_interpret.v.d&quot;; exit ${RV} )
- &quot;coqdep&quot; -c -R &quot;.&quot; Semantics &quot;ex_i.v&quot; &gt; &quot;ex_i.v.d&quot; || ( RV=$?; rm -f &quot;ex_i.v.d&quot;; exit ${RV} )
- *** Warning: in file extract_interpret.v, library Extraction is required and has not been found in the loadpath!
- *** Warning: in file extract_interpret.v, library Extraction is required and has not been found in the loadpath!
- &quot;coqdep&quot; -c -R &quot;.&quot; Semantics &quot;example.v&quot; &gt; &quot;example.v.d&quot; || ( RV=$?; rm -f &quot;example.v.d&quot;; exit ${RV} )
- &quot;coqdep&quot; -c -R &quot;.&quot; Semantics &quot;example2.v&quot; &gt; &quot;example2.v.d&quot; || ( RV=$?; rm -f &quot;example2.v.d&quot;; exit ${RV} )
- &quot;coqdep&quot; -c -R &quot;.&quot; Semantics &quot;denot.v&quot; &gt; &quot;denot.v.d&quot; || ( RV=$?; rm -f &quot;denot.v.d&quot;; exit ${RV} )
- &quot;coqdep&quot; -c -R &quot;.&quot; Semantics &quot;context_sqrt.v&quot; &gt; &quot;context_sqrt.v.d&quot; || ( RV=$?; rm -f &quot;context_sqrt.v.d&quot;; exit ${RV} )
- &quot;coqdep&quot; -c -R &quot;.&quot; Semantics &quot;constructs.v&quot; &gt; &quot;constructs.v.d&quot; || ( RV=$?; rm -f &quot;constructs.v.d&quot;; exit ${RV} )
- &quot;coqdep&quot; -c -R &quot;.&quot; Semantics &quot;axiom.v&quot; &gt; &quot;axiom.v.d&quot; || ( RV=$?; rm -f &quot;axiom.v.d&quot;; exit ${RV} )
- &quot;coqdep&quot; -c -R &quot;.&quot; Semantics &quot;abstract_i.v&quot; &gt; &quot;abstract_i.v.d&quot; || ( RV=$?; rm -f &quot;abstract_i.v.d&quot;; exit ${RV} )
- make[1]: Nothing to be done for &#39;Makefile&#39;.
- make[1]: Leaving directory &#39;/home/bench/.opam/ocaml-base-compiler.4.04.2/.opam-switch/build/coq-semantics.8.11.1&#39;
- make -f Makefile.coq all
- make[1]: Entering directory &#39;/home/bench/.opam/ocaml-base-compiler.4.04.2/.opam-switch/build/coq-semantics.8.11.1&#39;
- &quot;coqc&quot;  -q  -R &quot;.&quot; Semantics   syntax.v
- &quot;coqc&quot;  -q  -R &quot;.&quot; Semantics   function_cpo.v
- &quot;coqc&quot;  -q  -R &quot;.&quot; Semantics   intervals.v
- &quot;coqc&quot;  -q  -R &quot;.&quot; Semantics   context_sqrt.v
- File &quot;./function_cpo.v&quot;, line 377, characters 0-27:
- Error: The following arguments are not declared: f, _.
- make[1]: *** [Makefile.coq:276: function_cpo.vo] Error 1
- make[1]: *** Waiting for unfinished jobs....
- File &quot;./syntax.v&quot;, line 34, characters 0-24:
- Error: The following arguments are not declared: n.
- make[1]: *** [Makefile.coq:276: syntax.vo] Error 1
- make[1]: Leaving directory &#39;/home/bench/.opam/ocaml-base-compiler.4.04.2/.opam-switch/build/coq-semantics.8.11.1&#39;
- make: *** [Makefile:2: all] Error 2
[ERROR] The compilation of coq-semantics failed at &quot;/home/bench/.opam/opam-init/hooks/sandbox.sh build make -j4&quot;.
#=== ERROR while compiling coq-semantics.8.11.1 ===============================#
# context              2.0.5 | linux/x86_64 | ocaml-base-compiler.4.04.2 | file:///home/bench/run/opam-coq-archive/released
# path                 ~/.opam/ocaml-base-compiler.4.04.2/.opam-switch/build/coq-semantics.8.11.1
# command              ~/.opam/opam-init/hooks/sandbox.sh build make -j4
# exit-code            2
# env-file             ~/.opam/log/coq-semantics-18461-0a5907.env
# output-file          ~/.opam/log/coq-semantics-18461-0a5907.out
### output ###
# [...]
# &quot;coqc&quot;  -q  -R &quot;.&quot; Semantics   function_cpo.v
# &quot;coqc&quot;  -q  -R &quot;.&quot; Semantics   intervals.v
# &quot;coqc&quot;  -q  -R &quot;.&quot; Semantics   context_sqrt.v
# File &quot;./function_cpo.v&quot;, line 377, characters 0-27:
# Error: The following arguments are not declared: f, _.
# make[1]: *** [Makefile.coq:276: function_cpo.vo] Error 1
# make[1]: *** Waiting for unfinished jobs....
# File &quot;./syntax.v&quot;, line 34, characters 0-24:
# Error: The following arguments are not declared: n.
# make[1]: *** [Makefile.coq:276: syntax.vo] Error 1
# make[1]: Leaving directory &#39;/home/bench/.opam/ocaml-base-compiler.4.04.2/.opam-switch/build/coq-semantics.8.11.1&#39;
# make: *** [Makefile:2: all] Error 2
&lt;&gt;&lt;&gt; Error report &lt;&gt;&lt;&gt;&lt;&gt;&lt;&gt;&lt;&gt;&lt;&gt;&lt;&gt;&lt;&gt;&lt;&gt;&lt;&gt;&lt;&gt;&lt;&gt;&lt;&gt;&lt;&gt;&lt;&gt;&lt;&gt;&lt;&gt;&lt;&gt;&lt;&gt;&lt;&gt;&lt;&gt;&lt;&gt;&lt;&gt;&lt;&gt;&lt;&gt;&lt;&gt;&lt;&gt;&lt;&gt;&lt;&gt;&lt;&gt;&lt;&gt;
+- The following actions failed
| - build coq-semantics 8.11.1
+- 
- No changes have been performed
# Run eval $(opam env) to update the current shell environment
&#39;opam install -y -v coq-semantics.8.11.1 coq.8.5.3&#39; failed.
</pre></dd>
            </dl>
            <h2>Installation size</h2>
            <p>No files were installed.</p>
            <h2>Uninstall</h2>
            <dl class="dl-horizontal">
              <dt>Command</dt>
              <dd><code>true</code></dd>
              <dt>Return code</dt>
              <dd>0</dd>
              <dt>Missing removes</dt>
              <dd>
                none
              </dd>
              <dt>Wrong removes</dt>
              <dd>
                none
              </dd>
            </dl>
          </div>
        </div>
      </div>
      <hr/>
      <div class="footer">
        <p class="text-center">
          <small>Sources are on <a href="https://github.com/coq-bench">GitHub</a>. © Guillaume Claret.</small>
        </p>
      </div>
    </div>
    <script src="https://ajax.googleapis.com/ajax/libs/jquery/1.11.1/jquery.min.js"></script>
    <script src="../../../../../bootstrap.min.js"></script>
  </body>
</html>
