<!DOCTYPE html>
<html lang="en">
  <head>
    <meta charset="utf-8">
    <meta name="viewport" content="width=device-width, initial-scale=1">
    <title>Coq bench</title>
    <link rel="shortcut icon" type="image/png" href="../../../../../favicon.png" />
    <link href="../../../../../bootstrap.min.css" rel="stylesheet">
    <link href="//maxcdn.bootstrapcdn.com/font-awesome/4.2.0/css/font-awesome.min.css" rel="stylesheet">
    <script src="../../../../../moment.min.js"></script>
    <!-- HTML5 Shim and Respond.js IE8 support of HTML5 elements and media queries -->
    <!-- WARNING: Respond.js doesn't work if you view the page via file:// -->
    <!--[if lt IE 9]>
      <script src="https://oss.maxcdn.com/html5shiv/3.7.2/html5shiv.min.js"></script>
      <script src="https://oss.maxcdn.com/respond/1.4.2/respond.min.js"></script>
    <![endif]-->
  </head>
  <body>
    <div class="container">
      <div class="navbar navbar-default" role="navigation">
        <div class="container-fluid">
          <div class="navbar-header">
            <a class="navbar-brand" href="../../../../.."><i class="fa fa-lg fa-flag-checkered"></i> Coq bench</a>
          </div>
          <div id="navbar" class="collapse navbar-collapse">
            <ul class="nav navbar-nav">
              <li><a href="../..">clean / released</a></li>
              <li class="active"><a href="">dev / mathcomp-ssreflect - 1.6.1</a></li>
            </ul>
          </div>
        </div>
      </div>
      <div class="article">
        <div class="row">
          <div class="col-md-12">
            <a href="../..">« Up</a>
            <h1>
              mathcomp-ssreflect
              <small>
                1.6.1
                <span class="label label-danger">Error</span>
              </small>
            </h1>
            <p><em><script>document.write(moment("2017-07-16 18:29:42 +0000", "YYYY-MM-DD HH:mm:ss Z").fromNow());</script> (2017-07-16 18:29:42 UTC)</em><p>
            <h2>Context</h2>
            <pre># Installed packages for system:
base-bigarray   base  Bigarray library distributed with the OCaml compiler
base-threads    base  Threads library distributed with the OCaml compiler
base-unix       base  Unix library distributed with the OCaml compiler
camlp5          7.01  Preprocessor-pretty-printer of OCaml
conf-m4            1  Virtual package relying on m4
coq              dev  Formal proof management system.
ocamlfind      1.7.3  A library manager for OCaml
</pre>
            <h2>Lint</h2>
            <dl class="dl-horizontal">
              <dt>Command</dt>
              <dd><code>ruby lint.rb released opam-coq-archive/released/packages/coq-mathcomp-ssreflect/coq-mathcomp-ssreflect.1.6.1</code></dd>
              <dt>Return code</dt>
              <dd>0</dd>
            </dl>
            <h2>Dry install</h2>
            <p>Dry install with the current Coq version:</p>
            <dl class="dl-horizontal">
              <dt>Command</dt>
              <dd><code>opam install -y --show-action coq-mathcomp-ssreflect.1.6.1 coq.dev</code></dd>
              <dt>Return code</dt>
              <dd>0</dd>
            </dl>
            <p>Dry install without Coq, to test if the problem was incompatibility with the current Coq version:</p>
            <dl class="dl-horizontal">
              <dt>Command</dt>
              <dd><code>true</code></dd>
              <dt>Return code</dt>
              <dd>0</dd>
            </dl>
            <h2>Install dependencies</h2>
            <dl class="dl-horizontal">
              <dt>Command</dt>
              <dd><code>opam list; ulimit -Sv 4000000; timeout 30m opam install -y --deps-only coq-mathcomp-ssreflect.1.6.1</code></dd>
              <dt>Return code</dt>
              <dd>0</dd>
              <dt>Duration</dt>
              <dd>28 s</dd>
            </dl>
            <h2>Install</h2>
            <dl class="dl-horizontal">
              <dt>Command</dt>
              <dd><code>opam list; ulimit -Sv 4000000; timeout 30m opam install -j1 -y -v coq-mathcomp-ssreflect.1.6.1</code></dd>
              <dt>Return code</dt>
              <dd>1024</dd>
              <dt>Duration</dt>
              <dd>50 s</dd>
              <dt>Output</dt>
              <dd><pre># Installed packages for system:
base-bigarray   base  Bigarray library distributed with the OCaml compiler
base-threads    base  Threads library distributed with the OCaml compiler
base-unix       base  Unix library distributed with the OCaml compiler
camlp5          7.01  Preprocessor-pretty-printer of OCaml
conf-m4            1  Virtual package relying on m4
coq              dev  Formal proof management system.
ocamlfind      1.7.3  A library manager for OCaml
The following actions will be performed:
  - install coq-mathcomp-ssreflect 1.6.1
=-=- Gathering sources =-=-=-=-=-=-=-=-=-=-=-=-=-=-=-=-=-=-=-=-=-=-=-=-=-=-=-=-=
[coq-mathcomp-ssreflect: http] Command started
[coq-mathcomp-ssreflect: http] Command started
[coq-mathcomp-ssreflect.1.6.1] http://github.com/math-comp/math-comp/archive/mathcomp-1.6.1.tar.gz downloaded
=-=- Processing actions -=-=-=-=-=-=-=-=-=-=-=-=-=-=-=-=-=-=-=-=-=-=-=-=-=-=-=-=
[coq-mathcomp-ssreflect: make 1] Command started
+ make &quot;-C&quot; &quot;mathcomp/ssreflect&quot; &quot;-j&quot; &quot;1&quot; (CWD=/home/bench/.opam/system/build/coq-mathcomp-ssreflect.1.6.1)
- make: Entering directory &#39;/home/bench/.opam/system/build/coq-mathcomp-ssreflect.1.6.1/mathcomp/ssreflect&#39;
- Generating Makefile.coq for Coq v8.7 with COQBIN=/home/bench/.opam/system/bin//
- # Override COQDEP to find only the &quot;right&quot; copy .ml files
- COQDEP tuple.v
- COQDEP prime.v
- COQDEP path.v
- COQDEP generic_quotient.v
- COQDEP fintype.v
- COQDEP finset.v
- COQDEP fingraph.v
- COQDEP finfun.v
- COQDEP div.v
- COQDEP choice.v
- COQDEP binomial.v
- COQDEP bigop.v
- COQDEP ssrnat.v
- COQDEP ssrfun.v
- COQDEP ssreflect.v
- COQDEP ssrbool.v
- COQDEP seq.v
- COQDEP eqtype.v
- COQDEP all_ssreflect.v
- COQC ssreflect.v
- COQC ssrfun.v
- *** Warning: in file ssreflect.v, declared ML module ssreflect_plugin has not been found!
- *** Warning: in file ssreflect.v, declared ML module ssreflect_plugin has not been found!
- Warning: Directory v8.5 cannot be used as a Coq identifier (skipped)
- [cannot-use-directory,filesystem]
- Warning: Directory v8.4 cannot be used as a Coq identifier (skipped)
- [cannot-use-directory,filesystem]
- Warning: Directory v8.6 cannot be used as a Coq identifier (skipped)
- [cannot-use-directory,filesystem]
- File &quot;./ssreflect.v&quot;, line 6, characters 0-18:
- Warning: There is no option SsrAstVersion. [unknown-option,option]
- File &quot;./ssreflect.v&quot;, line 269, characters 0-29:
- Warning: Implicit Arguments is deprecated; use Arguments instead
- [deprecated-implicit-arguments,deprecated]
- File &quot;./ssreflect.v&quot;, line 270, characters 0-29:
- Warning: Implicit Arguments is deprecated; use Arguments instead
- [deprecated-implicit-arguments,deprecated]
- File &quot;./ssreflect.v&quot;, line 371, characters 0-35:
- Warning: Implicit Arguments is deprecated; use Arguments instead
- [deprecated-implicit-arguments,deprecated]
- File &quot;./ssreflect.v&quot;, line 375, characters 0-39:
- Warning: Implicit Arguments is deprecated; use Arguments instead
- [deprecated-implicit-arguments,deprecated]
- File &quot;./ssreflect.v&quot;, line 378, characters 0-35:
- Warning: Implicit Arguments is deprecated; use Arguments instead
- [deprecated-implicit-arguments,deprecated]
- File &quot;./ssreflect.v&quot;, line 381, characters 0-35:
- Warning: Implicit Arguments is deprecated; use Arguments instead
- [deprecated-implicit-arguments,deprecated]
- File &quot;./ssreflect.v&quot;, line 405, characters 0-37:
- Warning: Implicit Arguments is deprecated; use Arguments instead
- [deprecated-implicit-arguments,deprecated]
- Warning: Directory v8.5 cannot be used as a Coq identifier (skipped)
- [cannot-use-directory,filesystem]
- Warning: Directory v8.4 cannot be used as a Coq identifier (skipped)
- [cannot-use-directory,filesystem]
- Warning: Directory v8.6 cannot be used as a Coq identifier (skipped)
- [cannot-use-directory,filesystem]
- COQC ssrbool.v
- File &quot;./ssrfun.v&quot;, line 552, characters 0-31:
- Warning: Implicit Arguments is deprecated; use Arguments instead
- [deprecated-implicit-arguments,deprecated]
- File &quot;./ssrfun.v&quot;, line 553, characters 0-32:
- Warning: Implicit Arguments is deprecated; use Arguments instead
- [deprecated-implicit-arguments,deprecated]
- Warning: Directory v8.5 cannot be used as a Coq identifier (skipped)
- [cannot-use-directory,filesystem]
- Warning: Directory v8.4 cannot be used as a Coq identifier (skipped)
- [cannot-use-directory,filesystem]
- Warning: Directory v8.6 cannot be used as a Coq identifier (skipped)
- [cannot-use-directory,filesystem]
- File &quot;./ssrbool.v&quot;, line 725, characters 0-43:
- Warning: Implicit Arguments is deprecated; use Arguments instead
- [deprecated-implicit-arguments,deprecated]
- File &quot;./ssrbool.v&quot;, line 726, characters 0-48:
- Warning: Implicit Arguments is deprecated; use Arguments instead
- [deprecated-implicit-arguments,deprecated]
- File &quot;./ssrbool.v&quot;, line 727, characters 0-53:
- Warning: Implicit Arguments is deprecated; use Arguments instead
- [deprecated-implicit-arguments,deprecated]
- File &quot;./ssrbool.v&quot;, line 728, characters 0-58:
- Warning: Implicit Arguments is deprecated; use Arguments instead
- [deprecated-implicit-arguments,deprecated]
- File &quot;./ssrbool.v&quot;, line 799, characters 0-27:
- Warning: Implicit Arguments is deprecated; use Arguments instead
- [deprecated-implicit-arguments,deprecated]
- File &quot;./ssrbool.v&quot;, line 800, characters 0-28:
- Warning: Implicit Arguments is deprecated; use Arguments instead
- [deprecated-implicit-arguments,deprecated]
- File &quot;./ssrbool.v&quot;, line 801, characters 0-28:
- Warning: Implicit Arguments is deprecated; use Arguments instead
- [deprecated-implicit-arguments,deprecated]
- File &quot;./ssrbool.v&quot;, line 802, characters 0-29:
- Warning: Implicit Arguments is deprecated; use Arguments instead
- [deprecated-implicit-arguments,deprecated]
- File &quot;./ssrbool.v&quot;, line 803, characters 0-29:
- Warning: Implicit Arguments is deprecated; use Arguments instead
- [deprecated-implicit-arguments,deprecated]
- File &quot;./ssrbool.v&quot;, line 804, characters 0-31:
- Warning: Implicit Arguments is deprecated; use Arguments instead
- [deprecated-implicit-arguments,deprecated]
- File &quot;./ssrbool.v&quot;, line 805, characters 0-35:
- Warning: Implicit Arguments is deprecated; use Arguments instead
- [deprecated-implicit-arguments,deprecated]
- File &quot;./ssrbool.v&quot;, line 806, characters 0-38:
- Warning: Implicit Arguments is deprecated; use Arguments instead
- [deprecated-implicit-arguments,deprecated]
- File &quot;./ssrbool.v&quot;, line 807, characters 0-41:
- Warning: Implicit Arguments is deprecated; use Arguments instead
- [deprecated-implicit-arguments,deprecated]
- File &quot;./ssrbool.v&quot;, line 808, characters 0-30:
- Warning: Implicit Arguments is deprecated; use Arguments instead
- [deprecated-implicit-arguments,deprecated]
- File &quot;./ssrbool.v&quot;, line 809, characters 0-34:
- Warning: Implicit Arguments is deprecated; use Arguments instead
- [deprecated-implicit-arguments,deprecated]
- File &quot;./ssrbool.v&quot;, line 810, characters 0-37:
- Warning: Implicit Arguments is deprecated; use Arguments instead
- [deprecated-implicit-arguments,deprecated]
- File &quot;./ssrbool.v&quot;, line 811, characters 0-32:
- Warning: Implicit Arguments is deprecated; use Arguments instead
- [deprecated-implicit-arguments,deprecated]
- File &quot;./ssrbool.v&quot;, line 812, characters 0-31:
- Warning: Implicit Arguments is deprecated; use Arguments instead
- [deprecated-implicit-arguments,deprecated]
- File &quot;./ssrbool.v&quot;, line 813, characters 0-33:
- Warning: Implicit Arguments is deprecated; use Arguments instead
- [deprecated-implicit-arguments,deprecated]
- File &quot;./ssrbool.v&quot;, line 939, characters 0-30:
- Warning: Implicit Arguments is deprecated; use Arguments instead
- [deprecated-implicit-arguments,deprecated]
- File &quot;./ssrbool.v&quot;, line 1126, characters 0-62:
- Warning: Projection value has no head constant: id in canonical instance
- predPredType of topred, ignoring it.
- [projection-no-head-constant,typechecker]
- File &quot;./ssrbool.v&quot;, line 1128, characters 0-68:
- Warning: Projection value has no head constant: id in canonical instance
- boolfunPredType of topred, ignoring it.
- [projection-no-head-constant,typechecker]
- File &quot;./ssrbool.v&quot;, line 1137, characters 0-15:
- Warning: Projection value has no head constant: id in canonical instance
- predPredType of topred, ignoring it.
- [projection-no-head-constant,typechecker]
- File &quot;./ssrbool.v&quot;, line 1137, characters 0-15:
- Warning: Projection value has no head constant: id in canonical instance
- boolfunPredType of topred, ignoring it.
- [projection-no-head-constant,typechecker]
- File &quot;./ssrbool.v&quot;, line 1139, characters 0-28:
- Warning: Implicit Arguments is deprecated; use Arguments instead
- [deprecated-implicit-arguments,deprecated]
- File &quot;./ssrbool.v&quot;, line 1140, characters 0-28:
- Warning: Implicit Arguments is deprecated; use Arguments instead
- [deprecated-implicit-arguments,deprecated]
- File &quot;./ssrbool.v&quot;, line 1199, characters 0-37:
- Warning: Implicit Arguments is deprecated; use Arguments instead
- [deprecated-implicit-arguments,deprecated]
- File &quot;./ssrbool.v&quot;, line 1328, characters 0-34:
- Warning: Implicit Arguments is deprecated; use Arguments instead
- [deprecated-implicit-arguments,deprecated]
- File &quot;./ssrbool.v&quot;, line 1509, characters 0-69:
- Warning: Deprecated syntax: use &quot;Local&quot; as a prefix.
- [deprecated-local-syntax,deprecated]
- File &quot;./ssrbool.v&quot;, line 1510, characters 0-73:
- Warning: Deprecated syntax: use &quot;Local&quot; as a prefix.
- [deprecated-local-syntax,deprecated]
- File &quot;./ssrbool.v&quot;, line 1511, characters 0-76:
- Warning: Deprecated syntax: use &quot;Local&quot; as a prefix.
- [deprecated-local-syntax,deprecated]
- File &quot;./ssrbool.v&quot;, line 1512, characters 0-33:
- Warning: Deprecated syntax: use &quot;Local&quot; as a prefix.
- [deprecated-local-syntax,deprecated]
- File &quot;./ssrbool.v&quot;, line 1519, characters 0-36:
- Warning: Deprecated syntax: use &quot;Local&quot; as a prefix.
- [deprecated-local-syntax,deprecated]
- COQC eqtype.v
- Warning: Directory v8.5 cannot be used as a Coq identifier (skipped)
- [cannot-use-directory,filesystem]
- Warning: Directory v8.4 cannot be used as a Coq identifier (skipped)
- [cannot-use-directory,filesystem]
- Warning: Directory v8.6 cannot be used as a Coq identifier (skipped)
- [cannot-use-directory,filesystem]
- File &quot;./eqtype.v&quot;, line 150, characters 0-30:
- Warning: Implicit Arguments is deprecated; use Arguments instead
- [deprecated-implicit-arguments,deprecated]
- File &quot;./eqtype.v&quot;, line 233, characters 0-32:
- Warning: Implicit Arguments is deprecated; use Arguments instead
- [deprecated-implicit-arguments,deprecated]
- File &quot;./eqtype.v&quot;, line 234, characters 0-33:
- Warning: Implicit Arguments is deprecated; use Arguments instead
- [deprecated-implicit-arguments,deprecated]
- File &quot;./eqtype.v&quot;, line 342, characters 0-36:
- Warning: Implicit Arguments is deprecated; use Arguments instead
- [deprecated-implicit-arguments,deprecated]
- File &quot;./eqtype.v&quot;, line 343, characters 0-40:
- Warning: Implicit Arguments is deprecated; use Arguments instead
- [deprecated-implicit-arguments,deprecated]
- File &quot;./eqtype.v&quot;, line 344, characters 0-36:
- Warning: Implicit Arguments is deprecated; use Arguments instead
- [deprecated-implicit-arguments,deprecated]
- COQC ssrnat.v
- File &quot;./eqtype.v&quot;, line 439, characters 0-61:
- Warning: Arguments Scope is deprecated; use Arguments instead
- [deprecated-arguments-scope,deprecated]
- File &quot;./eqtype.v&quot;, line 494, characters 0-26:
- Warning: Implicit Arguments is deprecated; use Arguments instead
- [deprecated-implicit-arguments,deprecated]
- File &quot;./eqtype.v&quot;, line 575, characters 0-32:
- Warning: Implicit Arguments is deprecated; use Arguments instead
- [deprecated-implicit-arguments,deprecated]
- File &quot;./eqtype.v&quot;, line 576, characters 0-30:
- Warning: Implicit Arguments is deprecated; use Arguments instead
- [deprecated-implicit-arguments,deprecated]
- File &quot;./eqtype.v&quot;, line 577, characters 0-30:
- Warning: Implicit Arguments is deprecated; use Arguments instead
- [deprecated-implicit-arguments,deprecated]
- File &quot;./eqtype.v&quot;, line 578, characters 0-35:
- Warning: Implicit Arguments is deprecated; use Arguments instead
- [deprecated-implicit-arguments,deprecated]
- File &quot;./eqtype.v&quot;, line 579, characters 0-51:
- Warning: Implicit Arguments is deprecated; use Arguments instead
- [deprecated-implicit-arguments,deprecated]
- File &quot;./eqtype.v&quot;, line 580, characters 0-33:
- Warning: Implicit Arguments is deprecated; use Arguments instead
- [deprecated-implicit-arguments,deprecated]
- File &quot;./eqtype.v&quot;, line 581, characters 0-34:
- Warning: Implicit Arguments is deprecated; use Arguments instead
- [deprecated-implicit-arguments,deprecated]
- File &quot;./eqtype.v&quot;, line 582, characters 0-35:
- Warning: Implicit Arguments is deprecated; use Arguments instead
- [deprecated-implicit-arguments,deprecated]
- File &quot;./eqtype.v&quot;, line 613, characters 0-32:
- Warning: Implicit Arguments is deprecated; use Arguments instead
- [deprecated-implicit-arguments,deprecated]
- File &quot;./eqtype.v&quot;, line 625, characters 0-31:
- Warning: Implicit Arguments is deprecated; use Arguments instead
- [deprecated-implicit-arguments,deprecated]
- File &quot;./eqtype.v&quot;, line 699, characters 0-79:
- Warning: Deprecated syntax: use &quot;Local&quot; as a prefix.
- [deprecated-local-syntax,deprecated]
- File &quot;./eqtype.v&quot;, line 716, characters 0-39:
- Warning: Implicit Arguments is deprecated; use Arguments instead
- [deprecated-implicit-arguments,deprecated]
- File &quot;./eqtype.v&quot;, line 760, characters 0-35:
- Warning: Implicit Arguments is deprecated; use Arguments instead
- [deprecated-implicit-arguments,deprecated]
- File &quot;./eqtype.v&quot;, line 790, characters 0-31:
- Warning: Implicit Arguments is deprecated; use Arguments instead
- [deprecated-implicit-arguments,deprecated]
- File &quot;./eqtype.v&quot;, line 837, characters 0-37:
- Warning: Implicit Arguments is deprecated; use Arguments instead
- [deprecated-implicit-arguments,deprecated]
- File &quot;./eqtype.v&quot;, line 861, characters 0-38:
- Warning: Implicit Arguments is deprecated; use Arguments instead
- [deprecated-implicit-arguments,deprecated]
- Warning: Directory v8.5 cannot be used as a Coq identifier (skipped)
- [cannot-use-directory,filesystem]
- Warning: Directory v8.4 cannot be used as a Coq identifier (skipped)
- [cannot-use-directory,filesystem]
- Warning: Directory v8.6 cannot be used as a Coq identifier (skipped)
- [cannot-use-directory,filesystem]
- File &quot;./ssrnat.v&quot;, line 177, characters 0-29:
- Warning: Implicit Arguments is deprecated; use Arguments instead
- [deprecated-implicit-arguments,deprecated]
- File &quot;./ssrnat.v&quot;, line 193, characters 0-43:
- Warning: Notation _ + _ was already used in scope nat_scope
- [notation-overridden,parsing]
- File &quot;./ssrnat.v&quot;, line 255, characters 0-43:
- Warning: Notation _ - _ was already used in scope nat_scope
- [notation-overridden,parsing]
- File &quot;./ssrnat.v&quot;, line 299, characters 0-43:
- Warning: Notation _ &lt;= _ was already used in scope nat_scope
- [notation-overridden,parsing]
- File &quot;./ssrnat.v&quot;, line 300, characters 0-45:
- Warning: Notation _ &lt; _ was already used in scope nat_scope
- [notation-overridden,parsing]
- File &quot;./ssrnat.v&quot;, line 301, characters 0-57:
- Warning: Notation _ &gt;= _ was already used in scope nat_scope
- [notation-overridden,parsing]
- File &quot;./ssrnat.v&quot;, line 302, characters 0-57:
- Warning: Notation _ &gt; _ was already used in scope nat_scope
- [notation-overridden,parsing]
- File &quot;./ssrnat.v&quot;, line 309, characters 0-61:
- Warning: Notation _ &lt;= _ &lt;= _ was already used in scope nat_scope
- [notation-overridden,parsing]
- File &quot;./ssrnat.v&quot;, line 310, characters 0-59:
- Warning: Notation _ &lt; _ &lt;= _ was already used in scope nat_scope
- [notation-overridden,parsing]
- File &quot;./ssrnat.v&quot;, line 311, characters 0-59:
- Warning: Notation _ &lt;= _ &lt; _ was already used in scope nat_scope
- [notation-overridden,parsing]
- File &quot;./ssrnat.v&quot;, line 312, characters 0-57:
- Warning: Notation _ &lt; _ &lt; _ was already used in scope nat_scope
- [notation-overridden,parsing]
- File &quot;./ssrnat.v&quot;, line 397, characters 0-28:
- Warning: Implicit Arguments is deprecated; use Arguments instead
- [deprecated-implicit-arguments,deprecated]
- File &quot;./ssrnat.v&quot;, line 414, characters 0-28:
- Warning: Implicit Arguments is deprecated; use Arguments instead
- [deprecated-implicit-arguments,deprecated]
- File &quot;./ssrnat.v&quot;, line 830, characters 0-43:
- Warning: Notation _ * _ was already used in scope nat_scope
- [notation-overridden,parsing]
- File &quot;./ssrnat.v&quot;, line 923, characters 0-39:
- Warning: Implicit Arguments is deprecated; use Arguments instead
- [deprecated-implicit-arguments,deprecated]
- File &quot;./ssrnat.v&quot;, line 927, characters 0-39:
- Warning: Implicit Arguments is deprecated; use Arguments instead
- [deprecated-implicit-arguments,deprecated]
- File &quot;./ssrnat.v&quot;, line 931, characters 0-39:
- Warning: Implicit Arguments is deprecated; use Arguments instead
- [deprecated-implicit-arguments,deprecated]
- File &quot;./ssrnat.v&quot;, line 935, characters 0-39:
- Warning: Implicit Arguments is deprecated; use Arguments instead
- [deprecated-implicit-arguments,deprecated]
- File &quot;./ssrnat.v&quot;, line 945, characters 0-39:
- Warning: Implicit Arguments is deprecated; use Arguments instead
- [deprecated-implicit-arguments,deprecated]
- File &quot;./ssrnat.v&quot;, line 949, characters 0-39:
- Warning: Implicit Arguments is deprecated; use Arguments instead
- [deprecated-implicit-arguments,deprecated]
- File &quot;./ssrnat.v&quot;, line 1380, characters 0-95:
- Warning: Notation _ + _ was already used in scope nat_scope
- [notation-overridden,parsing]
- File &quot;./ssrnat.v&quot;, line 1380, characters 0-95:
- Warning: Notation _ + _ was already used in scope nat_scope
- [notation-overridden,parsing]
- File &quot;./ssrnat.v&quot;, line 1387, characters 0-42:
- Warning: Notation _ * _ was already used in scope nat_scope
- [notation-overridden,parsing]
- File &quot;./ssrnat.v&quot;, line 1393, characters 0-42:
- Warning: Notation _ ^ _ was already used in scope nat_scope
- [notation-overridden,parsing]
- File &quot;./ssrnat.v&quot;, line 1395, characters 0-27:
- Warning: Deprecated syntax: use &quot;Local&quot; as a prefix.
- [deprecated-local-syntax,deprecated]
- File &quot;./ssrnat.v&quot;, line 1398, characters 0-33:
- Warning: Deprecated syntax: use &quot;Local&quot; as a prefix.
- [deprecated-local-syntax,deprecated]
- File &quot;./ssrnat.v&quot;, line 1400, characters 0-43:
- Warning: Notation _ .*2 was already used in scope nat_scope
- [notation-overridden,parsing]
- File &quot;./ssrnat.v&quot;, line 1449, characters 0-15:
- Warning: Notation _ + _ was already used in scope nat_scope
- [notation-overridden,parsing]
- File &quot;./ssrnat.v&quot;, line 1449, characters 0-15:
- Warning: Notation _ * _ was already used in scope nat_scope
- [notation-overridden,parsing]
- File &quot;./ssrnat.v&quot;, line 1449, characters 0-15:
- Warning: Notation _ ^ _ was already used in scope nat_scope
- [notation-overridden,parsing]
- File &quot;./ssrnat.v&quot;, line 1449, characters 0-15:
- Warning: Notation _ .*2 was already used in scope nat_scope
- [notation-overridden,parsing]
- File &quot;./ssrnat.v&quot;, line 1460, characters 0-45:
- Warning: Deprecated syntax: use &quot;Local&quot; as a prefix.
- [deprecated-local-syntax,deprecated]
- COQC seq.v
- File &quot;./ssrnat.v&quot;, line 1527, characters 0-56:
- Warning: Projection value has no head constant:
- fun (x : N) (_ : xpredT x) =&gt; {| bin_of_number := x |} in canonical instance
- number_subType of Sub, ignoring it. [projection-no-head-constant,typechecker]
- Warning: Directory v8.5 cannot be used as a Coq identifier (skipped)
- [cannot-use-directory,filesystem]
- Warning: Directory v8.4 cannot be used as a Coq identifier (skipped)
- [cannot-use-directory,filesystem]
- Warning: Directory v8.6 cannot be used as a Coq identifier (skipped)
- [cannot-use-directory,filesystem]
- File &quot;./seq.v&quot;, line 4, characters 0-58:
- Warning: Notation _ + _ was already used in scope nat_scope
- [notation-overridden,parsing]
- File &quot;./seq.v&quot;, line 4, characters 0-58:
- Warning: Notation _ - _ was already used in scope nat_scope
- [notation-overridden,parsing]
- File &quot;./seq.v&quot;, line 4, characters 0-58:
- Warning: Notation _ &lt;= _ was already used in scope nat_scope
- [notation-overridden,parsing]
- File &quot;./seq.v&quot;, line 4, characters 0-58:
- Warning: Notation _ &lt; _ was already used in scope nat_scope
- [notation-overridden,parsing]
- File &quot;./seq.v&quot;, line 4, characters 0-58:
- Warning: Notation _ &gt;= _ was already used in scope nat_scope
- [notation-overridden,parsing]
- File &quot;./seq.v&quot;, line 4, characters 0-58:
- Warning: Notation _ &gt; _ was already used in scope nat_scope
- [notation-overridden,parsing]
- File &quot;./seq.v&quot;, line 4, characters 0-58:
- Warning: Notation _ &lt;= _ &lt;= _ was already used in scope nat_scope
- [notation-overridden,parsing]
- File &quot;./seq.v&quot;, line 4, characters 0-58:
- Warning: Notation _ &lt; _ &lt;= _ was already used in scope nat_scope
- [notation-overridden,parsing]
- File &quot;./seq.v&quot;, line 4, characters 0-58:
- Warning: Notation _ &lt;= _ &lt; _ was already used in scope nat_scope
- [notation-overridden,parsing]
- File &quot;./seq.v&quot;, line 4, characters 0-58:
- Warning: Notation _ &lt; _ &lt; _ was already used in scope nat_scope
- [notation-overridden,parsing]
- File &quot;./seq.v&quot;, line 4, characters 0-58:
- Warning: Notation _ * _ was already used in scope nat_scope
- [notation-overridden,parsing]
- File &quot;./seq.v&quot;, line 168, characters 0-45:
- Warning: Arguments Scope is deprecated; use Arguments instead
- [deprecated-arguments-scope,deprecated]
- Makefile.coq:524: recipe for target &#39;seq.vo&#39; failed
- Makefile.coq:254: recipe for target &#39;all&#39; failed
- Makefile:24: recipe for target &#39;all&#39; failed
- make: Leaving directory &#39;/home/bench/.opam/system/build/coq-mathcomp-ssreflect.1.6.1/mathcomp/ssreflect&#39;
- File &quot;./seq.v&quot;, line 707, characters 0-62:
- Error: Cannot apply lemma leq_trans
- 
- make[2]: *** [seq.vo] Error 1
- make[1]: *** [all] Error 2
- make: *** [all] Error 2
[ERROR] The compilation of coq-mathcomp-ssreflect failed at &quot;make -C
        mathcomp/ssreflect -j 1&quot;.
[coq-mathcomp-ssreflect: sh] Command started
+ sh &quot;-c&quot; &quot;rm -rf &#39;/home/bench/.opam/system/lib/coq/user-contrib/mathcomp&#39;&quot; (CWD=/home/bench/.opam/system/build/coq-mathcomp-ssreflect.1.6.1)
#=== ERROR while installing coq-mathcomp-ssreflect.1.6.1 ======================#
# opam-version         1.2.2
# os                   linux
# command              make -C mathcomp/ssreflect -j 1
# path                 /home/bench/.opam/system/build/coq-mathcomp-ssreflect.1.6.1
# compiler             system (4.03.0)
# exit-code            2
# env-file             /home/bench/.opam/system/build/coq-mathcomp-ssreflect.1.6.1/coq-mathcomp-ssreflect-12330-e7966f.env
# stdout-file          /home/bench/.opam/system/build/coq-mathcomp-ssreflect.1.6.1/coq-mathcomp-ssreflect-12330-e7966f.out
# stderr-file          /home/bench/.opam/system/build/coq-mathcomp-ssreflect.1.6.1/coq-mathcomp-ssreflect-12330-e7966f.err
### stdout ###
# [...]
# COQC ssreflect.v
# COQC ssrfun.v
# COQC ssrbool.v
# COQC eqtype.v
# COQC ssrnat.v
# COQC seq.v
# Makefile.coq:524: recipe for target &#39;seq.vo&#39; failed
# Makefile.coq:254: recipe for target &#39;all&#39; failed
# Makefile:24: recipe for target &#39;all&#39; failed
# make: Leaving directory &#39;/home/bench/.opam/system/build/coq-mathcomp-ssreflect.1.6.1/mathcomp/ssreflect&#39;
### stderr ###
# [...]
# [notation-overridden,parsing]
# File &quot;./seq.v&quot;, line 168, characters 0-45:
# Warning: Arguments Scope is deprecated; use Arguments instead
# [deprecated-arguments-scope,deprecated]
# File &quot;./seq.v&quot;, line 707, characters 0-62:
# Error: Cannot apply lemma leq_trans
# 
# make[2]: *** [seq.vo] Error 1
# make[1]: *** [all] Error 2
# make: *** [all] Error 2
=-=- Error report -=-=-=-=-=-=-=-=-=-=-=-=-=-=-=-=-=-=-=-=-=-=-=-=-=-=-=-=-=-=-=
The following actions failed
  - install coq-mathcomp-ssreflect 1.6.1
No changes have been performed
&#39;opam install -j1 -y -v coq-mathcomp-ssreflect.1.6.1&#39; failed.
</pre></dd>
            </dl>
            <h2>Installation size</h2>
            <p>No files were installed.</p>
            <h2>Uninstall</h2>
            <dl class="dl-horizontal">
              <dt>Command</dt>
              <dd><code>true</code></dd>
              <dt>Return code</dt>
              <dd>0</dd>
              <dt>Missing removes</dt>
              <dd>
                none
              </dd>
              <dt>Wrong removes</dt>
              <dd>
                none
              </dd>
            </dl>
          </div>
        </div>
      </div>
      <hr/>
      <div class="footer">
        <p class="text-center">
          <small>Sources are on <a href="https://github.com/coq-bench">GitHub</a>. © Guillaume Claret.</small>
        </p>
      </div>
    </div>
    <script src="https://ajax.googleapis.com/ajax/libs/jquery/1.11.1/jquery.min.js"></script>
    <script src="../../../../../bootstrap.min.js"></script>
  </body>
</html>
