<!DOCTYPE html>
<html lang="en">
  <head>
    <meta charset="utf-8">
    <meta name="viewport" content="width=device-width, initial-scale=1">
    <title>Coq bench</title>
    <link rel="shortcut icon" type="image/png" href="../../../../../favicon.png" />
    <link href="../../../../../bootstrap.min.css" rel="stylesheet">
    <link href="//maxcdn.bootstrapcdn.com/font-awesome/4.2.0/css/font-awesome.min.css" rel="stylesheet">
    <script src="../../../../../moment.min.js"></script>
    <!-- HTML5 Shim and Respond.js IE8 support of HTML5 elements and media queries -->
    <!-- WARNING: Respond.js doesn't work if you view the page via file:// -->
    <!--[if lt IE 9]>
      <script src="https://oss.maxcdn.com/html5shiv/3.7.2/html5shiv.min.js"></script>
      <script src="https://oss.maxcdn.com/respond/1.4.2/respond.min.js"></script>
    <![endif]-->
  </head>
  <body>
    <div class="container">
      <div class="navbar navbar-default" role="navigation">
        <div class="container-fluid">
          <div class="navbar-header">
            <a class="navbar-brand" href="../../../../.."><i class="fa fa-lg fa-flag-checkered"></i> Coq bench</a>
          </div>
          <div id="navbar" class="collapse navbar-collapse">
            <ul class="nav navbar-nav">
              <li><a href="../..">clean / released</a></li>
              <li class="active"><a href="">8.7.dev / paramcoq - 1.0.5</a></li>
            </ul>
          </div>
        </div>
      </div>
      <div class="article">
        <div class="row">
          <div class="col-md-12">
            <a href="../..">« Up</a>
            <h1>
              paramcoq
              <small>
                1.0.5
                <span class="label label-danger">Error</span>
              </small>
            </h1>
            <p><em><script>document.write(moment("2018-05-21 05:55:55 +0000", "YYYY-MM-DD HH:mm:ss Z").fromNow());</script> (2018-05-21 05:55:55 UTC)</em><p>
            <h2>Context</h2>
            <pre># Installed packages for system:
base-bigarray     base  Bigarray library distributed with the OCaml compiler
base-num          base  Num library distributed with the OCaml compiler
base-threads      base  Threads library distributed with the OCaml compiler
base-unix         base  Unix library distributed with the OCaml compiler
camlp5            7.05  Preprocessor-pretty-printer of OCaml
conf-m4              1  Virtual package relying on m4
coq            8.7.dev  Formal proof management system.
num                  0  The Num library for arbitrary-precision integer and rati
ocamlfind        1.8.0  A library manager for OCaml
</pre>
            <h2>Lint</h2>
            <dl class="dl-horizontal">
              <dt>Command</dt>
              <dd><code>ruby lint.rb released opam-coq-archive/released/packages/coq-paramcoq/coq-paramcoq.1.0.5</code></dd>
              <dt>Return code</dt>
              <dd>0</dd>
            </dl>
            <h2>Dry install</h2>
            <p>Dry install with the current Coq version:</p>
            <dl class="dl-horizontal">
              <dt>Command</dt>
              <dd><code>opam install -y --show-action coq-paramcoq.1.0.5 coq.8.7.dev</code></dd>
              <dt>Return code</dt>
              <dd>0</dd>
            </dl>
            <p>Dry install without Coq, to test if the problem was incompatibility with the current Coq version:</p>
            <dl class="dl-horizontal">
              <dt>Command</dt>
              <dd><code>true</code></dd>
              <dt>Return code</dt>
              <dd>0</dd>
            </dl>
            <h2>Install dependencies</h2>
            <dl class="dl-horizontal">
              <dt>Command</dt>
              <dd><code>opam list; ulimit -Sv 4000000; timeout 30m opam install -y --deps-only coq-paramcoq.1.0.5</code></dd>
              <dt>Return code</dt>
              <dd>0</dd>
              <dt>Duration</dt>
              <dd>46 s</dd>
            </dl>
            <h2>Install</h2>
            <dl class="dl-horizontal">
              <dt>Command</dt>
              <dd><code>opam list; ulimit -Sv 4000000; timeout 30m opam install -j1 -y -v coq-paramcoq.1.0.5</code></dd>
              <dt>Return code</dt>
              <dd>1024</dd>
              <dt>Duration</dt>
              <dd>49 s</dd>
              <dt>Output</dt>
              <dd><pre># Installed packages for system:
base-bigarray     base  Bigarray library distributed with the OCaml compiler
base-num          base  Num library distributed with the OCaml compiler
base-threads      base  Threads library distributed with the OCaml compiler
base-unix         base  Unix library distributed with the OCaml compiler
camlp5            7.05  Preprocessor-pretty-printer of OCaml
conf-m4              1  Virtual package relying on m4
coq            8.7.dev  Formal proof management system.
num                  0  The Num library for arbitrary-precision integer and rati
ocamlfind        1.8.0  A library manager for OCaml
The following actions will be performed:
  - install coq-paramcoq 1.0.5
=-=- Gathering sources =-=-=-=-=-=-=-=-=-=-=-=-=-=-=-=-=-=-=-=-=-=-=-=-=-=-=-=-=
[coq-paramcoq: http] Command started
[coq-paramcoq: http] Command started
[coq-paramcoq.1.0.5] https://github.com/aa755/paramcoq/archive/v1.0.5.tar.gz downloaded
=-=- Processing actions -=-=-=-=-=-=-=-=-=-=-=-=-=-=-=-=-=-=-=-=-=-=-=-=-=-=-=-=
[coq-paramcoq: make] Command started
+ make &quot;-j1&quot; (CWD=/home/bench/.opam/system/build/coq-paramcoq.1.0.5)
- coq_makefile -f Make.cfg -o Makefile.coq
- make -f Makefile.coq
- make[1]: Entering directory &#39;/home/bench/.opam/system/build/coq-paramcoq.1.0.5&#39;
- COQDEP src/paramcoq.mlpack
- CAMLDEP src/declare_translation.ml
- CAMLDEP src/relations.ml
- CAMLDEP src/parametricity.ml
- CAMLDEP src/debug.ml
- CAMLDEP src/paramcoq_mod.ml
- CAMLDEP -pp src/abstraction.ml4
- CAMLOPT -c -for-pack Paramcoq src/debug.ml
- CAMLOPT -c -for-pack Paramcoq src/relations.ml
- CAMLOPT -c -for-pack Paramcoq src/parametricity.ml
- File &quot;src/declare_translation.ml&quot;, line 322, characters 38-40:
- Warning 14: illegal backslash escape in string.
- File &quot;src/debug.ml&quot;, line 147, characters 3-7:
- Warning 40: Sort was selected from type Constr.kind_of_term.
- It is not visible in the current scope, and will not 
- be selected if the type becomes unknown.
- File &quot;src/debug.ml&quot;, line 16, characters 0-16:
- Warning 33: unused open Ltac_plugin.
- File &quot;src/debug.ml&quot;, line 18, characters 0-9:
- Warning 33: unused open Vars.
- File &quot;src/debug.ml&quot;, line 19, characters 0-12:
- Warning 33: unused open Environ.
- File &quot;src/debug.ml&quot;, line 20, characters 0-12:
- Warning 33: unused open Context.
- File &quot;src/relations.ml&quot;, line 19, characters 0-9:
- Warning 33: unused open Term.
- File &quot;src/parametricity.ml&quot;, line 150, characters 8-13:
- Warning 39: unused rec flag.
- Makefile.coq:593: recipe for target &#39;src/parametricity.cmx&#39; failed
- Makefile.coq:318: recipe for target &#39;all&#39; failed
- make[1]: Leaving directory &#39;/home/bench/.opam/system/build/coq-paramcoq.1.0.5&#39;
- Makefile:4: recipe for target &#39;coq&#39; failed
- File &quot;src/parametricity.ml&quot;, line 610, characters 37-42:
- Error: This expression has type Constr.t array
-        but an expression was expected of type EConstr.t array
-        Type Constr.t is not compatible with type EConstr.t 
- make[2]: *** [src/parametricity.cmx] Error 2
- make[1]: *** [all] Error 2
- make: *** [coq] Error 2
[ERROR] The compilation of coq-paramcoq failed at &quot;make -j1&quot;.
[coq-paramcoq: rm] Command started
+ rm &quot;-R&quot; &quot;/home/bench/.opam/system/lib/coq/user-contrib/paramcoq&quot; (CWD=/home/bench/.opam/system/build/coq-paramcoq.1.0.5)
- rm: cannot remove &#39;/home/bench/.opam/system/lib/coq/user-contrib/paramcoq&#39;: No such file or directory
#=== ERROR while installing coq-paramcoq.1.0.5 ================================#
# opam-version         1.2.2
# os                   linux
# command              make -j1
# path                 /home/bench/.opam/system/build/coq-paramcoq.1.0.5
# compiler             system (4.05.0)
# exit-code            2
# env-file             /home/bench/.opam/system/build/coq-paramcoq.1.0.5/coq-paramcoq-17322-e7966f.env
# stdout-file          /home/bench/.opam/system/build/coq-paramcoq.1.0.5/coq-paramcoq-17322-e7966f.out
# stderr-file          /home/bench/.opam/system/build/coq-paramcoq.1.0.5/coq-paramcoq-17322-e7966f.err
### stdout ###
# [...]
# CAMLDEP src/debug.ml
# CAMLDEP src/paramcoq_mod.ml
# CAMLDEP -pp src/abstraction.ml4
# CAMLOPT -c -for-pack Paramcoq src/debug.ml
# CAMLOPT -c -for-pack Paramcoq src/relations.ml
# CAMLOPT -c -for-pack Paramcoq src/parametricity.ml
# Makefile.coq:593: recipe for target &#39;src/parametricity.cmx&#39; failed
# Makefile.coq:318: recipe for target &#39;all&#39; failed
# make[1]: Leaving directory &#39;/home/bench/.opam/system/build/coq-paramcoq.1.0.5&#39;
# Makefile:4: recipe for target &#39;coq&#39; failed
### stderr ###
# [...]
# Warning 33: unused open Term.
# File &quot;src/parametricity.ml&quot;, line 150, characters 8-13:
# Warning 39: unused rec flag.
# File &quot;src/parametricity.ml&quot;, line 610, characters 37-42:
# Error: This expression has type Constr.t array
#        but an expression was expected of type EConstr.t array
#        Type Constr.t is not compatible with type EConstr.t 
# make[2]: *** [src/parametricity.cmx] Error 2
# make[1]: *** [all] Error 2
# make: *** [coq] Error 2
=-=- Error report -=-=-=-=-=-=-=-=-=-=-=-=-=-=-=-=-=-=-=-=-=-=-=-=-=-=-=-=-=-=-=
The following actions failed
  - install coq-paramcoq 1.0.5
No changes have been performed
&#39;opam install -j1 -y -v coq-paramcoq.1.0.5&#39; failed.
</pre></dd>
            </dl>
            <h2>Installation size</h2>
            <p>No files were installed.</p>
            <h2>Uninstall</h2>
            <dl class="dl-horizontal">
              <dt>Command</dt>
              <dd><code>true</code></dd>
              <dt>Return code</dt>
              <dd>0</dd>
              <dt>Missing removes</dt>
              <dd>
                none
              </dd>
              <dt>Wrong removes</dt>
              <dd>
                none
              </dd>
            </dl>
          </div>
        </div>
      </div>
      <hr/>
      <div class="footer">
        <p class="text-center">
          <small>Sources are on <a href="https://github.com/coq-bench">GitHub</a>. © Guillaume Claret.</small>
        </p>
      </div>
    </div>
    <script src="https://ajax.googleapis.com/ajax/libs/jquery/1.11.1/jquery.min.js"></script>
    <script src="../../../../../bootstrap.min.js"></script>
  </body>
</html>
