<!DOCTYPE html>
<html lang="en">
  <head>
    <meta charset="utf-8">
    <meta name="viewport" content="width=device-width, initial-scale=1">
    <title>Coq bench</title>
    <link rel="shortcut icon" type="image/png" href="../../../../../favicon.png" />
    <link href="../../../../../bootstrap.min.css" rel="stylesheet">
    <link href="//maxcdn.bootstrapcdn.com/font-awesome/4.2.0/css/font-awesome.min.css" rel="stylesheet">
    <script src="../../../../../moment.min.js"></script>
    <!-- HTML5 Shim and Respond.js IE8 support of HTML5 elements and media queries -->
    <!-- WARNING: Respond.js doesn't work if you view the page via file:// -->
    <!--[if lt IE 9]>
      <script src="https://oss.maxcdn.com/html5shiv/3.7.2/html5shiv.min.js"></script>
      <script src="https://oss.maxcdn.com/respond/1.4.2/respond.min.js"></script>
    <![endif]-->
  </head>
  <body>
    <div class="container">
      <div class="navbar navbar-default" role="navigation">
        <div class="container-fluid">
          <div class="navbar-header">
            <button type="button" class="navbar-toggle collapsed" data-toggle="collapse" data-target="#navbar" aria-expanded="false" aria-controls="navbar">
              <span class="sr-only">Toggle navigation</span>
              <span class="icon-bar"></span>
              <span class="icon-bar"></span>
              <span class="icon-bar"></span>
            </button>
            <a class="navbar-brand" href="../../../../.."><i class="fa fa-lg fa-flag-checkered"></i> Coq bench</a>
          </div>
          <div id="navbar" class="collapse navbar-collapse">
            <ul class="nav navbar-nav">
              <li><a href="../..">clean / unstable</a></li>
              <li class="active"><a href="">dev / io:checker - dev</a></li>
            </ul>
          </div>
        </div>
      </div>
      <div class="article">
        <div class="row">
          <div class="col-md-12">
            <a href="../..">« Up</a>
            <h1>
              io:checker
              <small>
                dev
                <span class="label label-danger">Error</span>
              </small>
            </h1>
            <p><em><script>document.write(moment("2015-06-21 09:07:10 +0000", "YYYY-MM-DD HH:mm:ss Z").fromNow());</script> (2015-06-21 09:07:10 UTC)</em><p>
            <h2>Context</h2>
            <pre># Installed packages for system:
base-bigarray  base  Bigarray library distributed with the OCaml compiler
base-threads   base  Threads library distributed with the OCaml compiler
base-unix      base  Unix library distributed with the OCaml compiler
camlp5         6.13  Preprocessor-pretty-printer of OCaml
coq             dev  Formal proof management system.
</pre>
            <h2>Lint</h2>
            <dl class="dl-horizontal">
              <dt>Command</dt>
              <dd><code>ruby lint.rb unstable ../unstable/packages/coq:io:checker/coq:io:checker.dev</code></dd>
              <dt>Return code</dt>
              <dd>0</dd>
            </dl>
            <h2>Dry install</h2>
            <p>Dry install with the current Coq version:</p>
            <dl class="dl-horizontal">
              <dt>Command</dt>
              <dd><code>opam install -y --show-action coq:io:checker.dev coq.dev</code></dd>
              <dt>Return code</dt>
              <dd>0</dd>
            </dl>
            <p>Dry install without Coq, to test if the problem was incompatibility with the current Coq version:</p>
            <dl class="dl-horizontal">
              <dt>Command</dt>
              <dd><code>true</code></dd>
              <dt>Return code</dt>
              <dd>0</dd>
            </dl>
            <h2>Install dependencies</h2>
            <dl class="dl-horizontal">
              <dt>Command</dt>
              <dd><code>opam list; ulimit -Sv 1000000; timeout 5m opam install -y --deps-only coq:io:checker.dev</code></dd>
              <dt>Return code</dt>
              <dd>0</dd>
              <dt>Duration</dt>
              <dd>37 s</dd>
            </dl>
            <h2>Install</h2>
            <dl class="dl-horizontal">
              <dt>Command</dt>
              <dd><code>opam list; ulimit -Sv 4000000; timeout 120m opam install -y -v coq:io:checker.dev</code></dd>
              <dt>Return code</dt>
              <dd>1024</dd>
              <dt>Duration</dt>
              <dd>4 s</dd>
              <dt>Output</dt>
              <dd><pre># Installed packages for system:
base-bigarray          base  Bigarray library distributed with the OCaml compile
base-threads           base  Threads library distributed with the OCaml compiler
base-unix              base  Unix library distributed with the OCaml compiler
camlp5                 6.13  Preprocessor-pretty-printer of OCaml
coq                     dev  Formal proof management system.
coq:error-handlers      dev  Simple and robust error handling functions.
coq:function-ninjas     dev  Write readable code using simple functional combina
coq:io                  dev  A library for effects in Coq.
coq:io:system           dev  System effects for Coq.
coq:io:system:ocaml     dev  Coq system effects for extraction to OCaml.
coq:list-plus           dev  More functions on lists.
coq:list-string         dev  Strings implemented as lists.
lwt                   2.4.8  A cooperative threads library for OCaml
ocamlfind             1.5.5  A library manager for OCaml
ppx_tools            0.99.2  Tools for authors of ppx rewriters and other syntac
The following actions will be performed:
  - install coq:io:checker dev
=-=- Gathering sources =-=-=-=-=-=-=-=-=-=-=-=-=-=-=-=-=-=-=-=-=-=-=-=-=-=-=-=-=
[coq:io:checker: git] Command started
[coq:io:checker: git] Command started
[coq:io:checker: git] Command started
[coq:io:checker: git] Command started
[coq:io:checker: git] Command started
[coq:io:checker: git] Command started
[coq:io:checker] https://github.com/clarus/io-checker updated
=-=- Processing actions -=-=-=-=-=-=-=-=-=-=-=-=-=-=-=-=-=-=-=-=-=-=-=-=-=-=-=-=
[coq:io:checker: ./configure.sh] Command started
+ ./configure.sh  (CWD=/home/bench/.opam/system/build/coq:io:checker.dev)
[coq:io:checker: make] Command started
+ make &quot;-j4&quot; (CWD=/home/bench/.opam/system/build/coq:io:checker.dev)
- &quot;coqdep&quot; -c -R &quot;src&quot; Io.Checker &quot;src/Choose.v&quot; &gt; &quot;src/Choose.v.d&quot; || ( RV=$?; rm -f &quot;src/Choose.v.d&quot;; exit ${RV} )
- &quot;coqdep&quot; -c -R &quot;src&quot; Io.Checker &quot;src/Compile.v&quot; &gt; &quot;src/Compile.v.d&quot; || ( RV=$?; rm -f &quot;src/Compile.v.d&quot;; exit ${RV} )
- &quot;coqdep&quot; -c -R &quot;src&quot; Io.Checker &quot;src/DeadLockFree.v&quot; &gt; &quot;src/DeadLockFree.v.d&quot; || ( RV=$?; rm -f &quot;src/DeadLockFree.v.d&quot;; exit ${RV} )
- &quot;coqdep&quot; -c -R &quot;src&quot; Io.Checker &quot;src/Decide.v&quot; &gt; &quot;src/Decide.v.d&quot; || ( RV=$?; rm -f &quot;src/Decide.v.d&quot;; exit ${RV} )
- &quot;coqdep&quot; -c -R &quot;src&quot; Io.Checker &quot;src/Model.v&quot; &gt; &quot;src/Model.v.d&quot; || ( RV=$?; rm -f &quot;src/Model.v.d&quot;; exit ${RV} )
- &quot;coqdep&quot; -c -R &quot;src&quot; Io.Checker &quot;src/NoDeps.v&quot; &gt; &quot;src/NoDeps.v.d&quot; || ( RV=$?; rm -f &quot;src/NoDeps.v.d&quot;; exit ${RV} )
- &quot;coqdep&quot; -c -R &quot;src&quot; Io.Checker &quot;src/Semantics.v&quot; &gt; &quot;src/Semantics.v.d&quot; || ( RV=$?; rm -f &quot;src/Semantics.v.d&quot;; exit ${RV} )
- &quot;coqdep&quot; -c -R &quot;src&quot; Io.Checker &quot;src/Bisimulation/ToC.v&quot; &gt; &quot;src/Bisimulation/ToC.v.d&quot; || ( RV=$?; rm -f &quot;src/Bisimulation/ToC.v.d&quot;; exit ${RV} )
- &quot;coqdep&quot; -c -R &quot;src&quot; Io.Checker &quot;src/Bisimulation/ToChoose.v&quot; &gt; &quot;src/Bisimulation/ToChoose.v.d&quot; || ( RV=$?; rm -f &quot;src/Bisimulation/ToChoose.v.d&quot;; exit ${RV} )
- &quot;coqdep&quot; -c -R &quot;src&quot; Io.Checker &quot;src/Bisimulation/Equiv.v&quot; &gt; &quot;src/Bisimulation/Equiv.v.d&quot; || ( RV=$?; rm -f &quot;src/Bisimulation/Equiv.v.d&quot;; exit ${RV} )
- &quot;coqdep&quot; -c -R &quot;src&quot; Io.Checker &quot;src/Examples/Alcool.v&quot; &gt; &quot;src/Examples/Alcool.v.d&quot; || ( RV=$?; rm -f &quot;src/Examples/Alcool.v.d&quot;; exit ${RV} )
- &quot;coqdep&quot; -c -R &quot;src&quot; Io.Checker &quot;src/Examples/Lock.v&quot; &gt; &quot;src/Examples/Lock.v.d&quot; || ( RV=$?; rm -f &quot;src/Examples/Lock.v.d&quot;; exit ${RV} )
- &quot;coqdep&quot; -c -R &quot;src&quot; Io.Checker &quot;src/Examples/Locks.v&quot; &gt; &quot;src/Examples/Locks.v.d&quot; || ( RV=$?; rm -f &quot;src/Examples/Locks.v.d&quot;; exit ${RV} )
- &quot;coqdep&quot; -c -R &quot;src&quot; Io.Checker &quot;src/Examples/Message.v&quot; &gt; &quot;src/Examples/Message.v.d&quot; || ( RV=$?; rm -f &quot;src/Examples/Message.v.d&quot;; exit ${RV} )
- &quot;coqdep&quot; -c -R &quot;src&quot; Io.Checker &quot;src/Examples/Philosophers.v&quot; &gt; &quot;src/Examples/Philosophers.v.d&quot; || ( RV=$?; rm -f &quot;src/Examples/Philosophers.v.d&quot;; exit ${RV} )
- &quot;coqdep&quot; -c -R &quot;src&quot; Io.Checker &quot;src/Examples/Semaphore.v&quot; &gt; &quot;src/Examples/Semaphore.v.d&quot; || ( RV=$?; rm -f &quot;src/Examples/Semaphore.v.d&quot;; exit ${RV} )
- &quot;coqc&quot;  -q  -R &quot;src&quot; Io.Checker   src/Model
- &quot;coqc&quot;  -q  -R &quot;src&quot; Io.Checker   src/Choose
- &quot;coqc&quot;  -q  -R &quot;src&quot; Io.Checker   src/NoDeps
- &quot;coqc&quot;  -q  -R &quot;src&quot; Io.Checker   src/Semantics
- &quot;coqc&quot;  -q  -R &quot;src&quot; Io.Checker   src/DeadLockFree
- &quot;coqc&quot;  -q  -R &quot;src&quot; Io.Checker   src/Compile
- Makefile:259: recipe for target &#39;src/Compile.vo&#39; failed
- File &quot;./src/Compile.v&quot;, line 5, characters 0-353:
- Error: Illegal application: 
- The term &quot;Choose.t&quot; of type &quot;Effect.t -&gt; Type -&gt; Type&quot;
- cannot be applied to the terms
-  &quot;E&quot; : &quot;Effect.t&quot;
-  &quot;T&quot; : &quot;Type&quot;
- The 2nd term has type &quot;Type@{Io.C.1}&quot; which should be coercible to
-  &quot;Type@{Io.Checker.Choose.1}&quot;.
- make: *** [src/Compile.vo] Error 1
- make: *** Waiting for unfinished jobs....
[ERROR] The compilation of coq:io:checker failed at &quot;make -j4&quot;.
#=== ERROR while installing coq:io:checker.dev ================================#
# opam-version         1.2.2
# os                   linux
# command              make -j4
# path                 /home/bench/.opam/system/build/coq:io:checker.dev
# compiler             system (4.02.1)
# exit-code            2
# env-file             /home/bench/.opam/system/build/coq:io:checker.dev/coq:io:checker-22171-d2d111.env
# stdout-file          /home/bench/.opam/system/build/coq:io:checker.dev/coq:io:checker-22171-d2d111.out
# stderr-file          /home/bench/.opam/system/build/coq:io:checker.dev/coq:io:checker-22171-d2d111.err
### stdout ###
# [...]
# &quot;coqdep&quot; -c -R &quot;src&quot; Io.Checker &quot;src/Examples/Message.v&quot; &gt; &quot;src/Examples/Message.v.d&quot; || ( RV=$?; rm -f &quot;src/Examples/Message.v.d&quot;; exit ${RV} )
# &quot;coqdep&quot; -c -R &quot;src&quot; Io.Checker &quot;src/Examples/Philosophers.v&quot; &gt; &quot;src/Examples/Philosophers.v.d&quot; || ( RV=$?; rm -f &quot;src/Examples/Philosophers.v.d&quot;; exit ${RV} )
# &quot;coqdep&quot; -c -R &quot;src&quot; Io.Checker &quot;src/Examples/Semaphore.v&quot; &gt; &quot;src/Examples/Semaphore.v.d&quot; || ( RV=$?; rm -f &quot;src/Examples/Semaphore.v.d&quot;; exit ${RV} )
# &quot;coqc&quot;  -q  -R &quot;src&quot; Io.Checker   src/Model
# &quot;coqc&quot;  -q  -R &quot;src&quot; Io.Checker   src/Choose
# &quot;coqc&quot;  -q  -R &quot;src&quot; Io.Checker   src/NoDeps
# &quot;coqc&quot;  -q  -R &quot;src&quot; Io.Checker   src/Semantics
# &quot;coqc&quot;  -q  -R &quot;src&quot; Io.Checker   src/DeadLockFree
# &quot;coqc&quot;  -q  -R &quot;src&quot; Io.Checker   src/Compile
# Makefile:259: recipe for target &#39;src/Compile.vo&#39; failed
### stderr ###
# [...]
# File &quot;./src/Compile.v&quot;, line 5, characters 0-353:
# Error: Illegal application: 
# The term &quot;Choose.t&quot; of type &quot;Effect.t -&gt; Type -&gt; Type&quot;
# cannot be applied to the terms
#  &quot;E&quot; : &quot;Effect.t&quot;
#  &quot;T&quot; : &quot;Type&quot;
# The 2nd term has type &quot;Type@{Io.C.1}&quot; which should be coercible to
#  &quot;Type@{Io.Checker.Choose.1}&quot;.
# make: *** [src/Compile.vo] Error 1
# make: *** Waiting for unfinished jobs....
=-=- Error report -=-=-=-=-=-=-=-=-=-=-=-=-=-=-=-=-=-=-=-=-=-=-=-=-=-=-=-=-=-=-=
The following actions failed
  - install coq:io:checker dev
No changes have been performed
&#39;opam install -y -v coq:io:checker.dev&#39; failed.
</pre></dd>
            </dl>
            <h2>Installation size</h2>
            <p>No files were installed.</p>
            <h2>Uninstall</h2>
            <dl class="dl-horizontal">
              <dt>Command</dt>
              <dd><code>true</code></dd>
              <dt>Return code</dt>
              <dd>0</dd>
              <dt>Missing removes</dt>
              <dd>
                none
              </dd>
              <dt>Wrong removes</dt>
              <dd>
                none
              </dd>
            </dl>
          </div>
        </div>
      </div>
      <hr/>
      <div class="footer">
        <p class="text-center">
          <small>Sources are on <a href="https://github.com/coq-bench">GitHub</a>. © Guillaume Claret.</small>
        </p>
      </div>
    </div>
    <script src="https://ajax.googleapis.com/ajax/libs/jquery/1.11.1/jquery.min.js"></script>
    <script src="../../../../../bootstrap.min.js"></script>
  </body>
</html>
